------------------------------------------------------------------------------------------------------------------------

[2024-04-30 08:35:32 #1 store] 
Database 'C:\Users\ik_1DW3A\eclipse-workspace\reto3\db\usuarios.odb' is opened by 7236@HZ399404

[2024-04-30 08:35:32 #2 store] 
Configuration path: ?

[2024-04-30 08:35:32 #3 type] 
Type definicion.Usuario is not enhanced.

[2024-04-30 08:35:33 #4 store] 
Database 'C:\Users\ik_1DW3A\eclipse-workspace\reto3\db\usuarios.odb' is closed by 7236@HZ399404

------------------------------------------------------------------------------------------------------------------------

[2024-04-30 08:46:44 #1 store] 
Database 'C:\Users\ik_1DW3A\eclipse-workspace\reto3\db\usuarios.odb' is opened by 9108@HZ399404

[2024-04-30 08:46:44 #2 store] 
Configuration path: ?

[2024-04-30 08:46:44 #3 type] 
Type definicion.Usuario is not enhanced.

[2024-04-30 08:46:44 #4 store] 
Database 'C:\Users\ik_1DW3A\eclipse-workspace\reto3\db\usuarios.odb' is closed by 9108@HZ399404

[2024-04-30 08:46:44 #5 store] 
Database 'C:\Users\ik_1DW3A\eclipse-workspace\reto3\db\usuarios.odb' is opened by 9108@HZ399404

[2024-04-30 08:46:44 #6 store] 
Configuration path: ?

[2024-04-30 08:46:44 #7 store] 
Database 'C:\Users\ik_1DW3A\eclipse-workspace\reto3\db\usuarios.odb' is closed by 9108@HZ399404

[2024-04-30 08:46:47 #8 store] 
Database 'C:\Users\ik_1DW3A\eclipse-workspace\reto3\db\usuarios.odb' is opened by 9108@HZ399404

[2024-04-30 08:46:47 #9 store] 
Configuration path: ?

[2024-04-30 08:46:47 #10 store] 
Database 'C:\Users\ik_1DW3A\eclipse-workspace\reto3\db\usuarios.odb' is closed by 9108@HZ399404

[2024-04-30 08:46:50 #11 store] 
Database 'C:\Users\ik_1DW3A\eclipse-workspace\reto3\db\usuarios.odb' is opened by 9108@HZ399404

[2024-04-30 08:46:50 #12 store] 
Configuration path: ?

[2024-04-30 08:46:50 #13 store] 
Database 'C:\Users\ik_1DW3A\eclipse-workspace\reto3\db\usuarios.odb' is closed by 9108@HZ399404

[2024-04-30 08:47:50 #14 store] 
Database 'C:\Users\ik_1DW3A\eclipse-workspace\reto3\db\usuarios.odb' is opened by 9108@HZ399404

[2024-04-30 08:47:50 #15 store] 
Configuration path: ?

[2024-04-30 08:47:50 #16 store] 
Database 'C:\Users\ik_1DW3A\eclipse-workspace\reto3\db\usuarios.odb' is closed by 9108@HZ399404

------------------------------------------------------------------------------------------------------------------------

[2024-04-30 08:47:54 #1 store] 
Database 'C:\Users\ik_1DW3A\eclipse-workspace\reto3\db\usuarios.odb' is opened by 4116@HZ399404

[2024-04-30 08:47:54 #2 store] 
Configuration path: ?

[2024-04-30 08:47:54 #3 type] 
Type definicion.Usuario is not enhanced.

[2024-04-30 08:47:54 #4 store] 
Database 'C:\Users\ik_1DW3A\eclipse-workspace\reto3\db\usuarios.odb' is closed by 4116@HZ399404

[2024-04-30 08:47:54 #5 store] 
Database 'C:\Users\ik_1DW3A\eclipse-workspace\reto3\db\usuarios.odb' is opened by 4116@HZ399404

[2024-04-30 08:47:54 #6 store] 
Configuration path: ?

[2024-04-30 08:47:54 #7 store] 
Database 'C:\Users\ik_1DW3A\eclipse-workspace\reto3\db\usuarios.odb' is closed by 4116@HZ399404

[2024-04-30 08:47:58 #8 store] 
Database 'C:\Users\ik_1DW3A\eclipse-workspace\reto3\db\usuarios.odb' is opened by 4116@HZ399404

[2024-04-30 08:47:58 #9 store] 
Configuration path: ?

[2024-04-30 08:47:58 #10 store] 
Database 'C:\Users\ik_1DW3A\eclipse-workspace\reto3\db\usuarios.odb' is closed by 4116@HZ399404

[2024-04-30 08:47:59 #11 store] 
Database 'C:\Users\ik_1DW3A\eclipse-workspace\reto3\db\usuarios.odb' is opened by 4116@HZ399404

[2024-04-30 08:47:59 #12 store] 
Configuration path: ?

[2024-04-30 08:47:59 #13 store] 
Database 'C:\Users\ik_1DW3A\eclipse-workspace\reto3\db\usuarios.odb' is closed by 4116@HZ399404

[2024-04-30 08:48:36 #14 store] 
Database 'C:\Users\ik_1DW3A\eclipse-workspace\reto3\db\usuarios.odb' is opened by 4116@HZ399404

[2024-04-30 08:48:36 #15 store] 
Configuration path: ?

[2024-04-30 08:48:36 #16 store] 
Database 'C:\Users\ik_1DW3A\eclipse-workspace\reto3\db\usuarios.odb' is closed by 4116@HZ399404

------------------------------------------------------------------------------------------------------------------------

[2024-04-30 08:50:42 #1 store] 
Database 'C:\Users\ik_1DW3A\eclipse-workspace\reto3\db\usuarios.odb' is opened by 4304@HZ399404

[2024-04-30 08:50:42 #2 store] 
Configuration path: ?

[2024-04-30 08:50:42 #3 type] 
Type definicion.Usuario is not enhanced.

[2024-04-30 08:50:42 #4 store] 
Database 'C:\Users\ik_1DW3A\eclipse-workspace\reto3\db\usuarios.odb' is closed by 4304@HZ399404

[2024-04-30 08:50:42 #5 store] 
Database 'C:\Users\ik_1DW3A\eclipse-workspace\reto3\db\usuarios.odb' is opened by 4304@HZ399404

[2024-04-30 08:50:42 #6 store] 
Configuration path: ?

[2024-04-30 08:50:42 #7 store] 
Database 'C:\Users\ik_1DW3A\eclipse-workspace\reto3\db\usuarios.odb' is closed by 4304@HZ399404

[2024-04-30 08:50:46 #8 store] 
Database 'C:\Users\ik_1DW3A\eclipse-workspace\reto3\db\usuarios.odb' is opened by 4304@HZ399404

[2024-04-30 08:50:46 #9 store] 
Configuration path: ?

[2024-04-30 08:50:46 #10 store] 
Database 'C:\Users\ik_1DW3A\eclipse-workspace\reto3\db\usuarios.odb' is closed by 4304@HZ399404

[2024-04-30 08:52:05 #11 store] 
Database 'C:\Users\ik_1DW3A\eclipse-workspace\reto3\db\usuarios.odb' is opened by 4304@HZ399404

[2024-04-30 08:52:05 #12 store] 
Configuration path: ?

[2024-04-30 08:52:05 #13 store] 
Database 'C:\Users\ik_1DW3A\eclipse-workspace\reto3\db\usuarios.odb' is closed by 4304@HZ399404

[2024-04-30 08:53:05 #14 store] 
Database 'C:\Users\ik_1DW3A\eclipse-workspace\reto3\db\usuarios.odb' is opened by 4304@HZ399404

[2024-04-30 08:53:05 #15 store] 
Configuration path: ?

[2024-04-30 08:53:05 #16 store] 
Database 'C:\Users\ik_1DW3A\eclipse-workspace\reto3\db\usuarios.odb' is closed by 4304@HZ399404

[2024-04-30 08:53:35 #17 store] 
Database 'C:\Users\ik_1DW3A\eclipse-workspace\reto3\db\usuarios.odb' is opened by 4304@HZ399404

[2024-04-30 08:53:35 #18 store] 
Configuration path: ?

[2024-04-30 08:53:35 #19 store] 
Database 'C:\Users\ik_1DW3A\eclipse-workspace\reto3\db\usuarios.odb' is closed by 4304@HZ399404

[2024-04-30 08:54:28 #20 store] 
Database 'C:\Users\ik_1DW3A\eclipse-workspace\reto3\db\usuarios.odb' is opened by 4304@HZ399404

[2024-04-30 08:54:28 #21 store] 
Configuration path: ?

[2024-04-30 08:54:28 #22 store] 
Database 'C:\Users\ik_1DW3A\eclipse-workspace\reto3\db\usuarios.odb' is closed by 4304@HZ399404

[2024-04-30 08:54:48 #23 store] 
Database 'C:\Users\ik_1DW3A\eclipse-workspace\reto3\db\usuarios.odb' is opened by 4304@HZ399404

[2024-04-30 08:54:48 #24 store] 
Configuration path: ?

[2024-04-30 08:54:48 #25 store] 
Database 'C:\Users\ik_1DW3A\eclipse-workspace\reto3\db\usuarios.odb' is closed by 4304@HZ399404

[2024-04-30 08:57:08 #26 store] 
Database 'C:\Users\ik_1DW3A\eclipse-workspace\reto3\db\usuarios.odb' is opened by 4304@HZ399404

[2024-04-30 08:57:08 #27 store] 
Configuration path: ?

[2024-04-30 08:57:08 #28 store] 
Database 'C:\Users\ik_1DW3A\eclipse-workspace\reto3\db\usuarios.odb' is closed by 4304@HZ399404

[2024-04-30 08:57:16 #29 store] 
Database 'C:\Users\ik_1DW3A\eclipse-workspace\reto3\db\usuarios.odb' is opened by 4304@HZ399404

[2024-04-30 08:57:16 #30 store] 
Configuration path: ?

[2024-04-30 08:57:16 #31 store] 
Database 'C:\Users\ik_1DW3A\eclipse-workspace\reto3\db\usuarios.odb' is closed by 4304@HZ399404

[2024-04-30 08:57:22 #32 store] 
Database 'C:\Users\ik_1DW3A\eclipse-workspace\reto3\db\usuarios.odb' is opened by 4304@HZ399404

[2024-04-30 08:57:22 #33 store] 
Configuration path: ?

[2024-04-30 08:57:22 #34 store] 
Database 'C:\Users\ik_1DW3A\eclipse-workspace\reto3\db\usuarios.odb' is closed by 4304@HZ399404

[2024-04-30 08:57:33 #35 store] 
Database 'C:\Users\ik_1DW3A\eclipse-workspace\reto3\db\usuarios.odb' is opened by 4304@HZ399404

[2024-04-30 08:57:33 #36 store] 
Configuration path: ?

[2024-04-30 08:57:33 #37 store] 
Database 'C:\Users\ik_1DW3A\eclipse-workspace\reto3\db\usuarios.odb' is closed by 4304@HZ399404

[2024-04-30 08:57:42 #38 store] 
Database 'C:\Users\ik_1DW3A\eclipse-workspace\reto3\db\usuarios.odb' is opened by 4304@HZ399404

[2024-04-30 08:57:42 #39 store] 
Configuration path: ?

[2024-04-30 08:57:42 #40 store] 
Database 'C:\Users\ik_1DW3A\eclipse-workspace\reto3\db\usuarios.odb' is closed by 4304@HZ399404

[2024-04-30 08:58:22 #41 store] 
Database 'C:\Users\ik_1DW3A\eclipse-workspace\reto3\db\usuarios.odb' is opened by 4304@HZ399404

[2024-04-30 08:58:22 #42 store] 
Configuration path: ?

[2024-04-30 08:58:22 #43 store] 
Database 'C:\Users\ik_1DW3A\eclipse-workspace\reto3\db\usuarios.odb' is closed by 4304@HZ399404

[2024-04-30 08:58:25 #44 store] 
Database 'C:\Users\ik_1DW3A\eclipse-workspace\reto3\db\usuarios.odb' is opened by 4304@HZ399404

[2024-04-30 08:58:25 #45 store] 
Configuration path: ?

[2024-04-30 08:58:25 #46 store] 
Database 'C:\Users\ik_1DW3A\eclipse-workspace\reto3\db\usuarios.odb' is closed by 4304@HZ399404

[2024-04-30 08:58:28 #47 store] 
Database 'C:\Users\ik_1DW3A\eclipse-workspace\reto3\db\usuarios.odb' is opened by 4304@HZ399404

[2024-04-30 08:58:28 #48 store] 
Configuration path: ?

[2024-04-30 08:58:28 #49 store] 
Database 'C:\Users\ik_1DW3A\eclipse-workspace\reto3\db\usuarios.odb' is closed by 4304@HZ399404

------------------------------------------------------------------------------------------------------------------------

[2024-04-30 09:00:04 #1 store] 
Database 'C:\Users\ik_1DW3A\eclipse-workspace\reto3\db\usuarios.odb' is opened by 6852@HZ399404

[2024-04-30 09:00:04 #2 store] 
Configuration path: ?

[2024-04-30 09:00:04 #3 type] 
Type definicion.Usuario is not enhanced.

[2024-04-30 09:00:05 #4 store] 
Database 'C:\Users\ik_1DW3A\eclipse-workspace\reto3\db\usuarios.odb' is closed by 6852@HZ399404

[2024-04-30 09:00:05 #5 store] 
Database 'C:\Users\ik_1DW3A\eclipse-workspace\reto3\db\usuarios.odb' is opened by 6852@HZ399404

[2024-04-30 09:00:05 #6 store] 
Configuration path: ?

[2024-04-30 09:00:05 #7 store] 
Database 'C:\Users\ik_1DW3A\eclipse-workspace\reto3\db\usuarios.odb' is closed by 6852@HZ399404

[2024-04-30 09:00:08 #8 store] 
Database 'C:\Users\ik_1DW3A\eclipse-workspace\reto3\db\usuarios.odb' is opened by 6852@HZ399404

[2024-04-30 09:00:08 #9 store] 
Configuration path: ?

[2024-04-30 09:00:08 #10 store] 
Database 'C:\Users\ik_1DW3A\eclipse-workspace\reto3\db\usuarios.odb' is closed by 6852@HZ399404

------------------------------------------------------------------------------------------------------------------------

[2024-04-30 09:15:00 #1 store] 
Database 'C:\Users\ik_1DW3A\eclipse-workspace\reto3\db\usuarios.odb' is opened by 5472@HZ399404

[2024-04-30 09:15:00 #2 store] 
Configuration path: ?

[2024-04-30 09:15:00 #3 type] 
Type definicion.Usuario is not enhanced.

[2024-04-30 09:15:00 #4 store] 
Database 'C:\Users\ik_1DW3A\eclipse-workspace\reto3\db\usuarios.odb' is closed by 5472@HZ399404

[2024-04-30 09:15:00 #5 store] 
Database 'C:\Users\ik_1DW3A\eclipse-workspace\reto3\db\usuarios.odb' is opened by 5472@HZ399404

[2024-04-30 09:15:00 #6 store] 
Configuration path: ?

[2024-04-30 09:15:00 #7 store] 
Database 'C:\Users\ik_1DW3A\eclipse-workspace\reto3\db\usuarios.odb' is closed by 5472@HZ399404

[2024-04-30 09:15:03 #8 store] 
Database 'C:\Users\ik_1DW3A\eclipse-workspace\reto3\db\usuarios.odb' is opened by 5472@HZ399404

[2024-04-30 09:15:03 #9 store] 
Configuration path: ?

[2024-04-30 09:15:03 #10 store] 
Database 'C:\Users\ik_1DW3A\eclipse-workspace\reto3\db\usuarios.odb' is closed by 5472@HZ399404

[2024-04-30 09:15:04 #11 store] 
Database 'C:\Users\ik_1DW3A\eclipse-workspace\reto3\db\usuarios.odb' is opened by 5472@HZ399404

[2024-04-30 09:15:04 #12 store] 
Configuration path: ?

[2024-04-30 09:15:04 #13 store] 
Database 'C:\Users\ik_1DW3A\eclipse-workspace\reto3\db\usuarios.odb' is closed by 5472@HZ399404

------------------------------------------------------------------------------------------------------------------------

[2024-04-30 09:15:51 #1 store] 
Database 'C:\Users\ik_1DW3A\eclipse-workspace\reto3\db\usuarios.odb' is opened by 5272@HZ399404

[2024-04-30 09:15:51 #2 store] 
Configuration path: ?

[2024-04-30 09:15:51 #3 type] 
Type definicion.Usuario is not enhanced.

[2024-04-30 09:15:51 #4 store] 
Database 'C:\Users\ik_1DW3A\eclipse-workspace\reto3\db\usuarios.odb' is closed by 5272@HZ399404

[2024-04-30 09:15:51 #5 store] 
Database 'C:\Users\ik_1DW3A\eclipse-workspace\reto3\db\usuarios.odb' is opened by 5272@HZ399404

[2024-04-30 09:15:51 #6 store] 
Configuration path: ?

[2024-04-30 09:15:51 #7 store] 
Database 'C:\Users\ik_1DW3A\eclipse-workspace\reto3\db\usuarios.odb' is closed by 5272@HZ399404

[2024-04-30 09:15:53 #8 store] 
Database 'C:\Users\ik_1DW3A\eclipse-workspace\reto3\db\usuarios.odb' is opened by 5272@HZ399404

[2024-04-30 09:15:53 #9 store] 
Configuration path: ?

[2024-04-30 09:15:53 #10 store] 
Database 'C:\Users\ik_1DW3A\eclipse-workspace\reto3\db\usuarios.odb' is closed by 5272@HZ399404

[2024-04-30 09:15:55 #11 store] 
Database 'C:\Users\ik_1DW3A\eclipse-workspace\reto3\db\usuarios.odb' is opened by 5272@HZ399404

[2024-04-30 09:15:55 #12 store] 
Configuration path: ?

[2024-04-30 09:15:55 #13 store] 
Database 'C:\Users\ik_1DW3A\eclipse-workspace\reto3\db\usuarios.odb' is closed by 5272@HZ399404

------------------------------------------------------------------------------------------------------------------------

[2024-04-30 09:16:15 #1 store] 
Database 'C:\Users\ik_1DW3A\eclipse-workspace\reto3\db\usuarios.odb' is opened by 10920@HZ399404

[2024-04-30 09:16:15 #2 store] 
Configuration path: ?

[2024-04-30 09:16:15 #3 type] 
Type definicion.Usuario is not enhanced.

[2024-04-30 09:16:15 #4 store] 
Database 'C:\Users\ik_1DW3A\eclipse-workspace\reto3\db\usuarios.odb' is closed by 10920@HZ399404

[2024-04-30 09:16:15 #5 store] 
Database 'C:\Users\ik_1DW3A\eclipse-workspace\reto3\db\usuarios.odb' is opened by 10920@HZ399404

[2024-04-30 09:16:15 #6 store] 
Configuration path: ?

[2024-04-30 09:16:15 #7 store] 
Database 'C:\Users\ik_1DW3A\eclipse-workspace\reto3\db\usuarios.odb' is closed by 10920@HZ399404

[2024-04-30 09:16:18 #8 store] 
Database 'C:\Users\ik_1DW3A\eclipse-workspace\reto3\db\usuarios.odb' is opened by 10920@HZ399404

[2024-04-30 09:16:18 #9 store] 
Configuration path: ?

[2024-04-30 09:16:18 #10 store] 
Database 'C:\Users\ik_1DW3A\eclipse-workspace\reto3\db\usuarios.odb' is closed by 10920@HZ399404

[2024-04-30 09:16:19 #11 store] 
Database 'C:\Users\ik_1DW3A\eclipse-workspace\reto3\db\usuarios.odb' is opened by 10920@HZ399404

[2024-04-30 09:16:19 #12 store] 
Configuration path: ?

[2024-04-30 09:16:19 #13 store] 
Database 'C:\Users\ik_1DW3A\eclipse-workspace\reto3\db\usuarios.odb' is closed by 10920@HZ399404

------------------------------------------------------------------------------------------------------------------------

[2024-04-30 09:39:46 #1 store] 
Database 'C:\Users\ik_1DW3A\eclipse-workspace\reto3\db\usuarios.odb' is opened by 6916@HZ399404

[2024-04-30 09:39:46 #2 store] 
Configuration path: ?

[2024-04-30 09:39:46 #3 type] 
Type definicion.Usuario is not enhanced.

[2024-04-30 09:39:46 #4 store] 
Database 'C:\Users\ik_1DW3A\eclipse-workspace\reto3\db\usuarios.odb' is closed by 6916@HZ399404

[2024-04-30 09:39:46 #5 store] 
Database 'C:\Users\ik_1DW3A\eclipse-workspace\reto3\db\usuarios.odb' is opened by 6916@HZ399404

[2024-04-30 09:39:46 #6 store] 
Configuration path: ?

[2024-04-30 09:39:46 #7 store] 
Database 'C:\Users\ik_1DW3A\eclipse-workspace\reto3\db\usuarios.odb' is closed by 6916@HZ399404

[2024-04-30 09:39:50 #8 store] 
Database 'C:\Users\ik_1DW3A\eclipse-workspace\reto3\db\usuarios.odb' is opened by 6916@HZ399404

[2024-04-30 09:39:50 #9 store] 
Configuration path: ?

[2024-04-30 09:39:50 #10 store] 
Database 'C:\Users\ik_1DW3A\eclipse-workspace\reto3\db\usuarios.odb' is closed by 6916@HZ399404

[2024-04-30 09:39:52 #11 store] 
Database 'C:\Users\ik_1DW3A\eclipse-workspace\reto3\db\usuarios.odb' is opened by 6916@HZ399404

[2024-04-30 09:39:52 #12 store] 
Configuration path: ?

[2024-04-30 09:39:52 #13 store] 
Database 'C:\Users\ik_1DW3A\eclipse-workspace\reto3\db\usuarios.odb' is closed by 6916@HZ399404

------------------------------------------------------------------------------------------------------------------------

[2024-04-30 09:51:33 #1 store] 
Database 'C:\Users\ik_1DW3A\eclipse-workspace\reto3\db\usuarios.odb' is opened by 11012@HZ399404

[2024-04-30 09:51:33 #2 store] 
Configuration path: ?

[2024-04-30 09:51:33 #3 type] 
Type definicion.Usuario is not enhanced.

[2024-04-30 09:51:33 #4 store] 
Database 'C:\Users\ik_1DW3A\eclipse-workspace\reto3\db\usuarios.odb' is closed by 11012@HZ399404

[2024-04-30 09:51:33 #5 store] 
Database 'C:\Users\ik_1DW3A\eclipse-workspace\reto3\db\usuarios.odb' is opened by 11012@HZ399404

[2024-04-30 09:51:33 #6 store] 
Configuration path: ?

[2024-04-30 09:51:33 #7 store] 
Database 'C:\Users\ik_1DW3A\eclipse-workspace\reto3\db\usuarios.odb' is closed by 11012@HZ399404

[2024-04-30 09:51:37 #8 store] 
Database 'C:\Users\ik_1DW3A\eclipse-workspace\reto3\db\usuarios.odb' is opened by 11012@HZ399404

[2024-04-30 09:51:37 #9 store] 
Configuration path: ?

[2024-04-30 09:51:37 #10 store] 
Database 'C:\Users\ik_1DW3A\eclipse-workspace\reto3\db\usuarios.odb' is closed by 11012@HZ399404

[2024-04-30 09:51:41 #11 store] 
Database 'C:\Users\ik_1DW3A\eclipse-workspace\reto3\db\usuarios.odb' is opened by 11012@HZ399404

[2024-04-30 09:51:41 #12 store] 
Configuration path: ?

[2024-04-30 09:51:41 #13 store] 
Database 'C:\Users\ik_1DW3A\eclipse-workspace\reto3\db\usuarios.odb' is closed by 11012@HZ399404

------------------------------------------------------------------------------------------------------------------------

[2024-04-30 10:00:21 #1 store] 
Database 'C:\Users\ik_1DW3A\eclipse-workspace\reto3\db\usuarios.odb' is opened by 10152@HZ399404

[2024-04-30 10:00:21 #2 store] 
Configuration path: ?

[2024-04-30 10:00:21 #3 type] 
Type definicion.Usuario is not enhanced.

[2024-04-30 10:00:21 #4 store] 
Database 'C:\Users\ik_1DW3A\eclipse-workspace\reto3\db\usuarios.odb' is closed by 10152@HZ399404

[2024-04-30 10:00:21 #5 store] 
Database 'C:\Users\ik_1DW3A\eclipse-workspace\reto3\db\usuarios.odb' is opened by 10152@HZ399404

[2024-04-30 10:00:21 #6 store] 
Configuration path: ?

[2024-04-30 10:00:21 #7 store] 
Database 'C:\Users\ik_1DW3A\eclipse-workspace\reto3\db\usuarios.odb' is closed by 10152@HZ399404

[2024-04-30 10:00:24 #8 store] 
Database 'C:\Users\ik_1DW3A\eclipse-workspace\reto3\db\usuarios.odb' is opened by 10152@HZ399404

[2024-04-30 10:00:24 #9 store] 
Configuration path: ?

[2024-04-30 10:00:24 #10 store] 
Database 'C:\Users\ik_1DW3A\eclipse-workspace\reto3\db\usuarios.odb' is closed by 10152@HZ399404

[2024-04-30 10:00:25 #11 store] 
Database 'C:\Users\ik_1DW3A\eclipse-workspace\reto3\db\usuarios.odb' is opened by 10152@HZ399404

[2024-04-30 10:00:25 #12 store] 
Configuration path: ?

[2024-04-30 10:00:25 #13 store] 
Database 'C:\Users\ik_1DW3A\eclipse-workspace\reto3\db\usuarios.odb' is closed by 10152@HZ399404

------------------------------------------------------------------------------------------------------------------------

[2024-04-30 10:01:29 #1 store] 
Database 'C:\Users\ik_1DW3A\eclipse-workspace\reto3\db\usuarios.odb' is opened by 9556@HZ399404

[2024-04-30 10:01:29 #2 store] 
Configuration path: ?

[2024-04-30 10:01:29 #3 type] 
Type definicion.Usuario is not enhanced.

[2024-04-30 10:01:29 #4 store] 
Database 'C:\Users\ik_1DW3A\eclipse-workspace\reto3\db\usuarios.odb' is closed by 9556@HZ399404

[2024-04-30 10:01:30 #5 store] 
Database 'C:\Users\ik_1DW3A\eclipse-workspace\reto3\db\usuarios.odb' is opened by 9556@HZ399404

[2024-04-30 10:01:30 #6 store] 
Configuration path: ?

[2024-04-30 10:01:30 #7 store] 
Database 'C:\Users\ik_1DW3A\eclipse-workspace\reto3\db\usuarios.odb' is closed by 9556@HZ399404

------------------------------------------------------------------------------------------------------------------------

[2024-04-30 10:06:26 #1 store] 
Database 'C:\Users\ik_1DW3A\eclipse-workspace\reto3\db\usuarios.odb' is opened by 7464@HZ399404

[2024-04-30 10:06:26 #2 store] 
Configuration path: ?

[2024-04-30 10:06:26 #3 type] 
Type definicion.Usuario is not enhanced.

[2024-04-30 10:06:26 #4 store] 
Database 'C:\Users\ik_1DW3A\eclipse-workspace\reto3\db\usuarios.odb' is closed by 7464@HZ399404

[2024-04-30 10:06:26 #5 store] 
Database 'C:\Users\ik_1DW3A\eclipse-workspace\reto3\db\usuarios.odb' is opened by 7464@HZ399404

[2024-04-30 10:06:26 #6 store] 
Configuration path: ?

[2024-04-30 10:06:26 #7 store] 
Database 'C:\Users\ik_1DW3A\eclipse-workspace\reto3\db\usuarios.odb' is closed by 7464@HZ399404

[2024-04-30 10:06:29 #8 store] 
Database 'C:\Users\ik_1DW3A\eclipse-workspace\reto3\db\usuarios.odb' is opened by 7464@HZ399404

[2024-04-30 10:06:29 #9 store] 
Configuration path: ?

[2024-04-30 10:06:29 #10 store] 
Database 'C:\Users\ik_1DW3A\eclipse-workspace\reto3\db\usuarios.odb' is closed by 7464@HZ399404

[2024-04-30 10:06:30 #11 store] 
Database 'C:\Users\ik_1DW3A\eclipse-workspace\reto3\db\usuarios.odb' is opened by 7464@HZ399404

[2024-04-30 10:06:30 #12 store] 
Configuration path: ?

[2024-04-30 10:06:30 #13 store] 
Database 'C:\Users\ik_1DW3A\eclipse-workspace\reto3\db\usuarios.odb' is closed by 7464@HZ399404

[2024-04-30 10:06:52 #14 store] 
Database 'C:\Users\ik_1DW3A\eclipse-workspace\reto3\db\usuarios.odb' is opened by 7464@HZ399404

[2024-04-30 10:06:52 #15 store] 
Configuration path: ?

[2024-04-30 10:06:52 #16 store] 
Database 'C:\Users\ik_1DW3A\eclipse-workspace\reto3\db\usuarios.odb' is closed by 7464@HZ399404

------------------------------------------------------------------------------------------------------------------------

[2024-04-30 10:30:05 #1 store] 
Database 'C:\Users\ik_1DW3A\eclipse-workspace\reto3\db\usuarios.odb' is opened by 9548@HZ399404

[2024-04-30 10:30:05 #2 store] 
Configuration path: ?

[2024-04-30 10:30:05 #3 type] 
Type definicion.Usuario is not enhanced.

[2024-04-30 10:30:06 #4 store] 
Database 'C:\Users\ik_1DW3A\eclipse-workspace\reto3\db\usuarios.odb' is closed by 9548@HZ399404

[2024-04-30 10:30:06 #5 store] 
Database 'C:\Users\ik_1DW3A\eclipse-workspace\reto3\db\usuarios.odb' is opened by 9548@HZ399404

[2024-04-30 10:30:06 #6 store] 
Configuration path: ?

[2024-04-30 10:30:06 #7 store] 
Database 'C:\Users\ik_1DW3A\eclipse-workspace\reto3\db\usuarios.odb' is closed by 9548@HZ399404

[2024-04-30 10:30:08 #8 store] 
Database 'C:\Users\ik_1DW3A\eclipse-workspace\reto3\db\usuarios.odb' is opened by 9548@HZ399404

[2024-04-30 10:30:08 #9 store] 
Configuration path: ?

[2024-04-30 10:30:08 #10 store] 
Database 'C:\Users\ik_1DW3A\eclipse-workspace\reto3\db\usuarios.odb' is closed by 9548@HZ399404

[2024-04-30 10:31:29 #11 store] 
Database 'C:\Users\ik_1DW3A\eclipse-workspace\reto3\db\usuarios.odb' is opened by 9548@HZ399404

[2024-04-30 10:31:29 #12 store] 
Configuration path: ?

[2024-04-30 10:31:29 #13 store] 
Database 'C:\Users\ik_1DW3A\eclipse-workspace\reto3\db\usuarios.odb' is closed by 9548@HZ399404

[2024-04-30 10:35:31 #14 store] 
Database 'C:\Users\ik_1DW3A\eclipse-workspace\reto3\db\usuarios.odb' is opened by 9548@HZ399404

[2024-04-30 10:35:31 #15 store] 
Configuration path: ?

[2024-04-30 10:35:31 #16 store] 
Database 'C:\Users\ik_1DW3A\eclipse-workspace\reto3\db\usuarios.odb' is closed by 9548@HZ399404

------------------------------------------------------------------------------------------------------------------------

[2024-04-30 10:38:35 #1 store] 
Database 'C:\Users\ik_1DW3A\eclipse-workspace\reto3\db\usuarios.odb' is opened by 856@HZ399404

[2024-04-30 10:38:35 #2 store] 
Configuration path: ?

[2024-04-30 10:38:36 #3 type] 
Type definicion.Usuario is not enhanced.

[2024-04-30 10:38:36 #4 store] 
Database 'C:\Users\ik_1DW3A\eclipse-workspace\reto3\db\usuarios.odb' is closed by 856@HZ399404

[2024-04-30 10:38:36 #5 store] 
Database 'C:\Users\ik_1DW3A\eclipse-workspace\reto3\db\usuarios.odb' is opened by 856@HZ399404

[2024-04-30 10:38:36 #6 store] 
Configuration path: ?

[2024-04-30 10:38:36 #7 store] 
Database 'C:\Users\ik_1DW3A\eclipse-workspace\reto3\db\usuarios.odb' is closed by 856@HZ399404

[2024-04-30 10:38:43 #8 store] 
Database 'C:\Users\ik_1DW3A\eclipse-workspace\reto3\db\usuarios.odb' is opened by 856@HZ399404

[2024-04-30 10:38:43 #9 store] 
Configuration path: ?

[2024-04-30 10:38:43 #10 store] 
Database 'C:\Users\ik_1DW3A\eclipse-workspace\reto3\db\usuarios.odb' is closed by 856@HZ399404

------------------------------------------------------------------------------------------------------------------------

[2024-04-30 10:42:39 #1 store] 
Database 'C:\Users\ik_1DW3A\eclipse-workspace\reto3\db\usuarios.odb' is opened by 7712@HZ399404

[2024-04-30 10:42:39 #2 store] 
Configuration path: ?

[2024-04-30 10:42:39 #3 type] 
Type definicion.Usuario is not enhanced.

[2024-04-30 10:42:39 #4 store] 
Database 'C:\Users\ik_1DW3A\eclipse-workspace\reto3\db\usuarios.odb' is closed by 7712@HZ399404

[2024-04-30 10:42:39 #5 store] 
Database 'C:\Users\ik_1DW3A\eclipse-workspace\reto3\db\usuarios.odb' is opened by 7712@HZ399404

[2024-04-30 10:42:39 #6 store] 
Configuration path: ?

[2024-04-30 10:42:39 #7 store] 
Database 'C:\Users\ik_1DW3A\eclipse-workspace\reto3\db\usuarios.odb' is closed by 7712@HZ399404

[2024-04-30 10:42:47 #8 store] 
Database 'C:\Users\ik_1DW3A\eclipse-workspace\reto3\db\usuarios.odb' is opened by 7712@HZ399404

[2024-04-30 10:42:47 #9 store] 
Configuration path: ?

[2024-04-30 10:42:47 #10 store] 
Database 'C:\Users\ik_1DW3A\eclipse-workspace\reto3\db\usuarios.odb' is closed by 7712@HZ399404

