------------------------------------------------------------------------------------------------------------------------

[2024-04-24 08:06:55 #1 store] 
Database 'C:\Users\ik_1DW3A\eclipse-workspace\reto3\db\usuarios.odb' is opened by 10232@HZ399404

[2024-04-24 08:06:55 #2 store] 
Configuration path: ?

[2024-04-24 08:06:55 #3 type] 
Type definicion.Usuario is not enhanced.

[2024-04-24 08:06:55 #4 store] 
Database 'C:\Users\ik_1DW3A\eclipse-workspace\reto3\db\usuarios.odb' is closed by 10232@HZ399404

[2024-04-24 08:06:58 #5 store] 
Database 'C:\Users\ik_1DW3A\eclipse-workspace\reto3\db\usuarios.odb' is opened by 10232@HZ399404

[2024-04-24 08:06:58 #6 store] 
Configuration path: ?

[2024-04-24 08:06:58 #7 store] 
Database 'C:\Users\ik_1DW3A\eclipse-workspace\reto3\db\usuarios.odb' is closed by 10232@HZ399404

------------------------------------------------------------------------------------------------------------------------

[2024-04-24 08:08:20 #1 store] 
Database 'C:\Users\ik_1DW3A\eclipse-workspace\reto3\db\usuarios.odb' is opened by 4896@HZ399404

[2024-04-24 08:08:20 #2 store] 
Configuration path: ?

[2024-04-24 08:08:20 #3 type] 
Type definicion.Usuario is not enhanced.

[2024-04-24 08:08:20 #4 store] 
Database 'C:\Users\ik_1DW3A\eclipse-workspace\reto3\db\usuarios.odb' is closed by 4896@HZ399404

[2024-04-24 08:08:24 #5 store] 
Database 'C:\Users\ik_1DW3A\eclipse-workspace\reto3\db\usuarios.odb' is opened by 4896@HZ399404

[2024-04-24 08:08:24 #6 store] 
Configuration path: ?

[2024-04-24 08:08:24 #7 store] 
Database 'C:\Users\ik_1DW3A\eclipse-workspace\reto3\db\usuarios.odb' is closed by 4896@HZ399404

------------------------------------------------------------------------------------------------------------------------

[2024-04-24 08:12:12 #1 store] 
Database 'C:\Users\ik_1DW3A\eclipse-workspace\reto3\db\usuarios.odb' is opened by 4228@HZ399404

[2024-04-24 08:12:12 #2 store] 
Configuration path: ?

[2024-04-24 08:12:12 #3 type] 
Type definicion.Usuario is not enhanced.

[2024-04-24 08:12:12 #4 store] 
Database 'C:\Users\ik_1DW3A\eclipse-workspace\reto3\db\usuarios.odb' is closed by 4228@HZ399404

[2024-04-24 08:12:13 #5 store] 
Database 'C:\Users\ik_1DW3A\eclipse-workspace\reto3\db\usuarios.odb' is opened by 4228@HZ399404

[2024-04-24 08:12:13 #6 store] 
Configuration path: ?

[2024-04-24 08:12:13 #7 store] 
Database 'C:\Users\ik_1DW3A\eclipse-workspace\reto3\db\usuarios.odb' is closed by 4228@HZ399404

------------------------------------------------------------------------------------------------------------------------

[2024-04-24 08:13:27 #1 store] 
Database 'C:\Users\ik_1DW3A\eclipse-workspace\reto3\db\usuarios.odb' is opened by 6908@HZ399404

[2024-04-24 08:13:27 #2 store] 
Configuration path: ?

[2024-04-24 08:13:27 #3 type] 
Type definicion.Usuario is not enhanced.

[2024-04-24 08:13:27 #4 store] 
Database 'C:\Users\ik_1DW3A\eclipse-workspace\reto3\db\usuarios.odb' is closed by 6908@HZ399404

[2024-04-24 08:13:28 #5 store] 
Database 'C:\Users\ik_1DW3A\eclipse-workspace\reto3\db\usuarios.odb' is opened by 6908@HZ399404

[2024-04-24 08:13:28 #6 store] 
Configuration path: ?

[2024-04-24 08:13:28 #7 store] 
Database 'C:\Users\ik_1DW3A\eclipse-workspace\reto3\db\usuarios.odb' is closed by 6908@HZ399404

------------------------------------------------------------------------------------------------------------------------

[2024-04-24 08:14:08 #1 store] 
Database 'C:\Users\ik_1DW3A\eclipse-workspace\reto3\db\usuarios.odb' is opened by 6152@HZ399404

[2024-04-24 08:14:08 #2 store] 
Configuration path: ?

[2024-04-24 08:14:08 #3 type] 
Type definicion.Usuario is not enhanced.

[2024-04-24 08:14:08 #4 store] 
Database 'C:\Users\ik_1DW3A\eclipse-workspace\reto3\db\usuarios.odb' is closed by 6152@HZ399404

[2024-04-24 08:14:09 #5 store] 
Database 'C:\Users\ik_1DW3A\eclipse-workspace\reto3\db\usuarios.odb' is opened by 6152@HZ399404

[2024-04-24 08:14:09 #6 store] 
Configuration path: ?

[2024-04-24 08:14:09 #7 store] 
Database 'C:\Users\ik_1DW3A\eclipse-workspace\reto3\db\usuarios.odb' is closed by 6152@HZ399404

------------------------------------------------------------------------------------------------------------------------

[2024-04-24 08:20:29 #1 store] 
Database 'C:\Users\ik_1DW3A\eclipse-workspace\reto3\db\usuarios.odb' is opened by 8624@HZ399404

[2024-04-24 08:20:29 #2 store] 
Configuration path: ?

[2024-04-24 08:20:29 #3 type] 
Type definicion.Usuario is not enhanced.

[2024-04-24 08:20:29 #4 store] 
Database 'C:\Users\ik_1DW3A\eclipse-workspace\reto3\db\usuarios.odb' is closed by 8624@HZ399404

[2024-04-24 08:20:31 #5 store] 
Database 'C:\Users\ik_1DW3A\eclipse-workspace\reto3\db\usuarios.odb' is opened by 8624@HZ399404

[2024-04-24 08:20:31 #6 store] 
Configuration path: ?

[2024-04-24 08:20:31 #7 store] 
Database 'C:\Users\ik_1DW3A\eclipse-workspace\reto3\db\usuarios.odb' is closed by 8624@HZ399404

------------------------------------------------------------------------------------------------------------------------

[2024-04-24 08:22:51 #1 store] 
Database 'C:\Users\ik_1DW3A\eclipse-workspace\reto3\db\usuarios.odb' is opened by 8420@HZ399404

[2024-04-24 08:22:51 #2 store] 
Configuration path: ?

[2024-04-24 08:22:51 #3 type] 
Type definicion.Usuario is not enhanced.

[2024-04-24 08:22:51 #4 store] 
Database 'C:\Users\ik_1DW3A\eclipse-workspace\reto3\db\usuarios.odb' is closed by 8420@HZ399404

[2024-04-24 08:23:13 #5 store] 
Database 'C:\Users\ik_1DW3A\eclipse-workspace\reto3\db\usuarios.odb' is opened by 8420@HZ399404

[2024-04-24 08:23:13 #6 store] 
Configuration path: ?

[2024-04-24 08:23:13 #7 store] 
Database 'C:\Users\ik_1DW3A\eclipse-workspace\reto3\db\usuarios.odb' is closed by 8420@HZ399404

------------------------------------------------------------------------------------------------------------------------

[2024-04-24 08:31:08 #1 store] 
Database 'C:\Users\ik_1DW3A\eclipse-workspace\reto3\db\usuarios.odb' is opened by 5908@HZ399404

[2024-04-24 08:31:08 #2 store] 
Configuration path: ?

[2024-04-24 08:31:08 #3 type] 
Type definicion.Usuario is not enhanced.

[2024-04-24 08:31:08 #4 store] 
Database 'C:\Users\ik_1DW3A\eclipse-workspace\reto3\db\usuarios.odb' is closed by 5908@HZ399404

[2024-04-24 08:31:08 #5 store] 
Database 'C:\Users\ik_1DW3A\eclipse-workspace\reto3\db\usuarios.odb' is opened by 5908@HZ399404

[2024-04-24 08:31:08 #6 store] 
Configuration path: ?

[2024-04-24 08:31:08 #7 store] 
Database 'C:\Users\ik_1DW3A\eclipse-workspace\reto3\db\usuarios.odb' is closed by 5908@HZ399404

[2024-04-24 08:31:10 #8 store] 
Database 'C:\Users\ik_1DW3A\eclipse-workspace\reto3\db\usuarios.odb' is opened by 5908@HZ399404

[2024-04-24 08:31:10 #9 store] 
Configuration path: ?

[2024-04-24 08:31:10 #10 store] 
Database 'C:\Users\ik_1DW3A\eclipse-workspace\reto3\db\usuarios.odb' is closed by 5908@HZ399404

[2024-04-24 08:31:12 #11 store] 
Database 'C:\Users\ik_1DW3A\eclipse-workspace\reto3\db\usuarios.odb' is opened by 5908@HZ399404

[2024-04-24 08:31:12 #12 store] 
Configuration path: ?

[2024-04-24 08:31:12 #13 store] 
Database 'C:\Users\ik_1DW3A\eclipse-workspace\reto3\db\usuarios.odb' is closed by 5908@HZ399404

------------------------------------------------------------------------------------------------------------------------

[2024-04-24 08:32:05 #1 store] 
Database 'C:\Users\ik_1DW3A\eclipse-workspace\reto3\db\usuarios.odb' is opened by 6432@HZ399404

[2024-04-24 08:32:05 #2 store] 
Configuration path: ?

[2024-04-24 08:32:05 #3 type] 
Type definicion.Usuario is not enhanced.

[2024-04-24 08:32:05 #4 store] 
Database 'C:\Users\ik_1DW3A\eclipse-workspace\reto3\db\usuarios.odb' is closed by 6432@HZ399404

[2024-04-24 08:32:05 #5 store] 
Database 'C:\Users\ik_1DW3A\eclipse-workspace\reto3\db\usuarios.odb' is opened by 6432@HZ399404

[2024-04-24 08:32:05 #6 store] 
Configuration path: ?

[2024-04-24 08:32:05 #7 store] 
Database 'C:\Users\ik_1DW3A\eclipse-workspace\reto3\db\usuarios.odb' is closed by 6432@HZ399404

[2024-04-24 08:32:08 #8 store] 
Database 'C:\Users\ik_1DW3A\eclipse-workspace\reto3\db\usuarios.odb' is opened by 6432@HZ399404

[2024-04-24 08:32:08 #9 store] 
Configuration path: ?

[2024-04-24 08:32:08 #10 store] 
Database 'C:\Users\ik_1DW3A\eclipse-workspace\reto3\db\usuarios.odb' is closed by 6432@HZ399404

[2024-04-24 08:32:10 #11 store] 
Database 'C:\Users\ik_1DW3A\eclipse-workspace\reto3\db\usuarios.odb' is opened by 6432@HZ399404

[2024-04-24 08:32:10 #12 store] 
Configuration path: ?

[2024-04-24 08:32:10 #13 store] 
Database 'C:\Users\ik_1DW3A\eclipse-workspace\reto3\db\usuarios.odb' is closed by 6432@HZ399404

------------------------------------------------------------------------------------------------------------------------

[2024-04-24 08:36:15 #1 store] 
Database 'C:\Users\ik_1DW3A\eclipse-workspace\reto3\db\usuarios.odb' is opened by 2732@HZ399404

[2024-04-24 08:36:15 #2 store] 
Configuration path: ?

[2024-04-24 08:36:15 #3 type] 
Type definicion.Usuario is not enhanced.

[2024-04-24 08:36:15 #4 store] 
Database 'C:\Users\ik_1DW3A\eclipse-workspace\reto3\db\usuarios.odb' is closed by 2732@HZ399404

[2024-04-24 08:36:15 #5 store] 
Database 'C:\Users\ik_1DW3A\eclipse-workspace\reto3\db\usuarios.odb' is opened by 2732@HZ399404

[2024-04-24 08:36:15 #6 store] 
Configuration path: ?

[2024-04-24 08:36:15 #7 store] 
Database 'C:\Users\ik_1DW3A\eclipse-workspace\reto3\db\usuarios.odb' is closed by 2732@HZ399404

[2024-04-24 08:36:17 #8 store] 
Database 'C:\Users\ik_1DW3A\eclipse-workspace\reto3\db\usuarios.odb' is opened by 2732@HZ399404

[2024-04-24 08:36:17 #9 store] 
Configuration path: ?

[2024-04-24 08:36:17 #10 store] 
Database 'C:\Users\ik_1DW3A\eclipse-workspace\reto3\db\usuarios.odb' is closed by 2732@HZ399404

[2024-04-24 08:36:18 #11 store] 
Database 'C:\Users\ik_1DW3A\eclipse-workspace\reto3\db\usuarios.odb' is opened by 2732@HZ399404

[2024-04-24 08:36:18 #12 store] 
Configuration path: ?

[2024-04-24 08:36:18 #13 store] 
Database 'C:\Users\ik_1DW3A\eclipse-workspace\reto3\db\usuarios.odb' is closed by 2732@HZ399404

------------------------------------------------------------------------------------------------------------------------

[2024-04-24 08:37:29 #1 store] 
Database 'C:\Users\ik_1DW3A\eclipse-workspace\reto3\db\usuarios.odb' is opened by 8960@HZ399404

[2024-04-24 08:37:29 #2 store] 
Configuration path: ?

[2024-04-24 08:37:29 #3 type] 
Type definicion.Usuario is not enhanced.

[2024-04-24 08:37:29 #4 store] 
Database 'C:\Users\ik_1DW3A\eclipse-workspace\reto3\db\usuarios.odb' is closed by 8960@HZ399404

[2024-04-24 08:38:20 #5 store] 
Database 'C:\Users\ik_1DW3A\eclipse-workspace\reto3\db\usuarios.odb' is opened by 8960@HZ399404

[2024-04-24 08:38:20 #6 store] 
Configuration path: ?

[2024-04-24 08:38:20 #7 store] 
Database 'C:\Users\ik_1DW3A\eclipse-workspace\reto3\db\usuarios.odb' is closed by 8960@HZ399404

------------------------------------------------------------------------------------------------------------------------

[2024-04-24 08:38:30 #1 store] 
Database 'C:\Users\ik_1DW3A\eclipse-workspace\reto3\db\usuarios.odb' is opened by 3764@HZ399404

[2024-04-24 08:38:30 #2 store] 
Configuration path: ?

[2024-04-24 08:38:30 #3 type] 
Type definicion.Usuario is not enhanced.

[2024-04-24 08:38:30 #4 store] 
Database 'C:\Users\ik_1DW3A\eclipse-workspace\reto3\db\usuarios.odb' is closed by 3764@HZ399404

------------------------------------------------------------------------------------------------------------------------

[2024-04-24 08:38:35 #1 store] 
Database 'C:\Users\ik_1DW3A\eclipse-workspace\reto3\db\usuarios.odb' is opened by 4576@HZ399404

[2024-04-24 08:38:35 #2 store] 
Configuration path: ?

[2024-04-24 08:38:35 #3 type] 
Type definicion.Usuario is not enhanced.

[2024-04-24 08:38:36 #4 store] 
Database 'C:\Users\ik_1DW3A\eclipse-workspace\reto3\db\usuarios.odb' is closed by 4576@HZ399404

[2024-04-24 08:38:47 #5 store] 
Database 'C:\Users\ik_1DW3A\eclipse-workspace\reto3\db\usuarios.odb' is opened by 4576@HZ399404

[2024-04-24 08:38:47 #6 store] 
Configuration path: ?

[2024-04-24 08:38:47 #7 store] 
Database 'C:\Users\ik_1DW3A\eclipse-workspace\reto3\db\usuarios.odb' is closed by 4576@HZ399404

------------------------------------------------------------------------------------------------------------------------

[2024-04-24 08:48:12 #1 store] 
Database 'C:\Users\ik_1DW3A\eclipse-workspace\reto3\db\usuarios.odb' is opened by 7492@HZ399404

[2024-04-24 08:48:12 #2 store] 
Configuration path: ?

[2024-04-24 08:48:12 #3 type] 
Type definicion.Usuario is not enhanced.

[2024-04-24 08:48:12 #4 store] 
Database 'C:\Users\ik_1DW3A\eclipse-workspace\reto3\db\usuarios.odb' is closed by 7492@HZ399404

[2024-04-24 08:48:12 #5 store] 
Database 'C:\Users\ik_1DW3A\eclipse-workspace\reto3\db\usuarios.odb' is opened by 7492@HZ399404

[2024-04-24 08:48:12 #6 store] 
Configuration path: ?

[2024-04-24 08:48:12 #7 store] 
Database 'C:\Users\ik_1DW3A\eclipse-workspace\reto3\db\usuarios.odb' is closed by 7492@HZ399404

[2024-04-24 08:48:14 #8 store] 
Database 'C:\Users\ik_1DW3A\eclipse-workspace\reto3\db\usuarios.odb' is opened by 7492@HZ399404

[2024-04-24 08:48:14 #9 store] 
Configuration path: ?

[2024-04-24 08:48:14 #10 store] 
Database 'C:\Users\ik_1DW3A\eclipse-workspace\reto3\db\usuarios.odb' is closed by 7492@HZ399404

[2024-04-24 08:48:23 #11 store] 
Database 'C:\Users\ik_1DW3A\eclipse-workspace\reto3\db\usuarios.odb' is opened by 7492@HZ399404

[2024-04-24 08:48:23 #12 store] 
Configuration path: ?

[2024-04-24 08:48:23 #13 store] 
Database 'C:\Users\ik_1DW3A\eclipse-workspace\reto3\db\usuarios.odb' is closed by 7492@HZ399404

[2024-04-24 08:48:41 #14 store] 
Database 'C:\Users\ik_1DW3A\eclipse-workspace\reto3\db\usuarios.odb' is opened by 7492@HZ399404

[2024-04-24 08:48:41 #15 store] 
Configuration path: ?

[2024-04-24 08:48:41 #16 store] 
Database 'C:\Users\ik_1DW3A\eclipse-workspace\reto3\db\usuarios.odb' is closed by 7492@HZ399404

[2024-04-24 08:48:56 #17 store] 
Database 'C:\Users\ik_1DW3A\eclipse-workspace\reto3\db\usuarios.odb' is opened by 7492@HZ399404

[2024-04-24 08:48:56 #18 store] 
Configuration path: ?

[2024-04-24 08:48:56 #19 store] 
Database 'C:\Users\ik_1DW3A\eclipse-workspace\reto3\db\usuarios.odb' is closed by 7492@HZ399404

[2024-04-24 08:49:08 #20 store] 
Database 'C:\Users\ik_1DW3A\eclipse-workspace\reto3\db\usuarios.odb' is opened by 7492@HZ399404

[2024-04-24 08:49:08 #21 store] 
Configuration path: ?

[2024-04-24 08:49:08 #22 store] 
Database 'C:\Users\ik_1DW3A\eclipse-workspace\reto3\db\usuarios.odb' is closed by 7492@HZ399404

[2024-04-24 08:49:35 #23 store] 
Database 'C:\Users\ik_1DW3A\eclipse-workspace\reto3\db\usuarios.odb' is opened by 7492@HZ399404

[2024-04-24 08:49:35 #24 store] 
Configuration path: ?

[2024-04-24 08:49:35 #25 store] 
Database 'C:\Users\ik_1DW3A\eclipse-workspace\reto3\db\usuarios.odb' is closed by 7492@HZ399404

[2024-04-24 08:49:52 #26 store] 
Database 'C:\Users\ik_1DW3A\eclipse-workspace\reto3\db\usuarios.odb' is opened by 7492@HZ399404

[2024-04-24 08:49:52 #27 store] 
Configuration path: ?

[2024-04-24 08:49:52 #28 store] 
Database 'C:\Users\ik_1DW3A\eclipse-workspace\reto3\db\usuarios.odb' is closed by 7492@HZ399404

[2024-04-24 08:49:57 #29 store] 
Database 'C:\Users\ik_1DW3A\eclipse-workspace\reto3\db\usuarios.odb' is opened by 7492@HZ399404

[2024-04-24 08:49:57 #30 store] 
Configuration path: ?

[2024-04-24 08:49:57 #31 store] 
Database 'C:\Users\ik_1DW3A\eclipse-workspace\reto3\db\usuarios.odb' is closed by 7492@HZ399404

[2024-04-24 08:51:16 #32 store] 
Database 'C:\Users\ik_1DW3A\eclipse-workspace\reto3\db\usuarios.odb' is opened by 7492@HZ399404

[2024-04-24 08:51:16 #33 store] 
Configuration path: ?

[2024-04-24 08:51:16 #34 store] 
Database 'C:\Users\ik_1DW3A\eclipse-workspace\reto3\db\usuarios.odb' is closed by 7492@HZ399404

[2024-04-24 08:51:24 #35 store] 
Database 'C:\Users\ik_1DW3A\eclipse-workspace\reto3\db\usuarios.odb' is opened by 7492@HZ399404

[2024-04-24 08:51:24 #36 store] 
Configuration path: ?

[2024-04-24 08:51:24 #37 store] 
Database 'C:\Users\ik_1DW3A\eclipse-workspace\reto3\db\usuarios.odb' is closed by 7492@HZ399404

------------------------------------------------------------------------------------------------------------------------

[2024-04-24 08:52:29 #1 store] 
Database 'C:\Users\ik_1DW3A\eclipse-workspace\reto3\db\usuarios.odb' is opened by 12332@HZ399404

[2024-04-24 08:52:29 #2 store] 
Configuration path: ?

[2024-04-24 08:52:30 #3 type] 
Type definicion.Usuario is not enhanced.

[2024-04-24 08:52:30 #4 store] 
Database 'C:\Users\ik_1DW3A\eclipse-workspace\reto3\db\usuarios.odb' is closed by 12332@HZ399404

[2024-04-24 08:52:30 #5 store] 
Database 'C:\Users\ik_1DW3A\eclipse-workspace\reto3\db\usuarios.odb' is opened by 12332@HZ399404

[2024-04-24 08:52:30 #6 store] 
Configuration path: ?

[2024-04-24 08:52:30 #7 store] 
Database 'C:\Users\ik_1DW3A\eclipse-workspace\reto3\db\usuarios.odb' is closed by 12332@HZ399404

[2024-04-24 08:52:35 #8 store] 
Database 'C:\Users\ik_1DW3A\eclipse-workspace\reto3\db\usuarios.odb' is opened by 12332@HZ399404

[2024-04-24 08:52:35 #9 store] 
Configuration path: ?

[2024-04-24 08:52:35 #10 store] 
Database 'C:\Users\ik_1DW3A\eclipse-workspace\reto3\db\usuarios.odb' is closed by 12332@HZ399404

[2024-04-24 08:52:42 #11 store] 
Database 'C:\Users\ik_1DW3A\eclipse-workspace\reto3\db\usuarios.odb' is opened by 12332@HZ399404

[2024-04-24 08:52:42 #12 store] 
Configuration path: ?

[2024-04-24 08:52:42 #13 store] 
Database 'C:\Users\ik_1DW3A\eclipse-workspace\reto3\db\usuarios.odb' is closed by 12332@HZ399404

[2024-04-24 08:52:55 #14 store] 
Database 'C:\Users\ik_1DW3A\eclipse-workspace\reto3\db\usuarios.odb' is opened by 12332@HZ399404

[2024-04-24 08:52:55 #15 store] 
Configuration path: ?

[2024-04-24 08:52:55 #16 store] 
Database 'C:\Users\ik_1DW3A\eclipse-workspace\reto3\db\usuarios.odb' is closed by 12332@HZ399404

------------------------------------------------------------------------------------------------------------------------

[2024-04-24 08:54:02 #1 store] 
Database 'C:\Users\ik_1DW3A\eclipse-workspace\reto3\db\usuarios.odb' is opened by 6308@HZ399404

[2024-04-24 08:54:02 #2 store] 
Configuration path: ?

[2024-04-24 08:54:02 #3 type] 
Type definicion.Usuario is not enhanced.

[2024-04-24 08:54:02 #4 store] 
Database 'C:\Users\ik_1DW3A\eclipse-workspace\reto3\db\usuarios.odb' is closed by 6308@HZ399404

[2024-04-24 08:54:02 #5 store] 
Database 'C:\Users\ik_1DW3A\eclipse-workspace\reto3\db\usuarios.odb' is opened by 6308@HZ399404

[2024-04-24 08:54:02 #6 store] 
Configuration path: ?

[2024-04-24 08:54:02 #7 store] 
Database 'C:\Users\ik_1DW3A\eclipse-workspace\reto3\db\usuarios.odb' is closed by 6308@HZ399404

[2024-04-24 08:54:04 #8 store] 
Database 'C:\Users\ik_1DW3A\eclipse-workspace\reto3\db\usuarios.odb' is opened by 6308@HZ399404

[2024-04-24 08:54:04 #9 store] 
Configuration path: ?

[2024-04-24 08:54:04 #10 store] 
Database 'C:\Users\ik_1DW3A\eclipse-workspace\reto3\db\usuarios.odb' is closed by 6308@HZ399404

[2024-04-24 08:54:09 #11 store] 
Database 'C:\Users\ik_1DW3A\eclipse-workspace\reto3\db\usuarios.odb' is opened by 6308@HZ399404

[2024-04-24 08:54:09 #12 store] 
Configuration path: ?

[2024-04-24 08:54:09 #13 store] 
Database 'C:\Users\ik_1DW3A\eclipse-workspace\reto3\db\usuarios.odb' is closed by 6308@HZ399404

[2024-04-24 08:54:17 #14 store] 
Database 'C:\Users\ik_1DW3A\eclipse-workspace\reto3\db\usuarios.odb' is opened by 6308@HZ399404

[2024-04-24 08:54:17 #15 store] 
Configuration path: ?

[2024-04-24 08:54:17 #16 store] 
Database 'C:\Users\ik_1DW3A\eclipse-workspace\reto3\db\usuarios.odb' is closed by 6308@HZ399404

------------------------------------------------------------------------------------------------------------------------

[2024-04-24 08:56:05 #1 store] 
Database 'C:\Users\ik_1DW3A\eclipse-workspace\reto3\db\usuarios.odb' is opened by 2392@HZ399404

[2024-04-24 08:56:05 #2 store] 
Configuration path: ?

[2024-04-24 08:56:05 #3 type] 
Type definicion.Usuario is not enhanced.

[2024-04-24 08:56:05 #4 store] 
Database 'C:\Users\ik_1DW3A\eclipse-workspace\reto3\db\usuarios.odb' is closed by 2392@HZ399404

[2024-04-24 08:56:05 #5 store] 
Database 'C:\Users\ik_1DW3A\eclipse-workspace\reto3\db\usuarios.odb' is opened by 2392@HZ399404

[2024-04-24 08:56:05 #6 store] 
Configuration path: ?

[2024-04-24 08:56:05 #7 store] 
Database 'C:\Users\ik_1DW3A\eclipse-workspace\reto3\db\usuarios.odb' is closed by 2392@HZ399404

[2024-04-24 08:56:11 #8 store] 
Database 'C:\Users\ik_1DW3A\eclipse-workspace\reto3\db\usuarios.odb' is opened by 2392@HZ399404

[2024-04-24 08:56:11 #9 store] 
Configuration path: ?

[2024-04-24 08:56:11 #10 store] 
Database 'C:\Users\ik_1DW3A\eclipse-workspace\reto3\db\usuarios.odb' is closed by 2392@HZ399404

[2024-04-24 08:56:14 #11 store] 
Database 'C:\Users\ik_1DW3A\eclipse-workspace\reto3\db\usuarios.odb' is opened by 2392@HZ399404

[2024-04-24 08:56:14 #12 store] 
Configuration path: ?

[2024-04-24 08:56:14 #13 store] 
Database 'C:\Users\ik_1DW3A\eclipse-workspace\reto3\db\usuarios.odb' is closed by 2392@HZ399404

[2024-04-24 08:57:37 #14 store] 
Database 'C:\Users\ik_1DW3A\eclipse-workspace\reto3\db\usuarios.odb' is opened by 2392@HZ399404

[2024-04-24 08:57:37 #15 store] 
Configuration path: ?

[2024-04-24 08:57:37 #16 store] 
Database 'C:\Users\ik_1DW3A\eclipse-workspace\reto3\db\usuarios.odb' is closed by 2392@HZ399404

[2024-04-24 08:57:38 #17 store] 
Database 'C:\Users\ik_1DW3A\eclipse-workspace\reto3\db\usuarios.odb' is opened by 2392@HZ399404

[2024-04-24 08:57:38 #18 store] 
Configuration path: ?

[2024-04-24 08:57:38 #19 store] 
Database 'C:\Users\ik_1DW3A\eclipse-workspace\reto3\db\usuarios.odb' is closed by 2392@HZ399404

[2024-04-24 08:57:47 #20 store] 
Database 'C:\Users\ik_1DW3A\eclipse-workspace\reto3\db\usuarios.odb' is opened by 2392@HZ399404

[2024-04-24 08:57:47 #21 store] 
Configuration path: ?

[2024-04-24 08:57:47 #22 store] 
Database 'C:\Users\ik_1DW3A\eclipse-workspace\reto3\db\usuarios.odb' is closed by 2392@HZ399404

[2024-04-24 08:57:48 #23 store] 
Database 'C:\Users\ik_1DW3A\eclipse-workspace\reto3\db\usuarios.odb' is opened by 2392@HZ399404

[2024-04-24 08:57:48 #24 store] 
Configuration path: ?

[2024-04-24 08:57:48 #25 store] 
Database 'C:\Users\ik_1DW3A\eclipse-workspace\reto3\db\usuarios.odb' is closed by 2392@HZ399404

[2024-04-24 08:58:07 #26 store] 
Database 'C:\Users\ik_1DW3A\eclipse-workspace\reto3\db\usuarios.odb' is opened by 2392@HZ399404

[2024-04-24 08:58:07 #27 store] 
Configuration path: ?

[2024-04-24 08:58:07 #28 store] 
Database 'C:\Users\ik_1DW3A\eclipse-workspace\reto3\db\usuarios.odb' is closed by 2392@HZ399404

------------------------------------------------------------------------------------------------------------------------

[2024-04-24 08:58:30 #1 store] 
Database 'C:\Users\ik_1DW3A\eclipse-workspace\reto3\db\usuarios.odb' is opened by 1544@HZ399404

[2024-04-24 08:58:30 #2 store] 
Configuration path: ?

[2024-04-24 08:58:30 #3 type] 
Type definicion.Usuario is not enhanced.

[2024-04-24 08:58:30 #4 store] 
Database 'C:\Users\ik_1DW3A\eclipse-workspace\reto3\db\usuarios.odb' is closed by 1544@HZ399404

[2024-04-24 08:58:30 #5 store] 
Database 'C:\Users\ik_1DW3A\eclipse-workspace\reto3\db\usuarios.odb' is opened by 1544@HZ399404

[2024-04-24 08:58:30 #6 store] 
Configuration path: ?

[2024-04-24 08:58:30 #7 store] 
Database 'C:\Users\ik_1DW3A\eclipse-workspace\reto3\db\usuarios.odb' is closed by 1544@HZ399404

[2024-04-24 08:58:32 #8 store] 
Database 'C:\Users\ik_1DW3A\eclipse-workspace\reto3\db\usuarios.odb' is opened by 1544@HZ399404

[2024-04-24 08:58:32 #9 store] 
Configuration path: ?

[2024-04-24 08:58:32 #10 store] 
Database 'C:\Users\ik_1DW3A\eclipse-workspace\reto3\db\usuarios.odb' is closed by 1544@HZ399404

[2024-04-24 08:58:35 #11 store] 
Database 'C:\Users\ik_1DW3A\eclipse-workspace\reto3\db\usuarios.odb' is opened by 1544@HZ399404

[2024-04-24 08:58:35 #12 store] 
Configuration path: ?

[2024-04-24 08:58:35 #13 store] 
Database 'C:\Users\ik_1DW3A\eclipse-workspace\reto3\db\usuarios.odb' is closed by 1544@HZ399404

[2024-04-24 08:58:40 #14 store] 
Database 'C:\Users\ik_1DW3A\eclipse-workspace\reto3\db\usuarios.odb' is opened by 1544@HZ399404

[2024-04-24 08:58:40 #15 store] 
Configuration path: ?

[2024-04-24 08:58:40 #16 store] 
Database 'C:\Users\ik_1DW3A\eclipse-workspace\reto3\db\usuarios.odb' is closed by 1544@HZ399404

------------------------------------------------------------------------------------------------------------------------

[2024-04-24 10:43:20 #1 store] 
Database 'C:\Users\ik_1DW3A\eclipse-workspace\reto3\db\usuarios.odb' is opened by 7980@HZ399404

[2024-04-24 10:43:20 #2 store] 
Configuration path: ?

[2024-04-24 10:43:20 #3 type] 
Type definicion.Usuario is not enhanced.

[2024-04-24 10:43:20 #4 store] 
Database 'C:\Users\ik_1DW3A\eclipse-workspace\reto3\db\usuarios.odb' is closed by 7980@HZ399404

[2024-04-24 10:43:21 #5 store] 
Database 'C:\Users\ik_1DW3A\eclipse-workspace\reto3\db\usuarios.odb' is opened by 7980@HZ399404

[2024-04-24 10:43:21 #6 store] 
Configuration path: ?

[2024-04-24 10:43:21 #7 store] 
Database 'C:\Users\ik_1DW3A\eclipse-workspace\reto3\db\usuarios.odb' is closed by 7980@HZ399404

[2024-04-24 10:43:45 #8 store] 
Database 'C:\Users\ik_1DW3A\eclipse-workspace\reto3\db\usuarios.odb' is opened by 7980@HZ399404

[2024-04-24 10:43:45 #9 store] 
Configuration path: ?

[2024-04-24 10:43:45 #10 store] 
Database 'C:\Users\ik_1DW3A\eclipse-workspace\reto3\db\usuarios.odb' is closed by 7980@HZ399404

[2024-04-24 10:43:57 #11 store] 
Database 'C:\Users\ik_1DW3A\eclipse-workspace\reto3\db\usuarios.odb' is opened by 7980@HZ399404

[2024-04-24 10:43:57 #12 store] 
Configuration path: ?

[2024-04-24 10:43:57 #13 store] 
Database 'C:\Users\ik_1DW3A\eclipse-workspace\reto3\db\usuarios.odb' is closed by 7980@HZ399404

[2024-04-24 10:43:57 #14 store] 
Database 'C:\Users\ik_1DW3A\eclipse-workspace\reto3\db\usuarios.odb' is opened by 7980@HZ399404

[2024-04-24 10:43:57 #15 store] 
Configuration path: ?

[2024-04-24 10:43:57 #16 store] 
Database 'C:\Users\ik_1DW3A\eclipse-workspace\reto3\db\usuarios.odb' is closed by 7980@HZ399404

[2024-04-24 10:44:00 #17 store] 
Database 'C:\Users\ik_1DW3A\eclipse-workspace\reto3\db\usuarios.odb' is opened by 7980@HZ399404

[2024-04-24 10:44:00 #18 store] 
Configuration path: ?

[2024-04-24 10:44:00 #19 store] 
Database 'C:\Users\ik_1DW3A\eclipse-workspace\reto3\db\usuarios.odb' is closed by 7980@HZ399404

[2024-04-24 10:44:12 #20 store] 
Database 'C:\Users\ik_1DW3A\eclipse-workspace\reto3\db\usuarios.odb' is opened by 7980@HZ399404

[2024-04-24 10:44:12 #21 store] 
Configuration path: ?

[2024-04-24 10:44:12 #22 store] 
Database 'C:\Users\ik_1DW3A\eclipse-workspace\reto3\db\usuarios.odb' is closed by 7980@HZ399404

[2024-04-24 10:44:34 #23 store] 
Database 'C:\Users\ik_1DW3A\eclipse-workspace\reto3\db\usuarios.odb' is opened by 7980@HZ399404

[2024-04-24 10:44:34 #24 store] 
Configuration path: ?

[2024-04-24 10:44:34 #25 store] 
Database 'C:\Users\ik_1DW3A\eclipse-workspace\reto3\db\usuarios.odb' is closed by 7980@HZ399404

------------------------------------------------------------------------------------------------------------------------

[2024-04-24 10:45:05 #1 store] 
Database 'C:\Users\ik_1DW3A\eclipse-workspace\reto3\db\usuarios.odb' is opened by 8584@HZ399404

[2024-04-24 10:45:05 #2 store] 
Configuration path: ?

[2024-04-24 10:45:05 #3 type] 
Type definicion.Usuario is not enhanced.

[2024-04-24 10:45:05 #4 store] 
Database 'C:\Users\ik_1DW3A\eclipse-workspace\reto3\db\usuarios.odb' is closed by 8584@HZ399404

[2024-04-24 10:45:05 #5 store] 
Database 'C:\Users\ik_1DW3A\eclipse-workspace\reto3\db\usuarios.odb' is opened by 8584@HZ399404

[2024-04-24 10:45:05 #6 store] 
Configuration path: ?

[2024-04-24 10:45:05 #7 store] 
Database 'C:\Users\ik_1DW3A\eclipse-workspace\reto3\db\usuarios.odb' is closed by 8584@HZ399404

[2024-04-24 10:45:10 #8 store] 
Database 'C:\Users\ik_1DW3A\eclipse-workspace\reto3\db\usuarios.odb' is opened by 8584@HZ399404

[2024-04-24 10:45:10 #9 store] 
Configuration path: ?

[2024-04-24 10:45:10 #10 store] 
Database 'C:\Users\ik_1DW3A\eclipse-workspace\reto3\db\usuarios.odb' is closed by 8584@HZ399404

[2024-04-24 10:45:13 #11 store] 
Database 'C:\Users\ik_1DW3A\eclipse-workspace\reto3\db\usuarios.odb' is opened by 8584@HZ399404

[2024-04-24 10:45:13 #12 store] 
Configuration path: ?

[2024-04-24 10:45:13 #13 store] 
Database 'C:\Users\ik_1DW3A\eclipse-workspace\reto3\db\usuarios.odb' is closed by 8584@HZ399404

[2024-04-24 10:50:24 #14 store] 
Database 'C:\Users\ik_1DW3A\eclipse-workspace\reto3\db\usuarios.odb' is opened by 8584@HZ399404

[2024-04-24 10:50:24 #15 store] 
Configuration path: ?

[2024-04-24 10:50:24 #16 store] 
Database 'C:\Users\ik_1DW3A\eclipse-workspace\reto3\db\usuarios.odb' is closed by 8584@HZ399404

[2024-04-24 10:51:28 #17 store] 
Database 'C:\Users\ik_1DW3A\eclipse-workspace\reto3\db\usuarios.odb' is opened by 8584@HZ399404

[2024-04-24 10:51:28 #18 store] 
Configuration path: ?

[2024-04-24 10:51:28 #19 store] 
Database 'C:\Users\ik_1DW3A\eclipse-workspace\reto3\db\usuarios.odb' is closed by 8584@HZ399404

[2024-04-24 10:52:04 #20 store] 
Database 'C:\Users\ik_1DW3A\eclipse-workspace\reto3\db\usuarios.odb' is opened by 8584@HZ399404

[2024-04-24 10:52:04 #21 store] 
Configuration path: ?

[2024-04-24 10:52:04 #22 store] 
Database 'C:\Users\ik_1DW3A\eclipse-workspace\reto3\db\usuarios.odb' is closed by 8584@HZ399404

[2024-04-24 10:52:28 #23 store] 
Database 'C:\Users\ik_1DW3A\eclipse-workspace\reto3\db\usuarios.odb' is opened by 8584@HZ399404

[2024-04-24 10:52:28 #24 store] 
Configuration path: ?

[2024-04-24 10:52:28 #25 store] 
Database 'C:\Users\ik_1DW3A\eclipse-workspace\reto3\db\usuarios.odb' is closed by 8584@HZ399404

[2024-04-24 10:53:22 #26 store] 
Database 'C:\Users\ik_1DW3A\eclipse-workspace\reto3\db\usuarios.odb' is opened by 8584@HZ399404

[2024-04-24 10:53:22 #27 store] 
Configuration path: ?

[2024-04-24 10:53:22 #28 store] 
Database 'C:\Users\ik_1DW3A\eclipse-workspace\reto3\db\usuarios.odb' is closed by 8584@HZ399404

------------------------------------------------------------------------------------------------------------------------

[2024-04-24 11:38:42 #1 store] 
Database 'C:\Users\ik_1DW3A\eclipse-workspace\reto3\db\usuarios.odb' is opened by 5056@HZ399404

[2024-04-24 11:38:42 #2 store] 
Configuration path: ?

[2024-04-24 11:38:42 #3 type] 
Type definicion.Usuario is not enhanced.

[2024-04-24 11:38:42 #4 store] 
Database 'C:\Users\ik_1DW3A\eclipse-workspace\reto3\db\usuarios.odb' is closed by 5056@HZ399404

[2024-04-24 11:38:42 #5 store] 
Database 'C:\Users\ik_1DW3A\eclipse-workspace\reto3\db\usuarios.odb' is opened by 5056@HZ399404

[2024-04-24 11:38:42 #6 store] 
Configuration path: ?

[2024-04-24 11:38:42 #7 store] 
Database 'C:\Users\ik_1DW3A\eclipse-workspace\reto3\db\usuarios.odb' is closed by 5056@HZ399404

[2024-04-24 11:38:44 #8 store] 
Database 'C:\Users\ik_1DW3A\eclipse-workspace\reto3\db\usuarios.odb' is opened by 5056@HZ399404

[2024-04-24 11:38:44 #9 store] 
Configuration path: ?

[2024-04-24 11:38:44 #10 store] 
Database 'C:\Users\ik_1DW3A\eclipse-workspace\reto3\db\usuarios.odb' is closed by 5056@HZ399404

[2024-04-24 11:38:45 #11 store] 
Database 'C:\Users\ik_1DW3A\eclipse-workspace\reto3\db\usuarios.odb' is opened by 5056@HZ399404

[2024-04-24 11:38:45 #12 store] 
Configuration path: ?

[2024-04-24 11:38:45 #13 store] 
Database 'C:\Users\ik_1DW3A\eclipse-workspace\reto3\db\usuarios.odb' is closed by 5056@HZ399404

------------------------------------------------------------------------------------------------------------------------

[2024-04-24 11:40:39 #1 store] 
Database 'C:\Users\ik_1DW3A\eclipse-workspace\reto3\db\usuarios.odb' is opened by 3292@HZ399404

[2024-04-24 11:40:39 #2 store] 
Configuration path: ?

[2024-04-24 11:40:39 #3 type] 
Type definicion.Usuario is not enhanced.

[2024-04-24 11:40:39 #4 store] 
Database 'C:\Users\ik_1DW3A\eclipse-workspace\reto3\db\usuarios.odb' is closed by 3292@HZ399404

[2024-04-24 11:40:39 #5 store] 
Database 'C:\Users\ik_1DW3A\eclipse-workspace\reto3\db\usuarios.odb' is opened by 3292@HZ399404

[2024-04-24 11:40:39 #6 store] 
Configuration path: ?

[2024-04-24 11:40:39 #7 store] 
Database 'C:\Users\ik_1DW3A\eclipse-workspace\reto3\db\usuarios.odb' is closed by 3292@HZ399404

[2024-04-24 11:40:41 #8 store] 
Database 'C:\Users\ik_1DW3A\eclipse-workspace\reto3\db\usuarios.odb' is opened by 3292@HZ399404

[2024-04-24 11:40:41 #9 store] 
Configuration path: ?

[2024-04-24 11:40:41 #10 store] 
Database 'C:\Users\ik_1DW3A\eclipse-workspace\reto3\db\usuarios.odb' is closed by 3292@HZ399404

[2024-04-24 11:40:42 #11 store] 
Database 'C:\Users\ik_1DW3A\eclipse-workspace\reto3\db\usuarios.odb' is opened by 3292@HZ399404

[2024-04-24 11:40:42 #12 store] 
Configuration path: ?

[2024-04-24 11:40:42 #13 store] 
Database 'C:\Users\ik_1DW3A\eclipse-workspace\reto3\db\usuarios.odb' is closed by 3292@HZ399404

------------------------------------------------------------------------------------------------------------------------

[2024-04-24 11:49:01 #1 store] 
Database 'C:\Users\ik_1DW3A\eclipse-workspace\reto3\db\usuarios.odb' is opened by 9956@HZ399404

[2024-04-24 11:49:01 #2 store] 
Configuration path: ?

[2024-04-24 11:49:01 #3 type] 
Type definicion.Usuario is not enhanced.

[2024-04-24 11:49:01 #4 store] 
Database 'C:\Users\ik_1DW3A\eclipse-workspace\reto3\db\usuarios.odb' is closed by 9956@HZ399404

[2024-04-24 11:49:01 #5 store] 
Database 'C:\Users\ik_1DW3A\eclipse-workspace\reto3\db\usuarios.odb' is opened by 9956@HZ399404

[2024-04-24 11:49:01 #6 store] 
Configuration path: ?

[2024-04-24 11:49:01 #7 store] 
Database 'C:\Users\ik_1DW3A\eclipse-workspace\reto3\db\usuarios.odb' is closed by 9956@HZ399404

[2024-04-24 11:49:10 #8 store] 
Database 'C:\Users\ik_1DW3A\eclipse-workspace\reto3\db\usuarios.odb' is opened by 9956@HZ399404

[2024-04-24 11:49:10 #9 store] 
Configuration path: ?

[2024-04-24 11:49:10 #10 store] 
Database 'C:\Users\ik_1DW3A\eclipse-workspace\reto3\db\usuarios.odb' is closed by 9956@HZ399404

[2024-04-24 11:49:11 #11 store] 
Database 'C:\Users\ik_1DW3A\eclipse-workspace\reto3\db\usuarios.odb' is opened by 9956@HZ399404

[2024-04-24 11:49:11 #12 store] 
Configuration path: ?

[2024-04-24 11:49:11 #13 store] 
Database 'C:\Users\ik_1DW3A\eclipse-workspace\reto3\db\usuarios.odb' is closed by 9956@HZ399404

------------------------------------------------------------------------------------------------------------------------

[2024-04-24 11:52:43 #1 store] 
Database 'C:\Users\ik_1DW3A\eclipse-workspace\reto3\db\usuarios.odb' is opened by 2204@HZ399404

[2024-04-24 11:52:43 #2 store] 
Configuration path: ?

[2024-04-24 11:52:43 #3 type] 
Type definicion.Usuario is not enhanced.

[2024-04-24 11:52:43 #4 store] 
Database 'C:\Users\ik_1DW3A\eclipse-workspace\reto3\db\usuarios.odb' is closed by 2204@HZ399404

[2024-04-24 11:52:44 #5 store] 
Database 'C:\Users\ik_1DW3A\eclipse-workspace\reto3\db\usuarios.odb' is opened by 2204@HZ399404

[2024-04-24 11:52:44 #6 store] 
Configuration path: ?

[2024-04-24 11:52:44 #7 store] 
Database 'C:\Users\ik_1DW3A\eclipse-workspace\reto3\db\usuarios.odb' is closed by 2204@HZ399404

------------------------------------------------------------------------------------------------------------------------

[2024-04-24 11:58:21 #1 store] 
Database 'C:\Users\ik_1DW3A\eclipse-workspace\reto3\db\usuarios.odb' is opened by 4432@HZ399404

[2024-04-24 11:58:21 #2 store] 
Configuration path: ?

[2024-04-24 11:58:21 #3 type] 
Type definicion.Usuario is not enhanced.

[2024-04-24 11:58:21 #4 store] 
Database 'C:\Users\ik_1DW3A\eclipse-workspace\reto3\db\usuarios.odb' is closed by 4432@HZ399404

[2024-04-24 11:58:21 #5 store] 
Database 'C:\Users\ik_1DW3A\eclipse-workspace\reto3\db\usuarios.odb' is opened by 4432@HZ399404

[2024-04-24 11:58:21 #6 store] 
Configuration path: ?

[2024-04-24 11:58:21 #7 store] 
Database 'C:\Users\ik_1DW3A\eclipse-workspace\reto3\db\usuarios.odb' is closed by 4432@HZ399404

[2024-04-24 11:58:24 #8 store] 
Database 'C:\Users\ik_1DW3A\eclipse-workspace\reto3\db\usuarios.odb' is opened by 4432@HZ399404

[2024-04-24 11:58:24 #9 store] 
Configuration path: ?

[2024-04-24 11:58:24 #10 store] 
Database 'C:\Users\ik_1DW3A\eclipse-workspace\reto3\db\usuarios.odb' is closed by 4432@HZ399404

[2024-04-24 11:58:25 #11 store] 
Database 'C:\Users\ik_1DW3A\eclipse-workspace\reto3\db\usuarios.odb' is opened by 4432@HZ399404

[2024-04-24 11:58:25 #12 store] 
Configuration path: ?

[2024-04-24 11:58:25 #13 store] 
Database 'C:\Users\ik_1DW3A\eclipse-workspace\reto3\db\usuarios.odb' is closed by 4432@HZ399404

------------------------------------------------------------------------------------------------------------------------

[2024-04-24 12:12:08 #1 store] 
Database 'C:\Users\ik_1DW3A\eclipse-workspace\reto3\db\usuarios.odb' is opened by 5888@HZ399404

[2024-04-24 12:12:08 #2 store] 
Configuration path: ?

[2024-04-24 12:12:08 #3 type] 
Type definicion.Usuario is not enhanced.

[2024-04-24 12:12:08 #4 store] 
Database 'C:\Users\ik_1DW3A\eclipse-workspace\reto3\db\usuarios.odb' is closed by 5888@HZ399404

[2024-04-24 12:12:08 #5 store] 
Database 'C:\Users\ik_1DW3A\eclipse-workspace\reto3\db\usuarios.odb' is opened by 5888@HZ399404

[2024-04-24 12:12:08 #6 store] 
Configuration path: ?

[2024-04-24 12:12:08 #7 store] 
Database 'C:\Users\ik_1DW3A\eclipse-workspace\reto3\db\usuarios.odb' is closed by 5888@HZ399404

[2024-04-24 12:12:10 #8 store] 
Database 'C:\Users\ik_1DW3A\eclipse-workspace\reto3\db\usuarios.odb' is opened by 5888@HZ399404

[2024-04-24 12:12:10 #9 store] 
Configuration path: ?

[2024-04-24 12:12:10 #10 store] 
Database 'C:\Users\ik_1DW3A\eclipse-workspace\reto3\db\usuarios.odb' is closed by 5888@HZ399404

[2024-04-24 12:12:11 #11 store] 
Database 'C:\Users\ik_1DW3A\eclipse-workspace\reto3\db\usuarios.odb' is opened by 5888@HZ399404

[2024-04-24 12:12:11 #12 store] 
Configuration path: ?

[2024-04-24 12:12:11 #13 store] 
Database 'C:\Users\ik_1DW3A\eclipse-workspace\reto3\db\usuarios.odb' is closed by 5888@HZ399404

------------------------------------------------------------------------------------------------------------------------

[2024-04-24 12:16:20 #1 store] 
Database 'C:\Users\ik_1DW3A\eclipse-workspace\reto3\db\usuarios.odb' is opened by 1664@HZ399404

[2024-04-24 12:16:20 #2 store] 
Configuration path: ?

[2024-04-24 12:16:20 #3 type] 
Type definicion.Usuario is not enhanced.

[2024-04-24 12:16:20 #4 store] 
Database 'C:\Users\ik_1DW3A\eclipse-workspace\reto3\db\usuarios.odb' is closed by 1664@HZ399404

[2024-04-24 12:16:20 #5 store] 
Database 'C:\Users\ik_1DW3A\eclipse-workspace\reto3\db\usuarios.odb' is opened by 1664@HZ399404

[2024-04-24 12:16:20 #6 store] 
Configuration path: ?

[2024-04-24 12:16:20 #7 store] 
Database 'C:\Users\ik_1DW3A\eclipse-workspace\reto3\db\usuarios.odb' is closed by 1664@HZ399404

[2024-04-24 12:16:23 #8 store] 
Database 'C:\Users\ik_1DW3A\eclipse-workspace\reto3\db\usuarios.odb' is opened by 1664@HZ399404

[2024-04-24 12:16:23 #9 store] 
Configuration path: ?

[2024-04-24 12:16:23 #10 store] 
Database 'C:\Users\ik_1DW3A\eclipse-workspace\reto3\db\usuarios.odb' is closed by 1664@HZ399404

[2024-04-24 12:16:27 #11 store] 
Database 'C:\Users\ik_1DW3A\eclipse-workspace\reto3\db\usuarios.odb' is opened by 1664@HZ399404

[2024-04-24 12:16:27 #12 store] 
Configuration path: ?

[2024-04-24 12:16:27 #13 store] 
Database 'C:\Users\ik_1DW3A\eclipse-workspace\reto3\db\usuarios.odb' is closed by 1664@HZ399404

------------------------------------------------------------------------------------------------------------------------

[2024-04-24 13:14:23 #1 store] 
Database 'C:\Users\ik_1DW3A\eclipse-workspace\reto3\db\usuarios.odb' is opened by 4160@HZ399404

[2024-04-24 13:14:24 #2 store] 
Configuration path: ?

[2024-04-24 13:14:24 #3 type] 
Type definicion.Usuario is not enhanced.

[2024-04-24 13:14:24 #4 store] 
Database 'C:\Users\ik_1DW3A\eclipse-workspace\reto3\db\usuarios.odb' is closed by 4160@HZ399404

[2024-04-24 13:14:24 #5 store] 
Database 'C:\Users\ik_1DW3A\eclipse-workspace\reto3\db\usuarios.odb' is opened by 4160@HZ399404

[2024-04-24 13:14:24 #6 store] 
Configuration path: ?

[2024-04-24 13:14:24 #7 store] 
Database 'C:\Users\ik_1DW3A\eclipse-workspace\reto3\db\usuarios.odb' is closed by 4160@HZ399404

[2024-04-24 13:14:25 #8 store] 
Database 'C:\Users\ik_1DW3A\eclipse-workspace\reto3\db\usuarios.odb' is opened by 4160@HZ399404

[2024-04-24 13:14:25 #9 store] 
Configuration path: ?

[2024-04-24 13:14:25 #10 store] 
Database 'C:\Users\ik_1DW3A\eclipse-workspace\reto3\db\usuarios.odb' is closed by 4160@HZ399404

[2024-04-24 13:14:27 #11 store] 
Database 'C:\Users\ik_1DW3A\eclipse-workspace\reto3\db\usuarios.odb' is opened by 4160@HZ399404

[2024-04-24 13:14:27 #12 store] 
Configuration path: ?

[2024-04-24 13:14:27 #13 store] 
Database 'C:\Users\ik_1DW3A\eclipse-workspace\reto3\db\usuarios.odb' is closed by 4160@HZ399404

------------------------------------------------------------------------------------------------------------------------

[2024-04-24 13:25:42 #1 store] 
Database 'C:\Users\ik_1DW3A\eclipse-workspace\reto3\db\usuarios.odb' is opened by 12820@HZ399404

[2024-04-24 13:25:42 #2 store] 
Configuration path: ?

[2024-04-24 13:25:42 #3 type] 
Type definicion.Usuario is not enhanced.

[2024-04-24 13:25:42 #4 store] 
Database 'C:\Users\ik_1DW3A\eclipse-workspace\reto3\db\usuarios.odb' is closed by 12820@HZ399404

[2024-04-24 13:25:42 #5 store] 
Database 'C:\Users\ik_1DW3A\eclipse-workspace\reto3\db\usuarios.odb' is opened by 12820@HZ399404

[2024-04-24 13:25:42 #6 store] 
Configuration path: ?

[2024-04-24 13:25:42 #7 store] 
Database 'C:\Users\ik_1DW3A\eclipse-workspace\reto3\db\usuarios.odb' is closed by 12820@HZ399404

[2024-04-24 13:25:54 #8 store] 
Database 'C:\Users\ik_1DW3A\eclipse-workspace\reto3\db\usuarios.odb' is opened by 12820@HZ399404

[2024-04-24 13:25:54 #9 store] 
Configuration path: ?

[2024-04-24 13:25:54 #10 store] 
Database 'C:\Users\ik_1DW3A\eclipse-workspace\reto3\db\usuarios.odb' is closed by 12820@HZ399404

[2024-04-24 13:25:57 #11 store] 
Database 'C:\Users\ik_1DW3A\eclipse-workspace\reto3\db\usuarios.odb' is opened by 12820@HZ399404

[2024-04-24 13:25:57 #12 store] 
Configuration path: ?

[2024-04-24 13:25:57 #13 store] 
Database 'C:\Users\ik_1DW3A\eclipse-workspace\reto3\db\usuarios.odb' is closed by 12820@HZ399404

------------------------------------------------------------------------------------------------------------------------

[2024-04-24 13:29:43 #1 store] 
Database 'C:\Users\ik_1DW3A\eclipse-workspace\reto3\db\usuarios.odb' is opened by 8860@HZ399404

[2024-04-24 13:29:43 #2 store] 
Configuration path: ?

[2024-04-24 13:29:43 #3 type] 
Type definicion.Usuario is not enhanced.

[2024-04-24 13:29:43 #4 store] 
Database 'C:\Users\ik_1DW3A\eclipse-workspace\reto3\db\usuarios.odb' is closed by 8860@HZ399404

[2024-04-24 13:29:43 #5 store] 
Database 'C:\Users\ik_1DW3A\eclipse-workspace\reto3\db\usuarios.odb' is opened by 8860@HZ399404

[2024-04-24 13:29:43 #6 store] 
Configuration path: ?

[2024-04-24 13:29:43 #7 store] 
Database 'C:\Users\ik_1DW3A\eclipse-workspace\reto3\db\usuarios.odb' is closed by 8860@HZ399404

[2024-04-24 13:29:45 #8 store] 
Database 'C:\Users\ik_1DW3A\eclipse-workspace\reto3\db\usuarios.odb' is opened by 8860@HZ399404

[2024-04-24 13:29:45 #9 store] 
Configuration path: ?

[2024-04-24 13:29:45 #10 store] 
Database 'C:\Users\ik_1DW3A\eclipse-workspace\reto3\db\usuarios.odb' is closed by 8860@HZ399404

[2024-04-24 13:29:46 #11 store] 
Database 'C:\Users\ik_1DW3A\eclipse-workspace\reto3\db\usuarios.odb' is opened by 8860@HZ399404

[2024-04-24 13:29:46 #12 store] 
Configuration path: ?

[2024-04-24 13:29:46 #13 store] 
Database 'C:\Users\ik_1DW3A\eclipse-workspace\reto3\db\usuarios.odb' is closed by 8860@HZ399404

------------------------------------------------------------------------------------------------------------------------

[2024-04-24 13:31:04 #1 store] 
Database 'C:\Users\ik_1DW3A\eclipse-workspace\reto3\db\usuarios.odb' is opened by 2808@HZ399404

[2024-04-24 13:31:04 #2 store] 
Configuration path: ?

[2024-04-24 13:31:04 #3 type] 
Type definicion.Usuario is not enhanced.

[2024-04-24 13:31:04 #4 store] 
Database 'C:\Users\ik_1DW3A\eclipse-workspace\reto3\db\usuarios.odb' is closed by 2808@HZ399404

[2024-04-24 13:31:04 #5 store] 
Database 'C:\Users\ik_1DW3A\eclipse-workspace\reto3\db\usuarios.odb' is opened by 2808@HZ399404

[2024-04-24 13:31:04 #6 store] 
Configuration path: ?

[2024-04-24 13:31:04 #7 store] 
Database 'C:\Users\ik_1DW3A\eclipse-workspace\reto3\db\usuarios.odb' is closed by 2808@HZ399404

[2024-04-24 13:31:05 #8 store] 
Database 'C:\Users\ik_1DW3A\eclipse-workspace\reto3\db\usuarios.odb' is opened by 2808@HZ399404

[2024-04-24 13:31:05 #9 store] 
Configuration path: ?

[2024-04-24 13:31:05 #10 store] 
Database 'C:\Users\ik_1DW3A\eclipse-workspace\reto3\db\usuarios.odb' is closed by 2808@HZ399404

[2024-04-24 13:31:06 #11 store] 
Database 'C:\Users\ik_1DW3A\eclipse-workspace\reto3\db\usuarios.odb' is opened by 2808@HZ399404

[2024-04-24 13:31:06 #12 store] 
Configuration path: ?

[2024-04-24 13:31:06 #13 store] 
Database 'C:\Users\ik_1DW3A\eclipse-workspace\reto3\db\usuarios.odb' is closed by 2808@HZ399404

------------------------------------------------------------------------------------------------------------------------

[2024-04-24 13:31:20 #1 store] 
Database 'C:\Users\ik_1DW3A\eclipse-workspace\reto3\db\usuarios.odb' is opened by 7824@HZ399404

[2024-04-24 13:31:20 #2 store] 
Configuration path: ?

[2024-04-24 13:31:20 #3 type] 
Type definicion.Usuario is not enhanced.

[2024-04-24 13:31:20 #4 store] 
Database 'C:\Users\ik_1DW3A\eclipse-workspace\reto3\db\usuarios.odb' is closed by 7824@HZ399404

[2024-04-24 13:31:20 #5 store] 
Database 'C:\Users\ik_1DW3A\eclipse-workspace\reto3\db\usuarios.odb' is opened by 7824@HZ399404

[2024-04-24 13:31:20 #6 store] 
Configuration path: ?

[2024-04-24 13:31:20 #7 store] 
Database 'C:\Users\ik_1DW3A\eclipse-workspace\reto3\db\usuarios.odb' is closed by 7824@HZ399404

[2024-04-24 13:31:23 #8 store] 
Database 'C:\Users\ik_1DW3A\eclipse-workspace\reto3\db\usuarios.odb' is opened by 7824@HZ399404

[2024-04-24 13:31:23 #9 store] 
Configuration path: ?

[2024-04-24 13:31:23 #10 store] 
Database 'C:\Users\ik_1DW3A\eclipse-workspace\reto3\db\usuarios.odb' is closed by 7824@HZ399404

[2024-04-24 13:31:25 #11 store] 
Database 'C:\Users\ik_1DW3A\eclipse-workspace\reto3\db\usuarios.odb' is opened by 7824@HZ399404

[2024-04-24 13:31:25 #12 store] 
Configuration path: ?

[2024-04-24 13:31:25 #13 store] 
Database 'C:\Users\ik_1DW3A\eclipse-workspace\reto3\db\usuarios.odb' is closed by 7824@HZ399404

[2024-04-24 13:32:55 #14 store] 
Database 'C:\Users\ik_1DW3A\eclipse-workspace\reto3\db\usuarios.odb' is opened by 7824@HZ399404

[2024-04-24 13:32:55 #15 store] 
Configuration path: ?

[2024-04-24 13:32:55 #16 store] 
Database 'C:\Users\ik_1DW3A\eclipse-workspace\reto3\db\usuarios.odb' is closed by 7824@HZ399404

------------------------------------------------------------------------------------------------------------------------

[2024-04-24 13:39:03 #1 store] 
Database 'C:\Users\ik_1DW3A\eclipse-workspace\reto3\db\usuarios.odb' is opened by 10228@HZ399404

[2024-04-24 13:39:03 #2 store] 
Configuration path: ?

[2024-04-24 13:39:03 #3 type] 
Type definicion.Usuario is not enhanced.

[2024-04-24 13:39:03 #4 store] 
Database 'C:\Users\ik_1DW3A\eclipse-workspace\reto3\db\usuarios.odb' is closed by 10228@HZ399404

[2024-04-24 13:39:03 #5 store] 
Database 'C:\Users\ik_1DW3A\eclipse-workspace\reto3\db\usuarios.odb' is opened by 10228@HZ399404

[2024-04-24 13:39:03 #6 store] 
Configuration path: ?

[2024-04-24 13:39:03 #7 store] 
Database 'C:\Users\ik_1DW3A\eclipse-workspace\reto3\db\usuarios.odb' is closed by 10228@HZ399404

[2024-04-24 13:39:05 #8 store] 
Database 'C:\Users\ik_1DW3A\eclipse-workspace\reto3\db\usuarios.odb' is opened by 10228@HZ399404

[2024-04-24 13:39:05 #9 store] 
Configuration path: ?

[2024-04-24 13:39:05 #10 store] 
Database 'C:\Users\ik_1DW3A\eclipse-workspace\reto3\db\usuarios.odb' is closed by 10228@HZ399404

[2024-04-24 13:39:07 #11 store] 
Database 'C:\Users\ik_1DW3A\eclipse-workspace\reto3\db\usuarios.odb' is opened by 10228@HZ399404

[2024-04-24 13:39:07 #12 store] 
Configuration path: ?

[2024-04-24 13:39:07 #13 store] 
Database 'C:\Users\ik_1DW3A\eclipse-workspace\reto3\db\usuarios.odb' is closed by 10228@HZ399404

------------------------------------------------------------------------------------------------------------------------

[2024-04-24 13:40:08 #1 store] 
Database 'C:\Users\ik_1DW3A\eclipse-workspace\reto3\db\usuarios.odb' is opened by 7188@HZ399404

[2024-04-24 13:40:08 #2 store] 
Configuration path: ?

[2024-04-24 13:40:08 #3 type] 
Type definicion.Usuario is not enhanced.

[2024-04-24 13:40:08 #4 store] 
Database 'C:\Users\ik_1DW3A\eclipse-workspace\reto3\db\usuarios.odb' is closed by 7188@HZ399404

[2024-04-24 13:40:08 #5 store] 
Database 'C:\Users\ik_1DW3A\eclipse-workspace\reto3\db\usuarios.odb' is opened by 7188@HZ399404

[2024-04-24 13:40:08 #6 store] 
Configuration path: ?

[2024-04-24 13:40:08 #7 store] 
Database 'C:\Users\ik_1DW3A\eclipse-workspace\reto3\db\usuarios.odb' is closed by 7188@HZ399404

[2024-04-24 13:40:11 #8 store] 
Database 'C:\Users\ik_1DW3A\eclipse-workspace\reto3\db\usuarios.odb' is opened by 7188@HZ399404

[2024-04-24 13:40:11 #9 store] 
Configuration path: ?

[2024-04-24 13:40:11 #10 store] 
Database 'C:\Users\ik_1DW3A\eclipse-workspace\reto3\db\usuarios.odb' is closed by 7188@HZ399404

[2024-04-24 13:40:13 #11 store] 
Database 'C:\Users\ik_1DW3A\eclipse-workspace\reto3\db\usuarios.odb' is opened by 7188@HZ399404

[2024-04-24 13:40:13 #12 store] 
Configuration path: ?

[2024-04-24 13:40:13 #13 store] 
Database 'C:\Users\ik_1DW3A\eclipse-workspace\reto3\db\usuarios.odb' is closed by 7188@HZ399404

------------------------------------------------------------------------------------------------------------------------

[2024-04-24 13:41:34 #1 store] 
Database 'C:\Users\ik_1DW3A\eclipse-workspace\reto3\db\usuarios.odb' is opened by 1472@HZ399404

[2024-04-24 13:41:34 #2 store] 
Configuration path: ?

[2024-04-24 13:41:34 #3 type] 
Type definicion.Usuario is not enhanced.

[2024-04-24 13:41:34 #4 store] 
Database 'C:\Users\ik_1DW3A\eclipse-workspace\reto3\db\usuarios.odb' is closed by 1472@HZ399404

[2024-04-24 13:41:36 #5 store] 
Database 'C:\Users\ik_1DW3A\eclipse-workspace\reto3\db\usuarios.odb' is opened by 1472@HZ399404

[2024-04-24 13:41:36 #6 store] 
Configuration path: ?

[2024-04-24 13:41:36 #7 store] 
Database 'C:\Users\ik_1DW3A\eclipse-workspace\reto3\db\usuarios.odb' is closed by 1472@HZ399404

------------------------------------------------------------------------------------------------------------------------

[2024-04-24 13:47:40 #1 store] 
Database 'C:\Users\ik_1DW3A\eclipse-workspace\reto3\db\usuarios.odb' is opened by 9504@HZ399404

[2024-04-24 13:47:40 #2 store] 
Configuration path: ?

[2024-04-24 13:47:40 #3 type] 
Type definicion.Usuario is not enhanced.

[2024-04-24 13:47:40 #4 store] 
Database 'C:\Users\ik_1DW3A\eclipse-workspace\reto3\db\usuarios.odb' is closed by 9504@HZ399404

[2024-04-24 13:47:40 #5 store] 
Database 'C:\Users\ik_1DW3A\eclipse-workspace\reto3\db\usuarios.odb' is opened by 9504@HZ399404

[2024-04-24 13:47:40 #6 store] 
Configuration path: ?

[2024-04-24 13:47:40 #7 store] 
Database 'C:\Users\ik_1DW3A\eclipse-workspace\reto3\db\usuarios.odb' is closed by 9504@HZ399404

[2024-04-24 13:47:43 #8 store] 
Database 'C:\Users\ik_1DW3A\eclipse-workspace\reto3\db\usuarios.odb' is opened by 9504@HZ399404

[2024-04-24 13:47:43 #9 store] 
Configuration path: ?

[2024-04-24 13:47:43 #10 store] 
Database 'C:\Users\ik_1DW3A\eclipse-workspace\reto3\db\usuarios.odb' is closed by 9504@HZ399404

[2024-04-24 13:47:44 #11 store] 
Database 'C:\Users\ik_1DW3A\eclipse-workspace\reto3\db\usuarios.odb' is opened by 9504@HZ399404

[2024-04-24 13:47:44 #12 store] 
Configuration path: ?

[2024-04-24 13:47:44 #13 store] 
Database 'C:\Users\ik_1DW3A\eclipse-workspace\reto3\db\usuarios.odb' is closed by 9504@HZ399404

[2024-04-24 13:48:42 #14 store] 
Database 'C:\Users\ik_1DW3A\eclipse-workspace\reto3\db\usuarios.odb' is opened by 9504@HZ399404

[2024-04-24 13:48:42 #15 store] 
Configuration path: ?

[2024-04-24 13:48:42 #16 store] 
Database 'C:\Users\ik_1DW3A\eclipse-workspace\reto3\db\usuarios.odb' is closed by 9504@HZ399404

------------------------------------------------------------------------------------------------------------------------

[2024-04-24 13:51:06 #1 store] 
Database 'C:\Users\ik_1DW3A\eclipse-workspace\reto3\db\usuarios.odb' is opened by 7560@HZ399404

[2024-04-24 13:51:06 #2 store] 
Configuration path: ?

[2024-04-24 13:51:06 #3 type] 
Type definicion.Usuario is not enhanced.

[2024-04-24 13:51:06 #4 store] 
Database 'C:\Users\ik_1DW3A\eclipse-workspace\reto3\db\usuarios.odb' is closed by 7560@HZ399404

[2024-04-24 13:51:06 #5 store] 
Database 'C:\Users\ik_1DW3A\eclipse-workspace\reto3\db\usuarios.odb' is opened by 7560@HZ399404

[2024-04-24 13:51:06 #6 store] 
Configuration path: ?

[2024-04-24 13:51:06 #7 store] 
Database 'C:\Users\ik_1DW3A\eclipse-workspace\reto3\db\usuarios.odb' is closed by 7560@HZ399404

[2024-04-24 13:51:09 #8 store] 
Database 'C:\Users\ik_1DW3A\eclipse-workspace\reto3\db\usuarios.odb' is opened by 7560@HZ399404

[2024-04-24 13:51:09 #9 store] 
Configuration path: ?

[2024-04-24 13:51:09 #10 store] 
Database 'C:\Users\ik_1DW3A\eclipse-workspace\reto3\db\usuarios.odb' is closed by 7560@HZ399404

[2024-04-24 13:51:11 #11 store] 
Database 'C:\Users\ik_1DW3A\eclipse-workspace\reto3\db\usuarios.odb' is opened by 7560@HZ399404

[2024-04-24 13:51:11 #12 store] 
Configuration path: ?

[2024-04-24 13:51:11 #13 store] 
Database 'C:\Users\ik_1DW3A\eclipse-workspace\reto3\db\usuarios.odb' is closed by 7560@HZ399404

------------------------------------------------------------------------------------------------------------------------

[2024-04-24 13:53:14 #1 store] 
Database 'C:\Users\ik_1DW3A\eclipse-workspace\reto3\db\usuarios.odb' is opened by 8156@HZ399404

[2024-04-24 13:53:14 #2 store] 
Configuration path: ?

[2024-04-24 13:53:15 #3 type] 
Type definicion.Usuario is not enhanced.

[2024-04-24 13:53:15 #4 store] 
Database 'C:\Users\ik_1DW3A\eclipse-workspace\reto3\db\usuarios.odb' is closed by 8156@HZ399404

[2024-04-24 13:53:15 #5 store] 
Database 'C:\Users\ik_1DW3A\eclipse-workspace\reto3\db\usuarios.odb' is opened by 8156@HZ399404

[2024-04-24 13:53:15 #6 store] 
Configuration path: ?

[2024-04-24 13:53:15 #7 store] 
Database 'C:\Users\ik_1DW3A\eclipse-workspace\reto3\db\usuarios.odb' is closed by 8156@HZ399404

[2024-04-24 13:53:16 #8 store] 
Database 'C:\Users\ik_1DW3A\eclipse-workspace\reto3\db\usuarios.odb' is opened by 8156@HZ399404

[2024-04-24 13:53:16 #9 store] 
Configuration path: ?

[2024-04-24 13:53:16 #10 store] 
Database 'C:\Users\ik_1DW3A\eclipse-workspace\reto3\db\usuarios.odb' is closed by 8156@HZ399404

[2024-04-24 13:53:17 #11 store] 
Database 'C:\Users\ik_1DW3A\eclipse-workspace\reto3\db\usuarios.odb' is opened by 8156@HZ399404

[2024-04-24 13:53:17 #12 store] 
Configuration path: ?

[2024-04-24 13:53:17 #13 store] 
Database 'C:\Users\ik_1DW3A\eclipse-workspace\reto3\db\usuarios.odb' is closed by 8156@HZ399404

[2024-04-24 13:53:56 #14 store] 
Database 'C:\Users\ik_1DW3A\eclipse-workspace\reto3\db\usuarios.odb' is opened by 8156@HZ399404

[2024-04-24 13:53:56 #15 store] 
Configuration path: ?

[2024-04-24 13:53:56 #16 store] 
Database 'C:\Users\ik_1DW3A\eclipse-workspace\reto3\db\usuarios.odb' is closed by 8156@HZ399404

------------------------------------------------------------------------------------------------------------------------

[2024-04-24 13:59:04 #1 store] 
Database 'C:\Users\ik_1DW3A\eclipse-workspace\reto3\db\usuarios.odb' is opened by 13268@HZ399404

[2024-04-24 13:59:04 #2 store] 
Configuration path: ?

[2024-04-24 13:59:04 #3 type] 
Type definicion.Usuario is not enhanced.

[2024-04-24 13:59:04 #4 store] 
Database 'C:\Users\ik_1DW3A\eclipse-workspace\reto3\db\usuarios.odb' is closed by 13268@HZ399404

[2024-04-24 13:59:04 #5 store] 
Database 'C:\Users\ik_1DW3A\eclipse-workspace\reto3\db\usuarios.odb' is opened by 13268@HZ399404

[2024-04-24 13:59:04 #6 store] 
Configuration path: ?

[2024-04-24 13:59:04 #7 store] 
Database 'C:\Users\ik_1DW3A\eclipse-workspace\reto3\db\usuarios.odb' is closed by 13268@HZ399404

[2024-04-24 13:59:06 #8 store] 
Database 'C:\Users\ik_1DW3A\eclipse-workspace\reto3\db\usuarios.odb' is opened by 13268@HZ399404

[2024-04-24 13:59:06 #9 store] 
Configuration path: ?

[2024-04-24 13:59:06 #10 store] 
Database 'C:\Users\ik_1DW3A\eclipse-workspace\reto3\db\usuarios.odb' is closed by 13268@HZ399404

[2024-04-24 13:59:07 #11 store] 
Database 'C:\Users\ik_1DW3A\eclipse-workspace\reto3\db\usuarios.odb' is opened by 13268@HZ399404

[2024-04-24 13:59:07 #12 store] 
Configuration path: ?

[2024-04-24 13:59:07 #13 store] 
Database 'C:\Users\ik_1DW3A\eclipse-workspace\reto3\db\usuarios.odb' is closed by 13268@HZ399404

------------------------------------------------------------------------------------------------------------------------

[2024-04-24 13:59:40 #1 store] 
Database 'C:\Users\ik_1DW3A\eclipse-workspace\reto3\db\usuarios.odb' is opened by 12436@HZ399404

[2024-04-24 13:59:40 #2 store] 
Configuration path: ?

[2024-04-24 13:59:40 #3 type] 
Type definicion.Usuario is not enhanced.

[2024-04-24 13:59:40 #4 store] 
Database 'C:\Users\ik_1DW3A\eclipse-workspace\reto3\db\usuarios.odb' is closed by 12436@HZ399404

[2024-04-24 13:59:40 #5 store] 
Database 'C:\Users\ik_1DW3A\eclipse-workspace\reto3\db\usuarios.odb' is opened by 12436@HZ399404

[2024-04-24 13:59:40 #6 store] 
Configuration path: ?

[2024-04-24 13:59:40 #7 store] 
Database 'C:\Users\ik_1DW3A\eclipse-workspace\reto3\db\usuarios.odb' is closed by 12436@HZ399404

[2024-04-24 13:59:42 #8 store] 
Database 'C:\Users\ik_1DW3A\eclipse-workspace\reto3\db\usuarios.odb' is opened by 12436@HZ399404

[2024-04-24 13:59:42 #9 store] 
Configuration path: ?

[2024-04-24 13:59:42 #10 store] 
Database 'C:\Users\ik_1DW3A\eclipse-workspace\reto3\db\usuarios.odb' is closed by 12436@HZ399404

[2024-04-24 13:59:44 #11 store] 
Database 'C:\Users\ik_1DW3A\eclipse-workspace\reto3\db\usuarios.odb' is opened by 12436@HZ399404

[2024-04-24 13:59:44 #12 store] 
Configuration path: ?

[2024-04-24 13:59:44 #13 store] 
Database 'C:\Users\ik_1DW3A\eclipse-workspace\reto3\db\usuarios.odb' is closed by 12436@HZ399404

------------------------------------------------------------------------------------------------------------------------

[2024-04-24 14:01:28 #1 store] 
Database 'C:\Users\ik_1DW3A\eclipse-workspace\reto3\db\usuarios.odb' is opened by 9424@HZ399404

[2024-04-24 14:01:28 #2 store] 
Configuration path: ?

[2024-04-24 14:01:28 #3 type] 
Type definicion.Usuario is not enhanced.

[2024-04-24 14:01:28 #4 store] 
Database 'C:\Users\ik_1DW3A\eclipse-workspace\reto3\db\usuarios.odb' is closed by 9424@HZ399404

[2024-04-24 14:01:28 #5 store] 
Database 'C:\Users\ik_1DW3A\eclipse-workspace\reto3\db\usuarios.odb' is opened by 9424@HZ399404

[2024-04-24 14:01:28 #6 store] 
Configuration path: ?

[2024-04-24 14:01:28 #7 store] 
Database 'C:\Users\ik_1DW3A\eclipse-workspace\reto3\db\usuarios.odb' is closed by 9424@HZ399404

[2024-04-24 14:01:31 #8 store] 
Database 'C:\Users\ik_1DW3A\eclipse-workspace\reto3\db\usuarios.odb' is opened by 9424@HZ399404

[2024-04-24 14:01:31 #9 store] 
Configuration path: ?

[2024-04-24 14:01:31 #10 store] 
Database 'C:\Users\ik_1DW3A\eclipse-workspace\reto3\db\usuarios.odb' is closed by 9424@HZ399404

[2024-04-24 14:01:32 #11 store] 
Database 'C:\Users\ik_1DW3A\eclipse-workspace\reto3\db\usuarios.odb' is opened by 9424@HZ399404

[2024-04-24 14:01:32 #12 store] 
Configuration path: ?

[2024-04-24 14:01:32 #13 store] 
Database 'C:\Users\ik_1DW3A\eclipse-workspace\reto3\db\usuarios.odb' is closed by 9424@HZ399404

