------------------------------------------------------------------------------------------------------------------------

[2024-04-23 09:19:37 #1 store] 
Database 'C:\Users\ik_1DW3A\eclipse-workspace\reto3\db\usuarios.odb' is opened by 3028@HZ399404

[2024-04-23 09:19:37 #2 store] 
Configuration path: ?

[2024-04-23 09:19:37 #3 type] 
Type definicion.Usuario is not enhanced.

[2024-04-23 09:19:37 #4 store] 
Database 'C:\Users\ik_1DW3A\eclipse-workspace\reto3\db\usuarios.odb' is closed by 3028@HZ399404

[2024-04-23 09:19:37 #5 store] 
Database 'C:\Users\ik_1DW3A\eclipse-workspace\reto3\db\usuarios.odb' is opened by 3028@HZ399404

[2024-04-23 09:19:37 #6 store] 
Configuration path: ?

[2024-04-23 09:19:37 #7 store] 
Database 'C:\Users\ik_1DW3A\eclipse-workspace\reto3\db\usuarios.odb' is closed by 3028@HZ399404

[2024-04-23 09:19:41 #8 store] 
Database 'C:\Users\ik_1DW3A\eclipse-workspace\reto3\db\usuarios.odb' is opened by 3028@HZ399404

[2024-04-23 09:19:41 #9 store] 
Configuration path: ?

[2024-04-23 09:19:41 #10 store] 
Database 'C:\Users\ik_1DW3A\eclipse-workspace\reto3\db\usuarios.odb' is closed by 3028@HZ399404

------------------------------------------------------------------------------------------------------------------------

[2024-04-23 09:21:01 #1 store] 
Database 'C:\Users\ik_1DW3A\eclipse-workspace\reto3\db\usuarios.odb' is opened by 11360@HZ399404

[2024-04-23 09:21:01 #2 store] 
Configuration path: ?

[2024-04-23 09:21:01 #3 type] 
Type definicion.Usuario is not enhanced.

[2024-04-23 09:21:01 #4 store] 
Database 'C:\Users\ik_1DW3A\eclipse-workspace\reto3\db\usuarios.odb' is closed by 11360@HZ399404

[2024-04-23 09:21:01 #5 store] 
Database 'C:\Users\ik_1DW3A\eclipse-workspace\reto3\db\usuarios.odb' is opened by 11360@HZ399404

[2024-04-23 09:21:01 #6 store] 
Configuration path: ?

[2024-04-23 09:21:01 #7 store] 
Database 'C:\Users\ik_1DW3A\eclipse-workspace\reto3\db\usuarios.odb' is closed by 11360@HZ399404

[2024-04-23 09:21:03 #8 store] 
Database 'C:\Users\ik_1DW3A\eclipse-workspace\reto3\db\usuarios.odb' is opened by 11360@HZ399404

[2024-04-23 09:21:03 #9 store] 
Configuration path: ?

[2024-04-23 09:21:03 #10 store] 
Database 'C:\Users\ik_1DW3A\eclipse-workspace\reto3\db\usuarios.odb' is closed by 11360@HZ399404

------------------------------------------------------------------------------------------------------------------------

[2024-04-23 09:30:54 #1 store] 
Database 'C:\Users\ik_1DW3A\eclipse-workspace\reto3\db\usuarios.odb' is opened by 3788@HZ399404

[2024-04-23 09:30:54 #2 store] 
Configuration path: ?

[2024-04-23 09:30:54 #3 type] 
Type definicion.Usuario is not enhanced.

[2024-04-23 09:30:55 #4 store] 
Database 'C:\Users\ik_1DW3A\eclipse-workspace\reto3\db\usuarios.odb' is closed by 3788@HZ399404

[2024-04-23 09:30:55 #5 store] 
Database 'C:\Users\ik_1DW3A\eclipse-workspace\reto3\db\usuarios.odb' is opened by 3788@HZ399404

[2024-04-23 09:30:55 #6 store] 
Configuration path: ?

[2024-04-23 09:30:55 #7 store] 
Database 'C:\Users\ik_1DW3A\eclipse-workspace\reto3\db\usuarios.odb' is closed by 3788@HZ399404

[2024-04-23 09:30:57 #8 store] 
Database 'C:\Users\ik_1DW3A\eclipse-workspace\reto3\db\usuarios.odb' is opened by 3788@HZ399404

[2024-04-23 09:30:57 #9 store] 
Configuration path: ?

[2024-04-23 09:30:57 #10 store] 
Database 'C:\Users\ik_1DW3A\eclipse-workspace\reto3\db\usuarios.odb' is closed by 3788@HZ399404

[2024-04-23 09:31:04 #11 store] 
Database 'C:\Users\ik_1DW3A\eclipse-workspace\reto3\db\usuarios.odb' is opened by 3788@HZ399404

[2024-04-23 09:31:04 #12 store] 
Configuration path: ?

[2024-04-23 09:31:04 #13 store] 
Database 'C:\Users\ik_1DW3A\eclipse-workspace\reto3\db\usuarios.odb' is closed by 3788@HZ399404

[2024-04-23 09:31:05 #14 store] 
Database 'C:\Users\ik_1DW3A\eclipse-workspace\reto3\db\usuarios.odb' is opened by 3788@HZ399404

[2024-04-23 09:31:05 #15 store] 
Configuration path: ?

[2024-04-23 09:31:05 #16 store] 
Database 'C:\Users\ik_1DW3A\eclipse-workspace\reto3\db\usuarios.odb' is closed by 3788@HZ399404

[2024-04-23 09:31:05 #17 store] 
Database 'C:\Users\ik_1DW3A\eclipse-workspace\reto3\db\usuarios.odb' is opened by 3788@HZ399404

[2024-04-23 09:31:05 #18 store] 
Configuration path: ?

[2024-04-23 09:31:05 #19 store] 
Database 'C:\Users\ik_1DW3A\eclipse-workspace\reto3\db\usuarios.odb' is closed by 3788@HZ399404

[2024-04-23 09:31:08 #20 store] 
Database 'C:\Users\ik_1DW3A\eclipse-workspace\reto3\db\usuarios.odb' is opened by 3788@HZ399404

[2024-04-23 09:31:08 #21 store] 
Configuration path: ?

[2024-04-23 09:31:08 #22 store] 
Database 'C:\Users\ik_1DW3A\eclipse-workspace\reto3\db\usuarios.odb' is closed by 3788@HZ399404

------------------------------------------------------------------------------------------------------------------------

[2024-04-23 09:31:53 #1 store] 
Database 'C:\Users\ik_1DW3A\eclipse-workspace\reto3\db\usuarios.odb' is opened by 6608@HZ399404

[2024-04-23 09:31:53 #2 store] 
Configuration path: ?

[2024-04-23 09:31:53 #3 type] 
Type definicion.Usuario is not enhanced.

[2024-04-23 09:31:53 #4 store] 
Database 'C:\Users\ik_1DW3A\eclipse-workspace\reto3\db\usuarios.odb' is closed by 6608@HZ399404

[2024-04-23 09:31:53 #5 store] 
Database 'C:\Users\ik_1DW3A\eclipse-workspace\reto3\db\usuarios.odb' is opened by 6608@HZ399404

[2024-04-23 09:31:53 #6 store] 
Configuration path: ?

[2024-04-23 09:31:53 #7 store] 
Database 'C:\Users\ik_1DW3A\eclipse-workspace\reto3\db\usuarios.odb' is closed by 6608@HZ399404

[2024-04-23 09:31:55 #8 store] 
Database 'C:\Users\ik_1DW3A\eclipse-workspace\reto3\db\usuarios.odb' is opened by 6608@HZ399404

[2024-04-23 09:31:55 #9 store] 
Configuration path: ?

[2024-04-23 09:31:55 #10 store] 
Database 'C:\Users\ik_1DW3A\eclipse-workspace\reto3\db\usuarios.odb' is closed by 6608@HZ399404

[2024-04-23 09:31:56 #11 store] 
Database 'C:\Users\ik_1DW3A\eclipse-workspace\reto3\db\usuarios.odb' is opened by 6608@HZ399404

[2024-04-23 09:31:56 #12 store] 
Configuration path: ?

[2024-04-23 09:31:56 #13 store] 
Database 'C:\Users\ik_1DW3A\eclipse-workspace\reto3\db\usuarios.odb' is closed by 6608@HZ399404

[2024-04-23 09:32:01 #14 store] 
Database 'C:\Users\ik_1DW3A\eclipse-workspace\reto3\db\usuarios.odb' is opened by 6608@HZ399404

[2024-04-23 09:32:01 #15 store] 
Configuration path: ?

------------------------------------------------------------------------------------------------------------------------

[2024-04-23 09:32:55 #1 store] 
Database 'C:\Users\ik_1DW3A\eclipse-workspace\reto3\db\usuarios.odb' is opened by 12176@HZ399404

[2024-04-23 09:32:55 #2 store] 
Configuration path: ?

[2024-04-23 09:32:55 #3 type] 
Type definicion.Usuario is not enhanced.

[2024-04-23 09:32:55 #4 store] 
Database 'C:\Users\ik_1DW3A\eclipse-workspace\reto3\db\usuarios.odb' is closed by 12176@HZ399404

[2024-04-23 09:32:55 #5 store] 
Database 'C:\Users\ik_1DW3A\eclipse-workspace\reto3\db\usuarios.odb' is opened by 12176@HZ399404

[2024-04-23 09:32:55 #6 store] 
Configuration path: ?

[2024-04-23 09:32:55 #7 store] 
Database 'C:\Users\ik_1DW3A\eclipse-workspace\reto3\db\usuarios.odb' is closed by 12176@HZ399404

[2024-04-23 09:32:57 #8 store] 
Database 'C:\Users\ik_1DW3A\eclipse-workspace\reto3\db\usuarios.odb' is opened by 12176@HZ399404

[2024-04-23 09:32:57 #9 store] 
Configuration path: ?

[2024-04-23 09:32:57 #10 store] 
Database 'C:\Users\ik_1DW3A\eclipse-workspace\reto3\db\usuarios.odb' is closed by 12176@HZ399404

[2024-04-23 09:32:59 #11 store] 
Database 'C:\Users\ik_1DW3A\eclipse-workspace\reto3\db\usuarios.odb' is opened by 12176@HZ399404

[2024-04-23 09:32:59 #12 store] 
Configuration path: ?

[2024-04-23 09:32:59 #13 store] 
Database 'C:\Users\ik_1DW3A\eclipse-workspace\reto3\db\usuarios.odb' is closed by 12176@HZ399404

[2024-04-23 09:33:02 #14 store] 
Database 'C:\Users\ik_1DW3A\eclipse-workspace\reto3\db\usuarios.odb' is opened by 12176@HZ399404

[2024-04-23 09:33:02 #15 store] 
Configuration path: ?

[2024-04-23 09:33:02 #16 store] 
Database 'C:\Users\ik_1DW3A\eclipse-workspace\reto3\db\usuarios.odb' is closed by 12176@HZ399404

------------------------------------------------------------------------------------------------------------------------

[2024-04-23 09:33:25 #1 store] 
Database 'C:\Users\ik_1DW3A\eclipse-workspace\reto3\db\usuarios.odb' is opened by 8128@HZ399404

[2024-04-23 09:33:25 #2 store] 
Configuration path: ?

[2024-04-23 09:33:25 #3 type] 
Type definicion.Usuario is not enhanced.

[2024-04-23 09:33:25 #4 store] 
Database 'C:\Users\ik_1DW3A\eclipse-workspace\reto3\db\usuarios.odb' is closed by 8128@HZ399404

[2024-04-23 09:33:25 #5 store] 
Database 'C:\Users\ik_1DW3A\eclipse-workspace\reto3\db\usuarios.odb' is opened by 8128@HZ399404

[2024-04-23 09:33:25 #6 store] 
Configuration path: ?

[2024-04-23 09:33:25 #7 store] 
Database 'C:\Users\ik_1DW3A\eclipse-workspace\reto3\db\usuarios.odb' is closed by 8128@HZ399404

[2024-04-23 09:33:27 #8 store] 
Database 'C:\Users\ik_1DW3A\eclipse-workspace\reto3\db\usuarios.odb' is opened by 8128@HZ399404

[2024-04-23 09:33:27 #9 store] 
Configuration path: ?

[2024-04-23 09:33:27 #10 store] 
Database 'C:\Users\ik_1DW3A\eclipse-workspace\reto3\db\usuarios.odb' is closed by 8128@HZ399404

[2024-04-23 09:33:29 #11 store] 
Database 'C:\Users\ik_1DW3A\eclipse-workspace\reto3\db\usuarios.odb' is opened by 8128@HZ399404

[2024-04-23 09:33:29 #12 store] 
Configuration path: ?

[2024-04-23 09:33:29 #13 store] 
Database 'C:\Users\ik_1DW3A\eclipse-workspace\reto3\db\usuarios.odb' is closed by 8128@HZ399404

[2024-04-23 09:33:32 #14 store] 
Database 'C:\Users\ik_1DW3A\eclipse-workspace\reto3\db\usuarios.odb' is opened by 8128@HZ399404

[2024-04-23 09:33:32 #15 store] 
Configuration path: ?

[2024-04-23 09:33:32 #16 store] 
Database 'C:\Users\ik_1DW3A\eclipse-workspace\reto3\db\usuarios.odb' is closed by 8128@HZ399404

[2024-04-23 09:33:39 #17 store] 
Database 'C:\Users\ik_1DW3A\eclipse-workspace\reto3\db\usuarios.odb' is opened by 8128@HZ399404

[2024-04-23 09:33:39 #18 store] 
Configuration path: ?

[2024-04-23 09:33:39 #19 store] 
Database 'C:\Users\ik_1DW3A\eclipse-workspace\reto3\db\usuarios.odb' is closed by 8128@HZ399404

------------------------------------------------------------------------------------------------------------------------

[2024-04-23 09:37:52 #1 store] 
Database 'C:\Users\ik_1DW3A\eclipse-workspace\reto3\db\usuarios.odb' is opened by 1632@HZ399404

[2024-04-23 09:37:52 #2 store] 
Configuration path: ?

[2024-04-23 09:37:52 #3 type] 
Type definicion.Usuario is not enhanced.

[2024-04-23 09:37:52 #4 store] 
Database 'C:\Users\ik_1DW3A\eclipse-workspace\reto3\db\usuarios.odb' is closed by 1632@HZ399404

[2024-04-23 09:37:52 #5 store] 
Database 'C:\Users\ik_1DW3A\eclipse-workspace\reto3\db\usuarios.odb' is opened by 1632@HZ399404

[2024-04-23 09:37:52 #6 store] 
Configuration path: ?

[2024-04-23 09:37:52 #7 store] 
Database 'C:\Users\ik_1DW3A\eclipse-workspace\reto3\db\usuarios.odb' is closed by 1632@HZ399404

[2024-04-23 09:37:55 #8 store] 
Database 'C:\Users\ik_1DW3A\eclipse-workspace\reto3\db\usuarios.odb' is opened by 1632@HZ399404

[2024-04-23 09:37:55 #9 store] 
Configuration path: ?

[2024-04-23 09:37:55 #10 store] 
Database 'C:\Users\ik_1DW3A\eclipse-workspace\reto3\db\usuarios.odb' is closed by 1632@HZ399404

------------------------------------------------------------------------------------------------------------------------

[2024-04-23 09:38:02 #1 store] 
Database 'C:\Users\ik_1DW3A\eclipse-workspace\reto3\db\usuarios.odb' is opened by 9328@HZ399404

[2024-04-23 09:38:02 #2 store] 
Configuration path: ?

[2024-04-23 09:38:02 #3 type] 
Type definicion.Usuario is not enhanced.

[2024-04-23 09:38:02 #4 store] 
Database 'C:\Users\ik_1DW3A\eclipse-workspace\reto3\db\usuarios.odb' is closed by 9328@HZ399404

[2024-04-23 09:38:02 #5 store] 
Database 'C:\Users\ik_1DW3A\eclipse-workspace\reto3\db\usuarios.odb' is opened by 9328@HZ399404

[2024-04-23 09:38:02 #6 store] 
Configuration path: ?

[2024-04-23 09:38:02 #7 store] 
Database 'C:\Users\ik_1DW3A\eclipse-workspace\reto3\db\usuarios.odb' is closed by 9328@HZ399404

------------------------------------------------------------------------------------------------------------------------

[2024-04-23 09:38:30 #1 store] 
Database 'C:\Users\ik_1DW3A\eclipse-workspace\reto3\db\usuarios.odb' is opened by 7980@HZ399404

[2024-04-23 09:38:30 #2 store] 
Configuration path: ?

[2024-04-23 09:38:30 #3 type] 
Type definicion.Usuario is not enhanced.

[2024-04-23 09:38:30 #4 store] 
Database 'C:\Users\ik_1DW3A\eclipse-workspace\reto3\db\usuarios.odb' is closed by 7980@HZ399404

[2024-04-23 09:38:30 #5 store] 
Database 'C:\Users\ik_1DW3A\eclipse-workspace\reto3\db\usuarios.odb' is opened by 7980@HZ399404

[2024-04-23 09:38:30 #6 store] 
Configuration path: ?

[2024-04-23 09:38:30 #7 store] 
Database 'C:\Users\ik_1DW3A\eclipse-workspace\reto3\db\usuarios.odb' is closed by 7980@HZ399404

[2024-04-23 09:38:32 #8 store] 
Database 'C:\Users\ik_1DW3A\eclipse-workspace\reto3\db\usuarios.odb' is opened by 7980@HZ399404

[2024-04-23 09:38:32 #9 store] 
Configuration path: ?

[2024-04-23 09:38:32 #10 store] 
Database 'C:\Users\ik_1DW3A\eclipse-workspace\reto3\db\usuarios.odb' is closed by 7980@HZ399404

------------------------------------------------------------------------------------------------------------------------

[2024-04-23 09:39:13 #1 store] 
Database 'C:\Users\ik_1DW3A\eclipse-workspace\reto3\db\usuarios.odb' is opened by 3120@HZ399404

[2024-04-23 09:39:13 #2 store] 
Configuration path: ?

[2024-04-23 09:39:13 #3 type] 
Type definicion.Usuario is not enhanced.

[2024-04-23 09:39:13 #4 store] 
Database 'C:\Users\ik_1DW3A\eclipse-workspace\reto3\db\usuarios.odb' is closed by 3120@HZ399404

[2024-04-23 09:39:13 #5 store] 
Database 'C:\Users\ik_1DW3A\eclipse-workspace\reto3\db\usuarios.odb' is opened by 3120@HZ399404

[2024-04-23 09:39:13 #6 store] 
Configuration path: ?

[2024-04-23 09:39:13 #7 store] 
Database 'C:\Users\ik_1DW3A\eclipse-workspace\reto3\db\usuarios.odb' is closed by 3120@HZ399404

[2024-04-23 09:39:17 #8 store] 
Database 'C:\Users\ik_1DW3A\eclipse-workspace\reto3\db\usuarios.odb' is opened by 3120@HZ399404

[2024-04-23 09:39:17 #9 store] 
Configuration path: ?

[2024-04-23 09:39:17 #10 store] 
Database 'C:\Users\ik_1DW3A\eclipse-workspace\reto3\db\usuarios.odb' is closed by 3120@HZ399404

[2024-04-23 09:39:30 #11 store] 
Database 'C:\Users\ik_1DW3A\eclipse-workspace\reto3\db\usuarios.odb' is opened by 3120@HZ399404

[2024-04-23 09:39:30 #12 store] 
Configuration path: ?

[2024-04-23 09:39:30 #13 store] 
Database 'C:\Users\ik_1DW3A\eclipse-workspace\reto3\db\usuarios.odb' is closed by 3120@HZ399404

