------------------------------------------------------------------------------------------------------------------------

[2024-04-25 12:09:19 #1 store] 
Database 'C:\Users\ik_1DW3A\eclipse-workspace\reto3\db\usuarios.odb' is opened by 5996@HZ399404

[2024-04-25 12:09:19 #2 store] 
Configuration path: ?

[2024-04-25 12:09:19 #3 type] 
Type definicion.Usuario is not enhanced.

[2024-04-25 12:09:19 #4 store] 
Database 'C:\Users\ik_1DW3A\eclipse-workspace\reto3\db\usuarios.odb' is closed by 5996@HZ399404

[2024-04-25 12:09:19 #5 store] 
Database 'C:\Users\ik_1DW3A\eclipse-workspace\reto3\db\usuarios.odb' is opened by 5996@HZ399404

[2024-04-25 12:09:19 #6 store] 
Configuration path: ?

[2024-04-25 12:09:19 #7 store] 
Database 'C:\Users\ik_1DW3A\eclipse-workspace\reto3\db\usuarios.odb' is closed by 5996@HZ399404

------------------------------------------------------------------------------------------------------------------------

[2024-04-25 12:10:43 #1 store] 
Database 'C:\Users\ik_1DW3A\eclipse-workspace\reto3\db\usuarios.odb' is opened by 11116@HZ399404

[2024-04-25 12:10:43 #2 store] 
Configuration path: ?

[2024-04-25 12:10:43 #3 type] 
Type definicion.Usuario is not enhanced.

[2024-04-25 12:10:43 #4 store] 
Database 'C:\Users\ik_1DW3A\eclipse-workspace\reto3\db\usuarios.odb' is closed by 11116@HZ399404

[2024-04-25 12:10:43 #5 store] 
Database 'C:\Users\ik_1DW3A\eclipse-workspace\reto3\db\usuarios.odb' is opened by 11116@HZ399404

[2024-04-25 12:10:43 #6 store] 
Configuration path: ?

[2024-04-25 12:10:43 #7 store] 
Database 'C:\Users\ik_1DW3A\eclipse-workspace\reto3\db\usuarios.odb' is closed by 11116@HZ399404

------------------------------------------------------------------------------------------------------------------------

[2024-04-25 12:13:19 #1 store] 
Database 'C:\Users\ik_1DW3A\eclipse-workspace\reto3\db\usuarios.odb' is opened by 11592@HZ399404

[2024-04-25 12:13:19 #2 store] 
Configuration path: ?

[2024-04-25 12:13:19 #3 type] 
Type definicion.Usuario is not enhanced.

[2024-04-25 12:13:19 #4 store] 
Database 'C:\Users\ik_1DW3A\eclipse-workspace\reto3\db\usuarios.odb' is closed by 11592@HZ399404

[2024-04-25 12:13:19 #5 store] 
Database 'C:\Users\ik_1DW3A\eclipse-workspace\reto3\db\usuarios.odb' is opened by 11592@HZ399404

[2024-04-25 12:13:19 #6 store] 
Configuration path: ?

[2024-04-25 12:13:19 #7 store] 
Database 'C:\Users\ik_1DW3A\eclipse-workspace\reto3\db\usuarios.odb' is closed by 11592@HZ399404

------------------------------------------------------------------------------------------------------------------------

[2024-04-25 12:14:18 #1 store] 
Database 'C:\Users\ik_1DW3A\eclipse-workspace\reto3\db\usuarios.odb' is opened by 2628@HZ399404

[2024-04-25 12:14:18 #2 store] 
Configuration path: ?

[2024-04-25 12:14:19 #3 type] 
Type definicion.Usuario is not enhanced.

[2024-04-25 12:14:19 #4 store] 
Database 'C:\Users\ik_1DW3A\eclipse-workspace\reto3\db\usuarios.odb' is closed by 2628@HZ399404

[2024-04-25 12:14:19 #5 store] 
Database 'C:\Users\ik_1DW3A\eclipse-workspace\reto3\db\usuarios.odb' is opened by 2628@HZ399404

[2024-04-25 12:14:19 #6 store] 
Configuration path: ?

[2024-04-25 12:14:19 #7 store] 
Database 'C:\Users\ik_1DW3A\eclipse-workspace\reto3\db\usuarios.odb' is closed by 2628@HZ399404

------------------------------------------------------------------------------------------------------------------------

[2024-04-25 12:44:06 #1 store] 
Database 'C:\Users\ik_1DW3A\eclipse-workspace\reto3\db\usuarios.odb' is opened by 12344@HZ399404

[2024-04-25 12:44:06 #2 store] 
Configuration path: ?

[2024-04-25 12:44:06 #3 type] 
Type definicion.Usuario is not enhanced.

[2024-04-25 12:44:06 #4 store] 
Database 'C:\Users\ik_1DW3A\eclipse-workspace\reto3\db\usuarios.odb' is closed by 12344@HZ399404

[2024-04-25 12:44:06 #5 store] 
Database 'C:\Users\ik_1DW3A\eclipse-workspace\reto3\db\usuarios.odb' is opened by 12344@HZ399404

[2024-04-25 12:44:06 #6 store] 
Configuration path: ?

[2024-04-25 12:44:06 #7 store] 
Database 'C:\Users\ik_1DW3A\eclipse-workspace\reto3\db\usuarios.odb' is closed by 12344@HZ399404

[2024-04-25 12:44:09 #8 store] 
Database 'C:\Users\ik_1DW3A\eclipse-workspace\reto3\db\usuarios.odb' is opened by 12344@HZ399404

[2024-04-25 12:44:09 #9 store] 
Configuration path: ?

[2024-04-25 12:44:09 #10 store] 
Database 'C:\Users\ik_1DW3A\eclipse-workspace\reto3\db\usuarios.odb' is closed by 12344@HZ399404

[2024-04-25 12:44:10 #11 store] 
Database 'C:\Users\ik_1DW3A\eclipse-workspace\reto3\db\usuarios.odb' is opened by 12344@HZ399404

[2024-04-25 12:44:10 #12 store] 
Configuration path: ?

[2024-04-25 12:44:10 #13 store] 
Database 'C:\Users\ik_1DW3A\eclipse-workspace\reto3\db\usuarios.odb' is closed by 12344@HZ399404

------------------------------------------------------------------------------------------------------------------------

[2024-04-25 12:48:10 #1 store] 
Database 'C:\Users\ik_1DW3A\eclipse-workspace\reto3\db\usuarios.odb' is opened by 11692@HZ399404

[2024-04-25 12:48:10 #2 store] 
Configuration path: ?

[2024-04-25 12:48:10 #3 type] 
Type definicion.Usuario is not enhanced.

[2024-04-25 12:48:10 #4 store] 
Database 'C:\Users\ik_1DW3A\eclipse-workspace\reto3\db\usuarios.odb' is closed by 11692@HZ399404

[2024-04-25 12:48:10 #5 store] 
Database 'C:\Users\ik_1DW3A\eclipse-workspace\reto3\db\usuarios.odb' is opened by 11692@HZ399404

[2024-04-25 12:48:10 #6 store] 
Configuration path: ?

[2024-04-25 12:48:10 #7 store] 
Database 'C:\Users\ik_1DW3A\eclipse-workspace\reto3\db\usuarios.odb' is closed by 11692@HZ399404

[2024-04-25 12:48:12 #8 store] 
Database 'C:\Users\ik_1DW3A\eclipse-workspace\reto3\db\usuarios.odb' is opened by 11692@HZ399404

[2024-04-25 12:48:12 #9 store] 
Configuration path: ?

[2024-04-25 12:48:12 #10 store] 
Database 'C:\Users\ik_1DW3A\eclipse-workspace\reto3\db\usuarios.odb' is closed by 11692@HZ399404

[2024-04-25 12:48:14 #11 store] 
Database 'C:\Users\ik_1DW3A\eclipse-workspace\reto3\db\usuarios.odb' is opened by 11692@HZ399404

[2024-04-25 12:48:14 #12 store] 
Configuration path: ?

[2024-04-25 12:48:14 #13 store] 
Database 'C:\Users\ik_1DW3A\eclipse-workspace\reto3\db\usuarios.odb' is closed by 11692@HZ399404

------------------------------------------------------------------------------------------------------------------------

[2024-04-25 12:48:39 #1 store] 
Database 'C:\Users\ik_1DW3A\eclipse-workspace\reto3\db\usuarios.odb' is opened by 4100@HZ399404

[2024-04-25 12:48:39 #2 store] 
Configuration path: ?

[2024-04-25 12:48:39 #3 type] 
Type definicion.Usuario is not enhanced.

[2024-04-25 12:48:39 #4 store] 
Database 'C:\Users\ik_1DW3A\eclipse-workspace\reto3\db\usuarios.odb' is closed by 4100@HZ399404

[2024-04-25 12:48:39 #5 store] 
Database 'C:\Users\ik_1DW3A\eclipse-workspace\reto3\db\usuarios.odb' is opened by 4100@HZ399404

[2024-04-25 12:48:39 #6 store] 
Configuration path: ?

[2024-04-25 12:48:39 #7 store] 
Database 'C:\Users\ik_1DW3A\eclipse-workspace\reto3\db\usuarios.odb' is closed by 4100@HZ399404

[2024-04-25 12:48:41 #8 store] 
Database 'C:\Users\ik_1DW3A\eclipse-workspace\reto3\db\usuarios.odb' is opened by 4100@HZ399404

[2024-04-25 12:48:41 #9 store] 
Configuration path: ?

[2024-04-25 12:48:41 #10 store] 
Database 'C:\Users\ik_1DW3A\eclipse-workspace\reto3\db\usuarios.odb' is closed by 4100@HZ399404

[2024-04-25 12:48:43 #11 store] 
Database 'C:\Users\ik_1DW3A\eclipse-workspace\reto3\db\usuarios.odb' is opened by 4100@HZ399404

[2024-04-25 12:48:43 #12 store] 
Configuration path: ?

[2024-04-25 12:48:43 #13 store] 
Database 'C:\Users\ik_1DW3A\eclipse-workspace\reto3\db\usuarios.odb' is closed by 4100@HZ399404

------------------------------------------------------------------------------------------------------------------------

[2024-04-25 12:48:53 #1 store] 
Database 'C:\Users\ik_1DW3A\eclipse-workspace\reto3\db\usuarios.odb' is opened by 8080@HZ399404

[2024-04-25 12:48:53 #2 store] 
Configuration path: ?

[2024-04-25 12:48:53 #3 type] 
Type definicion.Usuario is not enhanced.

[2024-04-25 12:48:53 #4 store] 
Database 'C:\Users\ik_1DW3A\eclipse-workspace\reto3\db\usuarios.odb' is closed by 8080@HZ399404

[2024-04-25 12:48:53 #5 store] 
Database 'C:\Users\ik_1DW3A\eclipse-workspace\reto3\db\usuarios.odb' is opened by 8080@HZ399404

[2024-04-25 12:48:53 #6 store] 
Configuration path: ?

[2024-04-25 12:48:53 #7 store] 
Database 'C:\Users\ik_1DW3A\eclipse-workspace\reto3\db\usuarios.odb' is closed by 8080@HZ399404

[2024-04-25 12:48:55 #8 store] 
Database 'C:\Users\ik_1DW3A\eclipse-workspace\reto3\db\usuarios.odb' is opened by 8080@HZ399404

[2024-04-25 12:48:55 #9 store] 
Configuration path: ?

[2024-04-25 12:48:55 #10 store] 
Database 'C:\Users\ik_1DW3A\eclipse-workspace\reto3\db\usuarios.odb' is closed by 8080@HZ399404

[2024-04-25 12:48:56 #11 store] 
Database 'C:\Users\ik_1DW3A\eclipse-workspace\reto3\db\usuarios.odb' is opened by 8080@HZ399404

[2024-04-25 12:48:56 #12 store] 
Configuration path: ?

[2024-04-25 12:48:56 #13 store] 
Database 'C:\Users\ik_1DW3A\eclipse-workspace\reto3\db\usuarios.odb' is closed by 8080@HZ399404

------------------------------------------------------------------------------------------------------------------------

[2024-04-25 12:49:41 #1 store] 
Database 'C:\Users\ik_1DW3A\eclipse-workspace\reto3\db\usuarios.odb' is opened by 12532@HZ399404

[2024-04-25 12:49:41 #2 store] 
Configuration path: ?

[2024-04-25 12:49:41 #3 type] 
Type definicion.Usuario is not enhanced.

[2024-04-25 12:49:41 #4 store] 
Database 'C:\Users\ik_1DW3A\eclipse-workspace\reto3\db\usuarios.odb' is closed by 12532@HZ399404

[2024-04-25 12:49:41 #5 store] 
Database 'C:\Users\ik_1DW3A\eclipse-workspace\reto3\db\usuarios.odb' is opened by 12532@HZ399404

[2024-04-25 12:49:41 #6 store] 
Configuration path: ?

[2024-04-25 12:49:41 #7 store] 
Database 'C:\Users\ik_1DW3A\eclipse-workspace\reto3\db\usuarios.odb' is closed by 12532@HZ399404

[2024-04-25 12:49:43 #8 store] 
Database 'C:\Users\ik_1DW3A\eclipse-workspace\reto3\db\usuarios.odb' is opened by 12532@HZ399404

[2024-04-25 12:49:43 #9 store] 
Configuration path: ?

[2024-04-25 12:49:43 #10 store] 
Database 'C:\Users\ik_1DW3A\eclipse-workspace\reto3\db\usuarios.odb' is closed by 12532@HZ399404

[2024-04-25 12:49:44 #11 store] 
Database 'C:\Users\ik_1DW3A\eclipse-workspace\reto3\db\usuarios.odb' is opened by 12532@HZ399404

[2024-04-25 12:49:44 #12 store] 
Configuration path: ?

[2024-04-25 12:49:44 #13 store] 
Database 'C:\Users\ik_1DW3A\eclipse-workspace\reto3\db\usuarios.odb' is closed by 12532@HZ399404

------------------------------------------------------------------------------------------------------------------------

[2024-04-25 12:49:49 #1 store] 
Database 'C:\Users\ik_1DW3A\eclipse-workspace\reto3\db\usuarios.odb' is opened by 4396@HZ399404

[2024-04-25 12:49:49 #2 store] 
Configuration path: ?

[2024-04-25 12:49:50 #3 type] 
Type definicion.Usuario is not enhanced.

[2024-04-25 12:49:50 #4 store] 
Database 'C:\Users\ik_1DW3A\eclipse-workspace\reto3\db\usuarios.odb' is closed by 4396@HZ399404

[2024-04-25 12:49:50 #5 store] 
Database 'C:\Users\ik_1DW3A\eclipse-workspace\reto3\db\usuarios.odb' is opened by 4396@HZ399404

[2024-04-25 12:49:50 #6 store] 
Configuration path: ?

[2024-04-25 12:49:50 #7 store] 
Database 'C:\Users\ik_1DW3A\eclipse-workspace\reto3\db\usuarios.odb' is closed by 4396@HZ399404

[2024-04-25 12:49:53 #8 store] 
Database 'C:\Users\ik_1DW3A\eclipse-workspace\reto3\db\usuarios.odb' is opened by 4396@HZ399404

[2024-04-25 12:49:53 #9 store] 
Configuration path: ?

[2024-04-25 12:49:53 #10 store] 
Database 'C:\Users\ik_1DW3A\eclipse-workspace\reto3\db\usuarios.odb' is closed by 4396@HZ399404

[2024-04-25 12:49:54 #11 store] 
Database 'C:\Users\ik_1DW3A\eclipse-workspace\reto3\db\usuarios.odb' is opened by 4396@HZ399404

[2024-04-25 12:49:54 #12 store] 
Configuration path: ?

[2024-04-25 12:49:54 #13 store] 
Database 'C:\Users\ik_1DW3A\eclipse-workspace\reto3\db\usuarios.odb' is closed by 4396@HZ399404

------------------------------------------------------------------------------------------------------------------------

[2024-04-25 12:53:07 #1 store] 
Database 'C:\Users\ik_1DW3A\eclipse-workspace\reto3\db\usuarios.odb' is opened by 12700@HZ399404

[2024-04-25 12:53:07 #2 store] 
Configuration path: ?

[2024-04-25 12:53:07 #3 type] 
Type definicion.Usuario is not enhanced.

[2024-04-25 12:53:07 #4 store] 
Database 'C:\Users\ik_1DW3A\eclipse-workspace\reto3\db\usuarios.odb' is closed by 12700@HZ399404

[2024-04-25 12:53:07 #5 store] 
Database 'C:\Users\ik_1DW3A\eclipse-workspace\reto3\db\usuarios.odb' is opened by 12700@HZ399404

[2024-04-25 12:53:07 #6 store] 
Configuration path: ?

[2024-04-25 12:53:07 #7 store] 
Database 'C:\Users\ik_1DW3A\eclipse-workspace\reto3\db\usuarios.odb' is closed by 12700@HZ399404

[2024-04-25 12:53:12 #8 store] 
Database 'C:\Users\ik_1DW3A\eclipse-workspace\reto3\db\usuarios.odb' is opened by 12700@HZ399404

[2024-04-25 12:53:12 #9 store] 
Configuration path: ?

[2024-04-25 12:53:12 #10 store] 
Database 'C:\Users\ik_1DW3A\eclipse-workspace\reto3\db\usuarios.odb' is closed by 12700@HZ399404

[2024-04-25 12:53:14 #11 store] 
Database 'C:\Users\ik_1DW3A\eclipse-workspace\reto3\db\usuarios.odb' is opened by 12700@HZ399404

[2024-04-25 12:53:14 #12 store] 
Configuration path: ?

[2024-04-25 12:53:14 #13 store] 
Database 'C:\Users\ik_1DW3A\eclipse-workspace\reto3\db\usuarios.odb' is closed by 12700@HZ399404

------------------------------------------------------------------------------------------------------------------------

[2024-04-25 12:55:38 #1 store] 
Database 'C:\Users\ik_1DW3A\eclipse-workspace\reto3\db\usuarios.odb' is opened by 8128@HZ399404

[2024-04-25 12:55:38 #2 store] 
Configuration path: ?

[2024-04-25 12:55:38 #3 type] 
Type definicion.Usuario is not enhanced.

[2024-04-25 12:55:38 #4 store] 
Database 'C:\Users\ik_1DW3A\eclipse-workspace\reto3\db\usuarios.odb' is closed by 8128@HZ399404

[2024-04-25 12:55:38 #5 store] 
Database 'C:\Users\ik_1DW3A\eclipse-workspace\reto3\db\usuarios.odb' is opened by 8128@HZ399404

[2024-04-25 12:55:38 #6 store] 
Configuration path: ?

[2024-04-25 12:55:38 #7 store] 
Database 'C:\Users\ik_1DW3A\eclipse-workspace\reto3\db\usuarios.odb' is closed by 8128@HZ399404

[2024-04-25 12:55:41 #8 store] 
Database 'C:\Users\ik_1DW3A\eclipse-workspace\reto3\db\usuarios.odb' is opened by 8128@HZ399404

[2024-04-25 12:55:41 #9 store] 
Configuration path: ?

[2024-04-25 12:55:41 #10 store] 
Database 'C:\Users\ik_1DW3A\eclipse-workspace\reto3\db\usuarios.odb' is closed by 8128@HZ399404

[2024-04-25 12:55:43 #11 store] 
Database 'C:\Users\ik_1DW3A\eclipse-workspace\reto3\db\usuarios.odb' is opened by 8128@HZ399404

[2024-04-25 12:55:43 #12 store] 
Configuration path: ?

[2024-04-25 12:55:43 #13 store] 
Database 'C:\Users\ik_1DW3A\eclipse-workspace\reto3\db\usuarios.odb' is closed by 8128@HZ399404

------------------------------------------------------------------------------------------------------------------------

[2024-04-25 12:57:02 #1 store] 
Database 'C:\Users\ik_1DW3A\eclipse-workspace\reto3\db\usuarios.odb' is opened by 7392@HZ399404

[2024-04-25 12:57:02 #2 store] 
Configuration path: ?

[2024-04-25 12:57:02 #3 type] 
Type definicion.Usuario is not enhanced.

[2024-04-25 12:57:02 #4 store] 
Database 'C:\Users\ik_1DW3A\eclipse-workspace\reto3\db\usuarios.odb' is closed by 7392@HZ399404

[2024-04-25 12:57:02 #5 store] 
Database 'C:\Users\ik_1DW3A\eclipse-workspace\reto3\db\usuarios.odb' is opened by 7392@HZ399404

[2024-04-25 12:57:02 #6 store] 
Configuration path: ?

[2024-04-25 12:57:02 #7 store] 
Database 'C:\Users\ik_1DW3A\eclipse-workspace\reto3\db\usuarios.odb' is closed by 7392@HZ399404

[2024-04-25 12:57:04 #8 store] 
Database 'C:\Users\ik_1DW3A\eclipse-workspace\reto3\db\usuarios.odb' is opened by 7392@HZ399404

[2024-04-25 12:57:04 #9 store] 
Configuration path: ?

[2024-04-25 12:57:04 #10 store] 
Database 'C:\Users\ik_1DW3A\eclipse-workspace\reto3\db\usuarios.odb' is closed by 7392@HZ399404

[2024-04-25 12:57:06 #11 store] 
Database 'C:\Users\ik_1DW3A\eclipse-workspace\reto3\db\usuarios.odb' is opened by 7392@HZ399404

[2024-04-25 12:57:06 #12 store] 
Configuration path: ?

[2024-04-25 12:57:06 #13 store] 
Database 'C:\Users\ik_1DW3A\eclipse-workspace\reto3\db\usuarios.odb' is closed by 7392@HZ399404

------------------------------------------------------------------------------------------------------------------------

[2024-04-25 13:00:15 #1 store] 
Database 'C:\Users\ik_1DW3A\eclipse-workspace\reto3\db\usuarios.odb' is opened by 8332@HZ399404

[2024-04-25 13:00:15 #2 store] 
Configuration path: ?

[2024-04-25 13:00:15 #3 type] 
Type definicion.Usuario is not enhanced.

[2024-04-25 13:00:15 #4 store] 
Database 'C:\Users\ik_1DW3A\eclipse-workspace\reto3\db\usuarios.odb' is closed by 8332@HZ399404

[2024-04-25 13:00:15 #5 store] 
Database 'C:\Users\ik_1DW3A\eclipse-workspace\reto3\db\usuarios.odb' is opened by 8332@HZ399404

[2024-04-25 13:00:15 #6 store] 
Configuration path: ?

[2024-04-25 13:00:15 #7 store] 
Database 'C:\Users\ik_1DW3A\eclipse-workspace\reto3\db\usuarios.odb' is closed by 8332@HZ399404

------------------------------------------------------------------------------------------------------------------------

[2024-04-25 13:04:11 #1 store] 
Database 'C:\Users\ik_1DW3A\eclipse-workspace\reto3\db\usuarios.odb' is opened by 4076@HZ399404

[2024-04-25 13:04:11 #2 store] 
Configuration path: ?

[2024-04-25 13:04:11 #3 type] 
Type definicion.Usuario is not enhanced.

[2024-04-25 13:04:11 #4 store] 
Database 'C:\Users\ik_1DW3A\eclipse-workspace\reto3\db\usuarios.odb' is closed by 4076@HZ399404

[2024-04-25 13:04:11 #5 store] 
Database 'C:\Users\ik_1DW3A\eclipse-workspace\reto3\db\usuarios.odb' is opened by 4076@HZ399404

[2024-04-25 13:04:11 #6 store] 
Configuration path: ?

[2024-04-25 13:04:11 #7 store] 
Database 'C:\Users\ik_1DW3A\eclipse-workspace\reto3\db\usuarios.odb' is closed by 4076@HZ399404

[2024-04-25 13:04:14 #8 store] 
Database 'C:\Users\ik_1DW3A\eclipse-workspace\reto3\db\usuarios.odb' is opened by 4076@HZ399404

[2024-04-25 13:04:14 #9 store] 
Configuration path: ?

[2024-04-25 13:04:14 #10 store] 
Database 'C:\Users\ik_1DW3A\eclipse-workspace\reto3\db\usuarios.odb' is closed by 4076@HZ399404

[2024-04-25 13:04:15 #11 store] 
Database 'C:\Users\ik_1DW3A\eclipse-workspace\reto3\db\usuarios.odb' is opened by 4076@HZ399404

[2024-04-25 13:04:15 #12 store] 
Configuration path: ?

[2024-04-25 13:04:15 #13 store] 
Database 'C:\Users\ik_1DW3A\eclipse-workspace\reto3\db\usuarios.odb' is closed by 4076@HZ399404

------------------------------------------------------------------------------------------------------------------------

[2024-04-25 13:07:19 #1 store] 
Database 'C:\Users\ik_1DW3A\eclipse-workspace\reto3\db\usuarios.odb' is opened by 11784@HZ399404

[2024-04-25 13:07:19 #2 store] 
Configuration path: ?

[2024-04-25 13:07:19 #3 type] 
Type definicion.Usuario is not enhanced.

[2024-04-25 13:07:19 #4 store] 
Database 'C:\Users\ik_1DW3A\eclipse-workspace\reto3\db\usuarios.odb' is closed by 11784@HZ399404

[2024-04-25 13:07:19 #5 store] 
Database 'C:\Users\ik_1DW3A\eclipse-workspace\reto3\db\usuarios.odb' is opened by 11784@HZ399404

[2024-04-25 13:07:19 #6 store] 
Configuration path: ?

[2024-04-25 13:07:19 #7 store] 
Database 'C:\Users\ik_1DW3A\eclipse-workspace\reto3\db\usuarios.odb' is closed by 11784@HZ399404

[2024-04-25 13:07:21 #8 store] 
Database 'C:\Users\ik_1DW3A\eclipse-workspace\reto3\db\usuarios.odb' is opened by 11784@HZ399404

[2024-04-25 13:07:21 #9 store] 
Configuration path: ?

[2024-04-25 13:07:21 #10 store] 
Database 'C:\Users\ik_1DW3A\eclipse-workspace\reto3\db\usuarios.odb' is closed by 11784@HZ399404

[2024-04-25 13:07:23 #11 store] 
Database 'C:\Users\ik_1DW3A\eclipse-workspace\reto3\db\usuarios.odb' is opened by 11784@HZ399404

[2024-04-25 13:07:23 #12 store] 
Configuration path: ?

[2024-04-25 13:07:23 #13 store] 
Database 'C:\Users\ik_1DW3A\eclipse-workspace\reto3\db\usuarios.odb' is closed by 11784@HZ399404

------------------------------------------------------------------------------------------------------------------------

[2024-04-25 13:12:51 #1 store] 
Database 'C:\Users\ik_1DW3A\eclipse-workspace\reto3\db\usuarios.odb' is opened by 9452@HZ399404

[2024-04-25 13:12:51 #2 store] 
Configuration path: ?

[2024-04-25 13:12:51 #3 type] 
Type definicion.Usuario is not enhanced.

[2024-04-25 13:12:51 #4 store] 
Database 'C:\Users\ik_1DW3A\eclipse-workspace\reto3\db\usuarios.odb' is closed by 9452@HZ399404

[2024-04-25 13:12:51 #5 store] 
Database 'C:\Users\ik_1DW3A\eclipse-workspace\reto3\db\usuarios.odb' is opened by 9452@HZ399404

[2024-04-25 13:12:51 #6 store] 
Configuration path: ?

[2024-04-25 13:12:51 #7 store] 
Database 'C:\Users\ik_1DW3A\eclipse-workspace\reto3\db\usuarios.odb' is closed by 9452@HZ399404

[2024-04-25 13:12:53 #8 store] 
Database 'C:\Users\ik_1DW3A\eclipse-workspace\reto3\db\usuarios.odb' is opened by 9452@HZ399404

[2024-04-25 13:12:53 #9 store] 
Configuration path: ?

[2024-04-25 13:12:53 #10 store] 
Database 'C:\Users\ik_1DW3A\eclipse-workspace\reto3\db\usuarios.odb' is closed by 9452@HZ399404

[2024-04-25 13:12:55 #11 store] 
Database 'C:\Users\ik_1DW3A\eclipse-workspace\reto3\db\usuarios.odb' is opened by 9452@HZ399404

[2024-04-25 13:12:55 #12 store] 
Configuration path: ?

[2024-04-25 13:12:55 #13 store] 
Database 'C:\Users\ik_1DW3A\eclipse-workspace\reto3\db\usuarios.odb' is closed by 9452@HZ399404

------------------------------------------------------------------------------------------------------------------------

[2024-04-25 13:14:52 #1 store] 
Database 'C:\Users\ik_1DW3A\eclipse-workspace\reto3\db\usuarios.odb' is opened by 6492@HZ399404

[2024-04-25 13:14:52 #2 store] 
Configuration path: ?

[2024-04-25 13:14:52 #3 type] 
Type definicion.Usuario is not enhanced.

[2024-04-25 13:14:52 #4 store] 
Database 'C:\Users\ik_1DW3A\eclipse-workspace\reto3\db\usuarios.odb' is closed by 6492@HZ399404

[2024-04-25 13:14:52 #5 store] 
Database 'C:\Users\ik_1DW3A\eclipse-workspace\reto3\db\usuarios.odb' is opened by 6492@HZ399404

[2024-04-25 13:14:52 #6 store] 
Configuration path: ?

[2024-04-25 13:14:52 #7 store] 
Database 'C:\Users\ik_1DW3A\eclipse-workspace\reto3\db\usuarios.odb' is closed by 6492@HZ399404

[2024-04-25 13:14:54 #8 store] 
Database 'C:\Users\ik_1DW3A\eclipse-workspace\reto3\db\usuarios.odb' is opened by 6492@HZ399404

[2024-04-25 13:14:54 #9 store] 
Configuration path: ?

[2024-04-25 13:14:54 #10 store] 
Database 'C:\Users\ik_1DW3A\eclipse-workspace\reto3\db\usuarios.odb' is closed by 6492@HZ399404

[2024-04-25 13:14:55 #11 store] 
Database 'C:\Users\ik_1DW3A\eclipse-workspace\reto3\db\usuarios.odb' is opened by 6492@HZ399404

[2024-04-25 13:14:55 #12 store] 
Configuration path: ?

[2024-04-25 13:14:55 #13 store] 
Database 'C:\Users\ik_1DW3A\eclipse-workspace\reto3\db\usuarios.odb' is closed by 6492@HZ399404

------------------------------------------------------------------------------------------------------------------------

[2024-04-25 13:18:45 #1 store] 
Database 'C:\Users\ik_1DW3A\eclipse-workspace\reto3\db\usuarios.odb' is opened by 2860@HZ399404

[2024-04-25 13:18:45 #2 store] 
Configuration path: ?

[2024-04-25 13:18:45 #3 type] 
Type definicion.Usuario is not enhanced.

[2024-04-25 13:18:45 #4 store] 
Database 'C:\Users\ik_1DW3A\eclipse-workspace\reto3\db\usuarios.odb' is closed by 2860@HZ399404

[2024-04-25 13:18:45 #5 store] 
Database 'C:\Users\ik_1DW3A\eclipse-workspace\reto3\db\usuarios.odb' is opened by 2860@HZ399404

[2024-04-25 13:18:45 #6 store] 
Configuration path: ?

[2024-04-25 13:18:45 #7 store] 
Database 'C:\Users\ik_1DW3A\eclipse-workspace\reto3\db\usuarios.odb' is closed by 2860@HZ399404

[2024-04-25 13:18:48 #8 store] 
Database 'C:\Users\ik_1DW3A\eclipse-workspace\reto3\db\usuarios.odb' is opened by 2860@HZ399404

[2024-04-25 13:18:48 #9 store] 
Configuration path: ?

[2024-04-25 13:18:48 #10 store] 
Database 'C:\Users\ik_1DW3A\eclipse-workspace\reto3\db\usuarios.odb' is closed by 2860@HZ399404

[2024-04-25 13:18:50 #11 store] 
Database 'C:\Users\ik_1DW3A\eclipse-workspace\reto3\db\usuarios.odb' is opened by 2860@HZ399404

[2024-04-25 13:18:50 #12 store] 
Configuration path: ?

[2024-04-25 13:18:50 #13 store] 
Database 'C:\Users\ik_1DW3A\eclipse-workspace\reto3\db\usuarios.odb' is closed by 2860@HZ399404

------------------------------------------------------------------------------------------------------------------------

[2024-04-25 13:21:31 #1 store] 
Database 'C:\Users\ik_1DW3A\eclipse-workspace\reto3\db\usuarios.odb' is opened by 5908@HZ399404

[2024-04-25 13:21:31 #2 store] 
Configuration path: ?

[2024-04-25 13:21:31 #3 type] 
Type definicion.Usuario is not enhanced.

[2024-04-25 13:21:31 #4 store] 
Database 'C:\Users\ik_1DW3A\eclipse-workspace\reto3\db\usuarios.odb' is closed by 5908@HZ399404

[2024-04-25 13:21:31 #5 store] 
Database 'C:\Users\ik_1DW3A\eclipse-workspace\reto3\db\usuarios.odb' is opened by 5908@HZ399404

[2024-04-25 13:21:31 #6 store] 
Configuration path: ?

[2024-04-25 13:21:31 #7 store] 
Database 'C:\Users\ik_1DW3A\eclipse-workspace\reto3\db\usuarios.odb' is closed by 5908@HZ399404

[2024-04-25 13:21:33 #8 store] 
Database 'C:\Users\ik_1DW3A\eclipse-workspace\reto3\db\usuarios.odb' is opened by 5908@HZ399404

[2024-04-25 13:21:33 #9 store] 
Configuration path: ?

[2024-04-25 13:21:33 #10 store] 
Database 'C:\Users\ik_1DW3A\eclipse-workspace\reto3\db\usuarios.odb' is closed by 5908@HZ399404

[2024-04-25 13:21:35 #11 store] 
Database 'C:\Users\ik_1DW3A\eclipse-workspace\reto3\db\usuarios.odb' is opened by 5908@HZ399404

[2024-04-25 13:21:35 #12 store] 
Configuration path: ?

[2024-04-25 13:21:35 #13 store] 
Database 'C:\Users\ik_1DW3A\eclipse-workspace\reto3\db\usuarios.odb' is closed by 5908@HZ399404

------------------------------------------------------------------------------------------------------------------------

[2024-04-25 13:23:41 #1 store] 
Database 'C:\Users\ik_1DW3A\eclipse-workspace\reto3\db\usuarios.odb' is opened by 4552@HZ399404

[2024-04-25 13:23:41 #2 store] 
Configuration path: ?

[2024-04-25 13:23:41 #3 type] 
Type definicion.Usuario is not enhanced.

[2024-04-25 13:23:41 #4 store] 
Database 'C:\Users\ik_1DW3A\eclipse-workspace\reto3\db\usuarios.odb' is closed by 4552@HZ399404

[2024-04-25 13:23:41 #5 store] 
Database 'C:\Users\ik_1DW3A\eclipse-workspace\reto3\db\usuarios.odb' is opened by 4552@HZ399404

[2024-04-25 13:23:41 #6 store] 
Configuration path: ?

[2024-04-25 13:23:41 #7 store] 
Database 'C:\Users\ik_1DW3A\eclipse-workspace\reto3\db\usuarios.odb' is closed by 4552@HZ399404

[2024-04-25 13:23:43 #8 store] 
Database 'C:\Users\ik_1DW3A\eclipse-workspace\reto3\db\usuarios.odb' is opened by 4552@HZ399404

[2024-04-25 13:23:43 #9 store] 
Configuration path: ?

[2024-04-25 13:23:43 #10 store] 
Database 'C:\Users\ik_1DW3A\eclipse-workspace\reto3\db\usuarios.odb' is closed by 4552@HZ399404

[2024-04-25 13:23:44 #11 store] 
Database 'C:\Users\ik_1DW3A\eclipse-workspace\reto3\db\usuarios.odb' is opened by 4552@HZ399404

[2024-04-25 13:23:44 #12 store] 
Configuration path: ?

[2024-04-25 13:23:44 #13 store] 
Database 'C:\Users\ik_1DW3A\eclipse-workspace\reto3\db\usuarios.odb' is closed by 4552@HZ399404

------------------------------------------------------------------------------------------------------------------------

[2024-04-25 13:41:20 #1 store] 
Database 'C:\Users\ik_1DW3A\eclipse-workspace\reto3\db\usuarios.odb' is opened by 12744@HZ399404

[2024-04-25 13:41:20 #2 store] 
Configuration path: ?

[2024-04-25 13:41:20 #3 type] 
Type definicion.Usuario is not enhanced.

[2024-04-25 13:41:20 #4 store] 
Database 'C:\Users\ik_1DW3A\eclipse-workspace\reto3\db\usuarios.odb' is closed by 12744@HZ399404

[2024-04-25 13:41:20 #5 store] 
Database 'C:\Users\ik_1DW3A\eclipse-workspace\reto3\db\usuarios.odb' is opened by 12744@HZ399404

[2024-04-25 13:41:20 #6 store] 
Configuration path: ?

[2024-04-25 13:41:20 #7 store] 
Database 'C:\Users\ik_1DW3A\eclipse-workspace\reto3\db\usuarios.odb' is closed by 12744@HZ399404

[2024-04-25 13:41:23 #8 store] 
Database 'C:\Users\ik_1DW3A\eclipse-workspace\reto3\db\usuarios.odb' is opened by 12744@HZ399404

[2024-04-25 13:41:23 #9 store] 
Configuration path: ?

[2024-04-25 13:41:23 #10 store] 
Database 'C:\Users\ik_1DW3A\eclipse-workspace\reto3\db\usuarios.odb' is closed by 12744@HZ399404

[2024-04-25 13:41:28 #11 store] 
Database 'C:\Users\ik_1DW3A\eclipse-workspace\reto3\db\usuarios.odb' is opened by 12744@HZ399404

[2024-04-25 13:41:28 #12 store] 
Configuration path: ?

[2024-04-25 13:41:28 #13 store] 
Database 'C:\Users\ik_1DW3A\eclipse-workspace\reto3\db\usuarios.odb' is closed by 12744@HZ399404

------------------------------------------------------------------------------------------------------------------------

[2024-04-25 13:46:56 #1 store] 
Database 'C:\Users\ik_1DW3A\eclipse-workspace\reto3\db\usuarios.odb' is opened by 12932@HZ399404

[2024-04-25 13:46:56 #2 store] 
Configuration path: ?

[2024-04-25 13:46:56 #3 type] 
Type definicion.Usuario is not enhanced.

[2024-04-25 13:46:56 #4 store] 
Database 'C:\Users\ik_1DW3A\eclipse-workspace\reto3\db\usuarios.odb' is closed by 12932@HZ399404

[2024-04-25 13:46:56 #5 store] 
Database 'C:\Users\ik_1DW3A\eclipse-workspace\reto3\db\usuarios.odb' is opened by 12932@HZ399404

[2024-04-25 13:46:56 #6 store] 
Configuration path: ?

[2024-04-25 13:46:56 #7 store] 
Database 'C:\Users\ik_1DW3A\eclipse-workspace\reto3\db\usuarios.odb' is closed by 12932@HZ399404

[2024-04-25 13:46:58 #8 store] 
Database 'C:\Users\ik_1DW3A\eclipse-workspace\reto3\db\usuarios.odb' is opened by 12932@HZ399404

[2024-04-25 13:46:58 #9 store] 
Configuration path: ?

[2024-04-25 13:46:58 #10 store] 
Database 'C:\Users\ik_1DW3A\eclipse-workspace\reto3\db\usuarios.odb' is closed by 12932@HZ399404

[2024-04-25 13:47:00 #11 store] 
Database 'C:\Users\ik_1DW3A\eclipse-workspace\reto3\db\usuarios.odb' is opened by 12932@HZ399404

[2024-04-25 13:47:00 #12 store] 
Configuration path: ?

[2024-04-25 13:47:00 #13 store] 
Database 'C:\Users\ik_1DW3A\eclipse-workspace\reto3\db\usuarios.odb' is closed by 12932@HZ399404

------------------------------------------------------------------------------------------------------------------------

[2024-04-25 13:52:15 #1 store] 
Database 'C:\Users\ik_1DW3A\eclipse-workspace\reto3\db\usuarios.odb' is opened by 1468@HZ399404

[2024-04-25 13:52:15 #2 store] 
Configuration path: ?

[2024-04-25 13:52:15 #3 type] 
Type definicion.Usuario is not enhanced.

[2024-04-25 13:52:15 #4 store] 
Database 'C:\Users\ik_1DW3A\eclipse-workspace\reto3\db\usuarios.odb' is closed by 1468@HZ399404

[2024-04-25 13:52:15 #5 store] 
Database 'C:\Users\ik_1DW3A\eclipse-workspace\reto3\db\usuarios.odb' is opened by 1468@HZ399404

[2024-04-25 13:52:15 #6 store] 
Configuration path: ?

[2024-04-25 13:52:15 #7 store] 
Database 'C:\Users\ik_1DW3A\eclipse-workspace\reto3\db\usuarios.odb' is closed by 1468@HZ399404

[2024-04-25 13:52:18 #8 store] 
Database 'C:\Users\ik_1DW3A\eclipse-workspace\reto3\db\usuarios.odb' is opened by 1468@HZ399404

[2024-04-25 13:52:18 #9 store] 
Configuration path: ?

[2024-04-25 13:52:18 #10 store] 
Database 'C:\Users\ik_1DW3A\eclipse-workspace\reto3\db\usuarios.odb' is closed by 1468@HZ399404

[2024-04-25 13:52:20 #11 store] 
Database 'C:\Users\ik_1DW3A\eclipse-workspace\reto3\db\usuarios.odb' is opened by 1468@HZ399404

[2024-04-25 13:52:20 #12 store] 
Configuration path: ?

[2024-04-25 13:52:20 #13 store] 
Database 'C:\Users\ik_1DW3A\eclipse-workspace\reto3\db\usuarios.odb' is closed by 1468@HZ399404

------------------------------------------------------------------------------------------------------------------------

[2024-04-25 13:58:41 #1 store] 
Database 'C:\Users\ik_1DW3A\eclipse-workspace\reto3\db\usuarios.odb' is opened by 12660@HZ399404

[2024-04-25 13:58:41 #2 store] 
Configuration path: ?

[2024-04-25 13:58:41 #3 type] 
Type definicion.Usuario is not enhanced.

[2024-04-25 13:58:41 #4 store] 
Database 'C:\Users\ik_1DW3A\eclipse-workspace\reto3\db\usuarios.odb' is closed by 12660@HZ399404

[2024-04-25 13:58:41 #5 store] 
Database 'C:\Users\ik_1DW3A\eclipse-workspace\reto3\db\usuarios.odb' is opened by 12660@HZ399404

[2024-04-25 13:58:41 #6 store] 
Configuration path: ?

[2024-04-25 13:58:41 #7 store] 
Database 'C:\Users\ik_1DW3A\eclipse-workspace\reto3\db\usuarios.odb' is closed by 12660@HZ399404

[2024-04-25 13:58:45 #8 store] 
Database 'C:\Users\ik_1DW3A\eclipse-workspace\reto3\db\usuarios.odb' is opened by 12660@HZ399404

[2024-04-25 13:58:45 #9 store] 
Configuration path: ?

[2024-04-25 13:58:45 #10 store] 
Database 'C:\Users\ik_1DW3A\eclipse-workspace\reto3\db\usuarios.odb' is closed by 12660@HZ399404

[2024-04-25 13:58:47 #11 store] 
Database 'C:\Users\ik_1DW3A\eclipse-workspace\reto3\db\usuarios.odb' is opened by 12660@HZ399404

[2024-04-25 13:58:47 #12 store] 
Configuration path: ?

[2024-04-25 13:58:47 #13 store] 
Database 'C:\Users\ik_1DW3A\eclipse-workspace\reto3\db\usuarios.odb' is closed by 12660@HZ399404

------------------------------------------------------------------------------------------------------------------------

[2024-04-25 13:59:46 #1 store] 
Database 'C:\Users\ik_1DW3A\eclipse-workspace\reto3\db\usuarios.odb' is opened by 548@HZ399404

[2024-04-25 13:59:46 #2 store] 
Configuration path: ?

[2024-04-25 13:59:46 #3 type] 
Type definicion.Usuario is not enhanced.

[2024-04-25 13:59:46 #4 store] 
Database 'C:\Users\ik_1DW3A\eclipse-workspace\reto3\db\usuarios.odb' is closed by 548@HZ399404

[2024-04-25 13:59:46 #5 store] 
Database 'C:\Users\ik_1DW3A\eclipse-workspace\reto3\db\usuarios.odb' is opened by 548@HZ399404

[2024-04-25 13:59:46 #6 store] 
Configuration path: ?

[2024-04-25 13:59:46 #7 store] 
Database 'C:\Users\ik_1DW3A\eclipse-workspace\reto3\db\usuarios.odb' is closed by 548@HZ399404

[2024-04-25 13:59:48 #8 store] 
Database 'C:\Users\ik_1DW3A\eclipse-workspace\reto3\db\usuarios.odb' is opened by 548@HZ399404

[2024-04-25 13:59:48 #9 store] 
Configuration path: ?

[2024-04-25 13:59:48 #10 store] 
Database 'C:\Users\ik_1DW3A\eclipse-workspace\reto3\db\usuarios.odb' is closed by 548@HZ399404

[2024-04-25 13:59:50 #11 store] 
Database 'C:\Users\ik_1DW3A\eclipse-workspace\reto3\db\usuarios.odb' is opened by 548@HZ399404

[2024-04-25 13:59:50 #12 store] 
Configuration path: ?

[2024-04-25 13:59:50 #13 store] 
Database 'C:\Users\ik_1DW3A\eclipse-workspace\reto3\db\usuarios.odb' is closed by 548@HZ399404

------------------------------------------------------------------------------------------------------------------------

[2024-04-25 14:03:42 #1 store] 
Database 'C:\Users\ik_1DW3A\eclipse-workspace\reto3\db\usuarios.odb' is opened by 11660@HZ399404

[2024-04-25 14:03:42 #2 store] 
Configuration path: ?

[2024-04-25 14:03:42 #3 type] 
Type definicion.Usuario is not enhanced.

[2024-04-25 14:03:42 #4 store] 
Database 'C:\Users\ik_1DW3A\eclipse-workspace\reto3\db\usuarios.odb' is closed by 11660@HZ399404

[2024-04-25 14:03:42 #5 store] 
Database 'C:\Users\ik_1DW3A\eclipse-workspace\reto3\db\usuarios.odb' is opened by 11660@HZ399404

[2024-04-25 14:03:42 #6 store] 
Configuration path: ?

[2024-04-25 14:03:42 #7 store] 
Database 'C:\Users\ik_1DW3A\eclipse-workspace\reto3\db\usuarios.odb' is closed by 11660@HZ399404

[2024-04-25 14:03:44 #8 store] 
Database 'C:\Users\ik_1DW3A\eclipse-workspace\reto3\db\usuarios.odb' is opened by 11660@HZ399404

[2024-04-25 14:03:44 #9 store] 
Configuration path: ?

[2024-04-25 14:03:44 #10 store] 
Database 'C:\Users\ik_1DW3A\eclipse-workspace\reto3\db\usuarios.odb' is closed by 11660@HZ399404

[2024-04-25 14:03:45 #11 store] 
Database 'C:\Users\ik_1DW3A\eclipse-workspace\reto3\db\usuarios.odb' is opened by 11660@HZ399404

[2024-04-25 14:03:45 #12 store] 
Configuration path: ?

[2024-04-25 14:03:45 #13 store] 
Database 'C:\Users\ik_1DW3A\eclipse-workspace\reto3\db\usuarios.odb' is closed by 11660@HZ399404

------------------------------------------------------------------------------------------------------------------------

[2024-04-25 14:04:26 #1 store] 
Database 'C:\Users\ik_1DW3A\eclipse-workspace\reto3\db\usuarios.odb' is opened by 13148@HZ399404

[2024-04-25 14:04:26 #2 store] 
Configuration path: ?

[2024-04-25 14:04:26 #3 type] 
Type definicion.Usuario is not enhanced.

[2024-04-25 14:04:26 #4 store] 
Database 'C:\Users\ik_1DW3A\eclipse-workspace\reto3\db\usuarios.odb' is closed by 13148@HZ399404

[2024-04-25 14:04:26 #5 store] 
Database 'C:\Users\ik_1DW3A\eclipse-workspace\reto3\db\usuarios.odb' is opened by 13148@HZ399404

[2024-04-25 14:04:26 #6 store] 
Configuration path: ?

[2024-04-25 14:04:26 #7 store] 
Database 'C:\Users\ik_1DW3A\eclipse-workspace\reto3\db\usuarios.odb' is closed by 13148@HZ399404

[2024-04-25 14:04:28 #8 store] 
Database 'C:\Users\ik_1DW3A\eclipse-workspace\reto3\db\usuarios.odb' is opened by 13148@HZ399404

[2024-04-25 14:04:28 #9 store] 
Configuration path: ?

[2024-04-25 14:04:28 #10 store] 
Database 'C:\Users\ik_1DW3A\eclipse-workspace\reto3\db\usuarios.odb' is closed by 13148@HZ399404

[2024-04-25 14:04:29 #11 store] 
Database 'C:\Users\ik_1DW3A\eclipse-workspace\reto3\db\usuarios.odb' is opened by 13148@HZ399404

[2024-04-25 14:04:29 #12 store] 
Configuration path: ?

[2024-04-25 14:04:29 #13 store] 
Database 'C:\Users\ik_1DW3A\eclipse-workspace\reto3\db\usuarios.odb' is closed by 13148@HZ399404

[2024-04-25 14:05:23 #14 store] 
Database 'C:\Users\ik_1DW3A\eclipse-workspace\reto3\db\usuarios.odb' is opened by 13148@HZ399404

[2024-04-25 14:05:23 #15 store] 
Configuration path: ?

[2024-04-25 14:05:23 #16 store] 
Database 'C:\Users\ik_1DW3A\eclipse-workspace\reto3\db\usuarios.odb' is closed by 13148@HZ399404

------------------------------------------------------------------------------------------------------------------------

[2024-04-25 14:09:38 #1 store] 
Database 'C:\Users\ik_1DW3A\eclipse-workspace\reto3\db\usuarios.odb' is opened by 6596@HZ399404

[2024-04-25 14:09:38 #2 store] 
Configuration path: ?

[2024-04-25 14:09:38 #3 type] 
Type definicion.Usuario is not enhanced.

[2024-04-25 14:09:38 #4 store] 
Database 'C:\Users\ik_1DW3A\eclipse-workspace\reto3\db\usuarios.odb' is closed by 6596@HZ399404

[2024-04-25 14:09:38 #5 store] 
Database 'C:\Users\ik_1DW3A\eclipse-workspace\reto3\db\usuarios.odb' is opened by 6596@HZ399404

[2024-04-25 14:09:38 #6 store] 
Configuration path: ?

[2024-04-25 14:09:38 #7 store] 
Database 'C:\Users\ik_1DW3A\eclipse-workspace\reto3\db\usuarios.odb' is closed by 6596@HZ399404

[2024-04-25 14:09:40 #8 store] 
Database 'C:\Users\ik_1DW3A\eclipse-workspace\reto3\db\usuarios.odb' is opened by 6596@HZ399404

[2024-04-25 14:09:40 #9 store] 
Configuration path: ?

[2024-04-25 14:09:40 #10 store] 
Database 'C:\Users\ik_1DW3A\eclipse-workspace\reto3\db\usuarios.odb' is closed by 6596@HZ399404

[2024-04-25 14:09:41 #11 store] 
Database 'C:\Users\ik_1DW3A\eclipse-workspace\reto3\db\usuarios.odb' is opened by 6596@HZ399404

[2024-04-25 14:09:41 #12 store] 
Configuration path: ?

[2024-04-25 14:09:41 #13 store] 
Database 'C:\Users\ik_1DW3A\eclipse-workspace\reto3\db\usuarios.odb' is closed by 6596@HZ399404

------------------------------------------------------------------------------------------------------------------------

[2024-04-25 14:12:33 #1 store] 
Database 'C:\Users\ik_1DW3A\eclipse-workspace\reto3\db\usuarios.odb' is opened by 11628@HZ399404

[2024-04-25 14:12:33 #2 store] 
Configuration path: ?

[2024-04-25 14:12:33 #3 type] 
Type definicion.Usuario is not enhanced.

[2024-04-25 14:12:33 #4 store] 
Database 'C:\Users\ik_1DW3A\eclipse-workspace\reto3\db\usuarios.odb' is closed by 11628@HZ399404

[2024-04-25 14:12:33 #5 store] 
Database 'C:\Users\ik_1DW3A\eclipse-workspace\reto3\db\usuarios.odb' is opened by 11628@HZ399404

[2024-04-25 14:12:33 #6 store] 
Configuration path: ?

[2024-04-25 14:12:33 #7 store] 
Database 'C:\Users\ik_1DW3A\eclipse-workspace\reto3\db\usuarios.odb' is closed by 11628@HZ399404

[2024-04-25 14:12:38 #8 store] 
Database 'C:\Users\ik_1DW3A\eclipse-workspace\reto3\db\usuarios.odb' is opened by 11628@HZ399404

[2024-04-25 14:12:38 #9 store] 
Configuration path: ?

[2024-04-25 14:12:38 #10 store] 
Database 'C:\Users\ik_1DW3A\eclipse-workspace\reto3\db\usuarios.odb' is closed by 11628@HZ399404

[2024-04-25 14:12:40 #11 store] 
Database 'C:\Users\ik_1DW3A\eclipse-workspace\reto3\db\usuarios.odb' is opened by 11628@HZ399404

[2024-04-25 14:12:40 #12 store] 
Configuration path: ?

[2024-04-25 14:12:40 #13 store] 
Database 'C:\Users\ik_1DW3A\eclipse-workspace\reto3\db\usuarios.odb' is closed by 11628@HZ399404

