------------------------------------------------------------------------------------------------------------------------

[2024-04-26 08:09:15 #1 store] 
Database 'C:\Users\ik_1DW3A\eclipse-workspace\reto3\db\usuarios.odb' is opened by 3016@HZ399404

[2024-04-26 08:09:15 #2 store] 
Configuration path: ?

[2024-04-26 08:09:15 #3 type] 
Type definicion.Usuario is not enhanced.

[2024-04-26 08:09:15 #4 store] 
Database 'C:\Users\ik_1DW3A\eclipse-workspace\reto3\db\usuarios.odb' is closed by 3016@HZ399404

[2024-04-26 08:09:15 #5 store] 
Database 'C:\Users\ik_1DW3A\eclipse-workspace\reto3\db\usuarios.odb' is opened by 3016@HZ399404

[2024-04-26 08:09:15 #6 store] 
Configuration path: ?

[2024-04-26 08:09:15 #7 store] 
Database 'C:\Users\ik_1DW3A\eclipse-workspace\reto3\db\usuarios.odb' is closed by 3016@HZ399404

[2024-04-26 08:09:17 #8 store] 
Database 'C:\Users\ik_1DW3A\eclipse-workspace\reto3\db\usuarios.odb' is opened by 3016@HZ399404

[2024-04-26 08:09:17 #9 store] 
Configuration path: ?

[2024-04-26 08:09:17 #10 store] 
Database 'C:\Users\ik_1DW3A\eclipse-workspace\reto3\db\usuarios.odb' is closed by 3016@HZ399404

[2024-04-26 08:09:19 #11 store] 
Database 'C:\Users\ik_1DW3A\eclipse-workspace\reto3\db\usuarios.odb' is opened by 3016@HZ399404

[2024-04-26 08:09:19 #12 store] 
Configuration path: ?

[2024-04-26 08:09:19 #13 store] 
Database 'C:\Users\ik_1DW3A\eclipse-workspace\reto3\db\usuarios.odb' is closed by 3016@HZ399404

------------------------------------------------------------------------------------------------------------------------

[2024-04-26 08:13:54 #1 store] 
Database 'C:\Users\ik_1DW3A\eclipse-workspace\reto3\db\usuarios.odb' is opened by 9320@HZ399404

[2024-04-26 08:13:54 #2 store] 
Configuration path: ?

[2024-04-26 08:13:54 #3 type] 
Type definicion.Usuario is not enhanced.

[2024-04-26 08:13:54 #4 store] 
Database 'C:\Users\ik_1DW3A\eclipse-workspace\reto3\db\usuarios.odb' is closed by 9320@HZ399404

[2024-04-26 08:13:54 #5 store] 
Database 'C:\Users\ik_1DW3A\eclipse-workspace\reto3\db\usuarios.odb' is opened by 9320@HZ399404

[2024-04-26 08:13:54 #6 store] 
Configuration path: ?

[2024-04-26 08:13:54 #7 store] 
Database 'C:\Users\ik_1DW3A\eclipse-workspace\reto3\db\usuarios.odb' is closed by 9320@HZ399404

[2024-04-26 08:13:56 #8 store] 
Database 'C:\Users\ik_1DW3A\eclipse-workspace\reto3\db\usuarios.odb' is opened by 9320@HZ399404

[2024-04-26 08:13:56 #9 store] 
Configuration path: ?

[2024-04-26 08:13:56 #10 store] 
Database 'C:\Users\ik_1DW3A\eclipse-workspace\reto3\db\usuarios.odb' is closed by 9320@HZ399404

[2024-04-26 08:13:58 #11 store] 
Database 'C:\Users\ik_1DW3A\eclipse-workspace\reto3\db\usuarios.odb' is opened by 9320@HZ399404

[2024-04-26 08:13:58 #12 store] 
Configuration path: ?

[2024-04-26 08:13:58 #13 store] 
Database 'C:\Users\ik_1DW3A\eclipse-workspace\reto3\db\usuarios.odb' is closed by 9320@HZ399404

------------------------------------------------------------------------------------------------------------------------

[2024-04-26 08:15:14 #1 store] 
Database 'C:\Users\ik_1DW3A\eclipse-workspace\reto3\db\usuarios.odb' is opened by 2304@HZ399404

[2024-04-26 08:15:15 #2 store] 
Configuration path: ?

[2024-04-26 08:15:15 #3 type] 
Type definicion.Usuario is not enhanced.

[2024-04-26 08:15:15 #4 store] 
Database 'C:\Users\ik_1DW3A\eclipse-workspace\reto3\db\usuarios.odb' is closed by 2304@HZ399404

[2024-04-26 08:15:15 #5 store] 
Database 'C:\Users\ik_1DW3A\eclipse-workspace\reto3\db\usuarios.odb' is opened by 2304@HZ399404

[2024-04-26 08:15:15 #6 store] 
Configuration path: ?

[2024-04-26 08:15:15 #7 store] 
Database 'C:\Users\ik_1DW3A\eclipse-workspace\reto3\db\usuarios.odb' is closed by 2304@HZ399404

[2024-04-26 08:15:16 #8 store] 
Database 'C:\Users\ik_1DW3A\eclipse-workspace\reto3\db\usuarios.odb' is opened by 2304@HZ399404

[2024-04-26 08:15:16 #9 store] 
Configuration path: ?

[2024-04-26 08:15:16 #10 store] 
Database 'C:\Users\ik_1DW3A\eclipse-workspace\reto3\db\usuarios.odb' is closed by 2304@HZ399404

[2024-04-26 08:15:18 #11 store] 
Database 'C:\Users\ik_1DW3A\eclipse-workspace\reto3\db\usuarios.odb' is opened by 2304@HZ399404

[2024-04-26 08:15:18 #12 store] 
Configuration path: ?

[2024-04-26 08:15:18 #13 store] 
Database 'C:\Users\ik_1DW3A\eclipse-workspace\reto3\db\usuarios.odb' is closed by 2304@HZ399404

------------------------------------------------------------------------------------------------------------------------

[2024-04-26 08:16:49 #1 store] 
Database 'C:\Users\ik_1DW3A\eclipse-workspace\reto3\db\usuarios.odb' is opened by 6244@HZ399404

[2024-04-26 08:16:49 #2 store] 
Configuration path: ?

[2024-04-26 08:16:49 #3 type] 
Type definicion.Usuario is not enhanced.

[2024-04-26 08:16:50 #4 store] 
Database 'C:\Users\ik_1DW3A\eclipse-workspace\reto3\db\usuarios.odb' is closed by 6244@HZ399404

[2024-04-26 08:16:50 #5 store] 
Database 'C:\Users\ik_1DW3A\eclipse-workspace\reto3\db\usuarios.odb' is opened by 6244@HZ399404

[2024-04-26 08:16:50 #6 store] 
Configuration path: ?

[2024-04-26 08:16:50 #7 store] 
Database 'C:\Users\ik_1DW3A\eclipse-workspace\reto3\db\usuarios.odb' is closed by 6244@HZ399404

[2024-04-26 08:16:52 #8 store] 
Database 'C:\Users\ik_1DW3A\eclipse-workspace\reto3\db\usuarios.odb' is opened by 6244@HZ399404

[2024-04-26 08:16:52 #9 store] 
Configuration path: ?

[2024-04-26 08:16:52 #10 store] 
Database 'C:\Users\ik_1DW3A\eclipse-workspace\reto3\db\usuarios.odb' is closed by 6244@HZ399404

[2024-04-26 08:16:53 #11 store] 
Database 'C:\Users\ik_1DW3A\eclipse-workspace\reto3\db\usuarios.odb' is opened by 6244@HZ399404

[2024-04-26 08:16:53 #12 store] 
Configuration path: ?

[2024-04-26 08:16:53 #13 store] 
Database 'C:\Users\ik_1DW3A\eclipse-workspace\reto3\db\usuarios.odb' is closed by 6244@HZ399404

------------------------------------------------------------------------------------------------------------------------

[2024-04-26 08:17:48 #1 store] 
Database 'C:\Users\ik_1DW3A\eclipse-workspace\reto3\db\usuarios.odb' is opened by 1060@HZ399404

[2024-04-26 08:17:48 #2 store] 
Configuration path: ?

[2024-04-26 08:17:48 #3 type] 
Type definicion.Usuario is not enhanced.

[2024-04-26 08:17:48 #4 store] 
Database 'C:\Users\ik_1DW3A\eclipse-workspace\reto3\db\usuarios.odb' is closed by 1060@HZ399404

[2024-04-26 08:17:48 #5 store] 
Database 'C:\Users\ik_1DW3A\eclipse-workspace\reto3\db\usuarios.odb' is opened by 1060@HZ399404

[2024-04-26 08:17:48 #6 store] 
Configuration path: ?

[2024-04-26 08:17:48 #7 store] 
Database 'C:\Users\ik_1DW3A\eclipse-workspace\reto3\db\usuarios.odb' is closed by 1060@HZ399404

[2024-04-26 08:17:50 #8 store] 
Database 'C:\Users\ik_1DW3A\eclipse-workspace\reto3\db\usuarios.odb' is opened by 1060@HZ399404

[2024-04-26 08:17:50 #9 store] 
Configuration path: ?

[2024-04-26 08:17:50 #10 store] 
Database 'C:\Users\ik_1DW3A\eclipse-workspace\reto3\db\usuarios.odb' is closed by 1060@HZ399404

[2024-04-26 08:17:51 #11 store] 
Database 'C:\Users\ik_1DW3A\eclipse-workspace\reto3\db\usuarios.odb' is opened by 1060@HZ399404

[2024-04-26 08:17:51 #12 store] 
Configuration path: ?

[2024-04-26 08:17:51 #13 store] 
Database 'C:\Users\ik_1DW3A\eclipse-workspace\reto3\db\usuarios.odb' is closed by 1060@HZ399404

------------------------------------------------------------------------------------------------------------------------

[2024-04-26 08:20:24 #1 store] 
Database 'C:\Users\ik_1DW3A\eclipse-workspace\reto3\db\usuarios.odb' is opened by 3600@HZ399404

[2024-04-26 08:20:24 #2 store] 
Configuration path: ?

[2024-04-26 08:20:24 #3 type] 
Type definicion.Usuario is not enhanced.

[2024-04-26 08:20:24 #4 store] 
Database 'C:\Users\ik_1DW3A\eclipse-workspace\reto3\db\usuarios.odb' is closed by 3600@HZ399404

[2024-04-26 08:20:24 #5 store] 
Database 'C:\Users\ik_1DW3A\eclipse-workspace\reto3\db\usuarios.odb' is opened by 3600@HZ399404

[2024-04-26 08:20:24 #6 store] 
Configuration path: ?

[2024-04-26 08:20:24 #7 store] 
Database 'C:\Users\ik_1DW3A\eclipse-workspace\reto3\db\usuarios.odb' is closed by 3600@HZ399404

------------------------------------------------------------------------------------------------------------------------

[2024-04-26 08:20:28 #1 store] 
Database 'C:\Users\ik_1DW3A\eclipse-workspace\reto3\db\usuarios.odb' is opened by 12284@HZ399404

[2024-04-26 08:20:28 #2 store] 
Configuration path: ?

[2024-04-26 08:20:28 #3 type] 
Type definicion.Usuario is not enhanced.

[2024-04-26 08:20:28 #4 store] 
Database 'C:\Users\ik_1DW3A\eclipse-workspace\reto3\db\usuarios.odb' is closed by 12284@HZ399404

[2024-04-26 08:20:28 #5 store] 
Database 'C:\Users\ik_1DW3A\eclipse-workspace\reto3\db\usuarios.odb' is opened by 12284@HZ399404

[2024-04-26 08:20:28 #6 store] 
Configuration path: ?

[2024-04-26 08:20:28 #7 store] 
Database 'C:\Users\ik_1DW3A\eclipse-workspace\reto3\db\usuarios.odb' is closed by 12284@HZ399404

[2024-04-26 08:20:30 #8 store] 
Database 'C:\Users\ik_1DW3A\eclipse-workspace\reto3\db\usuarios.odb' is opened by 12284@HZ399404

[2024-04-26 08:20:30 #9 store] 
Configuration path: ?

[2024-04-26 08:20:30 #10 store] 
Database 'C:\Users\ik_1DW3A\eclipse-workspace\reto3\db\usuarios.odb' is closed by 12284@HZ399404

[2024-04-26 08:20:31 #11 store] 
Database 'C:\Users\ik_1DW3A\eclipse-workspace\reto3\db\usuarios.odb' is opened by 12284@HZ399404

[2024-04-26 08:20:31 #12 store] 
Configuration path: ?

[2024-04-26 08:20:31 #13 store] 
Database 'C:\Users\ik_1DW3A\eclipse-workspace\reto3\db\usuarios.odb' is closed by 12284@HZ399404

------------------------------------------------------------------------------------------------------------------------

[2024-04-26 08:22:31 #1 store] 
Database 'C:\Users\ik_1DW3A\eclipse-workspace\reto3\db\usuarios.odb' is opened by 5128@HZ399404

[2024-04-26 08:22:31 #2 store] 
Configuration path: ?

[2024-04-26 08:22:31 #3 type] 
Type definicion.Usuario is not enhanced.

[2024-04-26 08:22:31 #4 store] 
Database 'C:\Users\ik_1DW3A\eclipse-workspace\reto3\db\usuarios.odb' is closed by 5128@HZ399404

[2024-04-26 08:22:31 #5 store] 
Database 'C:\Users\ik_1DW3A\eclipse-workspace\reto3\db\usuarios.odb' is opened by 5128@HZ399404

[2024-04-26 08:22:31 #6 store] 
Configuration path: ?

[2024-04-26 08:22:31 #7 store] 
Database 'C:\Users\ik_1DW3A\eclipse-workspace\reto3\db\usuarios.odb' is closed by 5128@HZ399404

[2024-04-26 08:22:35 #8 store] 
Database 'C:\Users\ik_1DW3A\eclipse-workspace\reto3\db\usuarios.odb' is opened by 5128@HZ399404

[2024-04-26 08:22:35 #9 store] 
Configuration path: ?

[2024-04-26 08:22:35 #10 store] 
Database 'C:\Users\ik_1DW3A\eclipse-workspace\reto3\db\usuarios.odb' is closed by 5128@HZ399404

[2024-04-26 08:22:36 #11 store] 
Database 'C:\Users\ik_1DW3A\eclipse-workspace\reto3\db\usuarios.odb' is opened by 5128@HZ399404

[2024-04-26 08:22:36 #12 store] 
Configuration path: ?

[2024-04-26 08:22:36 #13 store] 
Database 'C:\Users\ik_1DW3A\eclipse-workspace\reto3\db\usuarios.odb' is closed by 5128@HZ399404

------------------------------------------------------------------------------------------------------------------------

[2024-04-26 08:36:29 #1 store] 
Database 'C:\Users\ik_1DW3A\eclipse-workspace\reto3\db\usuarios.odb' is opened by 1920@HZ399404

[2024-04-26 08:36:29 #2 store] 
Configuration path: ?

[2024-04-26 08:36:29 #3 type] 
Type definicion.Usuario is not enhanced.

[2024-04-26 08:36:29 #4 store] 
Database 'C:\Users\ik_1DW3A\eclipse-workspace\reto3\db\usuarios.odb' is closed by 1920@HZ399404

[2024-04-26 08:36:29 #5 store] 
Database 'C:\Users\ik_1DW3A\eclipse-workspace\reto3\db\usuarios.odb' is opened by 1920@HZ399404

[2024-04-26 08:36:29 #6 store] 
Configuration path: ?

[2024-04-26 08:36:29 #7 store] 
Database 'C:\Users\ik_1DW3A\eclipse-workspace\reto3\db\usuarios.odb' is closed by 1920@HZ399404

[2024-04-26 08:36:32 #8 store] 
Database 'C:\Users\ik_1DW3A\eclipse-workspace\reto3\db\usuarios.odb' is opened by 1920@HZ399404

[2024-04-26 08:36:32 #9 store] 
Configuration path: ?

[2024-04-26 08:36:32 #10 store] 
Database 'C:\Users\ik_1DW3A\eclipse-workspace\reto3\db\usuarios.odb' is closed by 1920@HZ399404

[2024-04-26 08:36:33 #11 store] 
Database 'C:\Users\ik_1DW3A\eclipse-workspace\reto3\db\usuarios.odb' is opened by 1920@HZ399404

[2024-04-26 08:36:33 #12 store] 
Configuration path: ?

[2024-04-26 08:36:33 #13 store] 
Database 'C:\Users\ik_1DW3A\eclipse-workspace\reto3\db\usuarios.odb' is closed by 1920@HZ399404

------------------------------------------------------------------------------------------------------------------------

[2024-04-26 08:45:45 #1 store] 
Database 'C:\Users\ik_1DW3A\eclipse-workspace\reto3\db\usuarios.odb' is opened by 10580@HZ399404

[2024-04-26 08:45:45 #2 store] 
Configuration path: ?

[2024-04-26 08:45:45 #3 type] 
Type definicion.Usuario is not enhanced.

[2024-04-26 08:45:45 #4 store] 
Database 'C:\Users\ik_1DW3A\eclipse-workspace\reto3\db\usuarios.odb' is closed by 10580@HZ399404

[2024-04-26 08:45:45 #5 store] 
Database 'C:\Users\ik_1DW3A\eclipse-workspace\reto3\db\usuarios.odb' is opened by 10580@HZ399404

[2024-04-26 08:45:45 #6 store] 
Configuration path: ?

[2024-04-26 08:45:45 #7 store] 
Database 'C:\Users\ik_1DW3A\eclipse-workspace\reto3\db\usuarios.odb' is closed by 10580@HZ399404

[2024-04-26 08:45:47 #8 store] 
Database 'C:\Users\ik_1DW3A\eclipse-workspace\reto3\db\usuarios.odb' is opened by 10580@HZ399404

[2024-04-26 08:45:47 #9 store] 
Configuration path: ?

[2024-04-26 08:45:47 #10 store] 
Database 'C:\Users\ik_1DW3A\eclipse-workspace\reto3\db\usuarios.odb' is closed by 10580@HZ399404

[2024-04-26 08:45:49 #11 store] 
Database 'C:\Users\ik_1DW3A\eclipse-workspace\reto3\db\usuarios.odb' is opened by 10580@HZ399404

[2024-04-26 08:45:49 #12 store] 
Configuration path: ?

[2024-04-26 08:45:49 #13 store] 
Database 'C:\Users\ik_1DW3A\eclipse-workspace\reto3\db\usuarios.odb' is closed by 10580@HZ399404

------------------------------------------------------------------------------------------------------------------------

[2024-04-26 08:48:35 #1 store] 
Database 'C:\Users\ik_1DW3A\eclipse-workspace\reto3\db\usuarios.odb' is opened by 6652@HZ399404

[2024-04-26 08:48:35 #2 store] 
Configuration path: ?

[2024-04-26 08:48:35 #3 type] 
Type definicion.Usuario is not enhanced.

[2024-04-26 08:48:35 #4 store] 
Database 'C:\Users\ik_1DW3A\eclipse-workspace\reto3\db\usuarios.odb' is closed by 6652@HZ399404

[2024-04-26 08:48:35 #5 store] 
Database 'C:\Users\ik_1DW3A\eclipse-workspace\reto3\db\usuarios.odb' is opened by 6652@HZ399404

[2024-04-26 08:48:35 #6 store] 
Configuration path: ?

[2024-04-26 08:48:35 #7 store] 
Database 'C:\Users\ik_1DW3A\eclipse-workspace\reto3\db\usuarios.odb' is closed by 6652@HZ399404

[2024-04-26 08:48:37 #8 store] 
Database 'C:\Users\ik_1DW3A\eclipse-workspace\reto3\db\usuarios.odb' is opened by 6652@HZ399404

[2024-04-26 08:48:37 #9 store] 
Configuration path: ?

[2024-04-26 08:48:37 #10 store] 
Database 'C:\Users\ik_1DW3A\eclipse-workspace\reto3\db\usuarios.odb' is closed by 6652@HZ399404

[2024-04-26 08:48:38 #11 store] 
Database 'C:\Users\ik_1DW3A\eclipse-workspace\reto3\db\usuarios.odb' is opened by 6652@HZ399404

[2024-04-26 08:48:38 #12 store] 
Configuration path: ?

[2024-04-26 08:48:38 #13 store] 
Database 'C:\Users\ik_1DW3A\eclipse-workspace\reto3\db\usuarios.odb' is closed by 6652@HZ399404

------------------------------------------------------------------------------------------------------------------------

[2024-04-26 08:50:02 #1 store] 
Database 'C:\Users\ik_1DW3A\eclipse-workspace\reto3\db\usuarios.odb' is opened by 6568@HZ399404

[2024-04-26 08:50:02 #2 store] 
Configuration path: ?

[2024-04-26 08:50:02 #3 type] 
Type definicion.Usuario is not enhanced.

[2024-04-26 08:50:02 #4 store] 
Database 'C:\Users\ik_1DW3A\eclipse-workspace\reto3\db\usuarios.odb' is closed by 6568@HZ399404

[2024-04-26 08:50:02 #5 store] 
Database 'C:\Users\ik_1DW3A\eclipse-workspace\reto3\db\usuarios.odb' is opened by 6568@HZ399404

[2024-04-26 08:50:02 #6 store] 
Configuration path: ?

[2024-04-26 08:50:02 #7 store] 
Database 'C:\Users\ik_1DW3A\eclipse-workspace\reto3\db\usuarios.odb' is closed by 6568@HZ399404

[2024-04-26 08:50:04 #8 store] 
Database 'C:\Users\ik_1DW3A\eclipse-workspace\reto3\db\usuarios.odb' is opened by 6568@HZ399404

[2024-04-26 08:50:04 #9 store] 
Configuration path: ?

[2024-04-26 08:50:04 #10 store] 
Database 'C:\Users\ik_1DW3A\eclipse-workspace\reto3\db\usuarios.odb' is closed by 6568@HZ399404

[2024-04-26 08:50:05 #11 store] 
Database 'C:\Users\ik_1DW3A\eclipse-workspace\reto3\db\usuarios.odb' is opened by 6568@HZ399404

[2024-04-26 08:50:05 #12 store] 
Configuration path: ?

[2024-04-26 08:50:05 #13 store] 
Database 'C:\Users\ik_1DW3A\eclipse-workspace\reto3\db\usuarios.odb' is closed by 6568@HZ399404

------------------------------------------------------------------------------------------------------------------------

[2024-04-26 08:54:52 #1 store] 
Database 'C:\Users\ik_1DW3A\eclipse-workspace\reto3\db\usuarios.odb' is opened by 6256@HZ399404

[2024-04-26 08:54:52 #2 store] 
Configuration path: ?

[2024-04-26 08:54:52 #3 type] 
Type definicion.Usuario is not enhanced.

[2024-04-26 08:54:52 #4 store] 
Database 'C:\Users\ik_1DW3A\eclipse-workspace\reto3\db\usuarios.odb' is closed by 6256@HZ399404

[2024-04-26 08:54:52 #5 store] 
Database 'C:\Users\ik_1DW3A\eclipse-workspace\reto3\db\usuarios.odb' is opened by 6256@HZ399404

[2024-04-26 08:54:52 #6 store] 
Configuration path: ?

[2024-04-26 08:54:52 #7 store] 
Database 'C:\Users\ik_1DW3A\eclipse-workspace\reto3\db\usuarios.odb' is closed by 6256@HZ399404

[2024-04-26 08:54:55 #8 store] 
Database 'C:\Users\ik_1DW3A\eclipse-workspace\reto3\db\usuarios.odb' is opened by 6256@HZ399404

[2024-04-26 08:54:55 #9 store] 
Configuration path: ?

[2024-04-26 08:54:55 #10 store] 
Database 'C:\Users\ik_1DW3A\eclipse-workspace\reto3\db\usuarios.odb' is closed by 6256@HZ399404

[2024-04-26 08:54:57 #11 store] 
Database 'C:\Users\ik_1DW3A\eclipse-workspace\reto3\db\usuarios.odb' is opened by 6256@HZ399404

[2024-04-26 08:54:57 #12 store] 
Configuration path: ?

[2024-04-26 08:54:57 #13 store] 
Database 'C:\Users\ik_1DW3A\eclipse-workspace\reto3\db\usuarios.odb' is closed by 6256@HZ399404

------------------------------------------------------------------------------------------------------------------------

[2024-04-26 08:57:36 #1 store] 
Database 'C:\Users\ik_1DW3A\eclipse-workspace\reto3\db\usuarios.odb' is opened by 2620@HZ399404

[2024-04-26 08:57:36 #2 store] 
Configuration path: ?

[2024-04-26 08:57:36 #3 type] 
Type definicion.Usuario is not enhanced.

[2024-04-26 08:57:36 #4 store] 
Database 'C:\Users\ik_1DW3A\eclipse-workspace\reto3\db\usuarios.odb' is closed by 2620@HZ399404

[2024-04-26 08:57:36 #5 store] 
Database 'C:\Users\ik_1DW3A\eclipse-workspace\reto3\db\usuarios.odb' is opened by 2620@HZ399404

[2024-04-26 08:57:36 #6 store] 
Configuration path: ?

[2024-04-26 08:57:36 #7 store] 
Database 'C:\Users\ik_1DW3A\eclipse-workspace\reto3\db\usuarios.odb' is closed by 2620@HZ399404

[2024-04-26 08:57:38 #8 store] 
Database 'C:\Users\ik_1DW3A\eclipse-workspace\reto3\db\usuarios.odb' is opened by 2620@HZ399404

[2024-04-26 08:57:38 #9 store] 
Configuration path: ?

[2024-04-26 08:57:38 #10 store] 
Database 'C:\Users\ik_1DW3A\eclipse-workspace\reto3\db\usuarios.odb' is closed by 2620@HZ399404

[2024-04-26 08:57:39 #11 store] 
Database 'C:\Users\ik_1DW3A\eclipse-workspace\reto3\db\usuarios.odb' is opened by 2620@HZ399404

[2024-04-26 08:57:39 #12 store] 
Configuration path: ?

[2024-04-26 08:57:39 #13 store] 
Database 'C:\Users\ik_1DW3A\eclipse-workspace\reto3\db\usuarios.odb' is closed by 2620@HZ399404

------------------------------------------------------------------------------------------------------------------------

[2024-04-26 08:58:02 #1 store] 
Database 'C:\Users\ik_1DW3A\eclipse-workspace\reto3\db\usuarios.odb' is opened by 3748@HZ399404

[2024-04-26 08:58:02 #2 store] 
Configuration path: ?

[2024-04-26 08:58:02 #3 type] 
Type definicion.Usuario is not enhanced.

[2024-04-26 08:58:02 #4 store] 
Database 'C:\Users\ik_1DW3A\eclipse-workspace\reto3\db\usuarios.odb' is closed by 3748@HZ399404

[2024-04-26 08:58:02 #5 store] 
Database 'C:\Users\ik_1DW3A\eclipse-workspace\reto3\db\usuarios.odb' is opened by 3748@HZ399404

[2024-04-26 08:58:02 #6 store] 
Configuration path: ?

[2024-04-26 08:58:02 #7 store] 
Database 'C:\Users\ik_1DW3A\eclipse-workspace\reto3\db\usuarios.odb' is closed by 3748@HZ399404

[2024-04-26 08:58:08 #8 store] 
Database 'C:\Users\ik_1DW3A\eclipse-workspace\reto3\db\usuarios.odb' is opened by 3748@HZ399404

[2024-04-26 08:58:08 #9 store] 
Configuration path: ?

[2024-04-26 08:58:08 #10 store] 
Database 'C:\Users\ik_1DW3A\eclipse-workspace\reto3\db\usuarios.odb' is closed by 3748@HZ399404

[2024-04-26 08:58:10 #11 store] 
Database 'C:\Users\ik_1DW3A\eclipse-workspace\reto3\db\usuarios.odb' is opened by 3748@HZ399404

[2024-04-26 08:58:10 #12 store] 
Configuration path: ?

[2024-04-26 08:58:10 #13 store] 
Database 'C:\Users\ik_1DW3A\eclipse-workspace\reto3\db\usuarios.odb' is closed by 3748@HZ399404

------------------------------------------------------------------------------------------------------------------------

[2024-04-26 09:08:54 #1 store] 
Database 'C:\Users\ik_1DW3A\eclipse-workspace\reto3\db\usuarios.odb' is opened by 6168@HZ399404

[2024-04-26 09:08:54 #2 store] 
Configuration path: ?

[2024-04-26 09:08:54 #3 type] 
Type definicion.Usuario is not enhanced.

[2024-04-26 09:08:54 #4 store] 
Database 'C:\Users\ik_1DW3A\eclipse-workspace\reto3\db\usuarios.odb' is closed by 6168@HZ399404

[2024-04-26 09:08:54 #5 store] 
Database 'C:\Users\ik_1DW3A\eclipse-workspace\reto3\db\usuarios.odb' is opened by 6168@HZ399404

[2024-04-26 09:08:54 #6 store] 
Configuration path: ?

[2024-04-26 09:08:54 #7 store] 
Database 'C:\Users\ik_1DW3A\eclipse-workspace\reto3\db\usuarios.odb' is closed by 6168@HZ399404

[2024-04-26 09:08:56 #8 store] 
Database 'C:\Users\ik_1DW3A\eclipse-workspace\reto3\db\usuarios.odb' is opened by 6168@HZ399404

[2024-04-26 09:08:56 #9 store] 
Configuration path: ?

[2024-04-26 09:08:56 #10 store] 
Database 'C:\Users\ik_1DW3A\eclipse-workspace\reto3\db\usuarios.odb' is closed by 6168@HZ399404

[2024-04-26 09:08:57 #11 store] 
Database 'C:\Users\ik_1DW3A\eclipse-workspace\reto3\db\usuarios.odb' is opened by 6168@HZ399404

[2024-04-26 09:08:57 #12 store] 
Configuration path: ?

[2024-04-26 09:08:57 #13 store] 
Database 'C:\Users\ik_1DW3A\eclipse-workspace\reto3\db\usuarios.odb' is closed by 6168@HZ399404

------------------------------------------------------------------------------------------------------------------------

[2024-04-26 09:11:34 #1 store] 
Database 'C:\Users\ik_1DW3A\eclipse-workspace\reto3\db\usuarios.odb' is opened by 5004@HZ399404

[2024-04-26 09:11:34 #2 store] 
Configuration path: ?

[2024-04-26 09:11:34 #3 type] 
Type definicion.Usuario is not enhanced.

[2024-04-26 09:11:34 #4 store] 
Database 'C:\Users\ik_1DW3A\eclipse-workspace\reto3\db\usuarios.odb' is closed by 5004@HZ399404

[2024-04-26 09:11:34 #5 store] 
Database 'C:\Users\ik_1DW3A\eclipse-workspace\reto3\db\usuarios.odb' is opened by 5004@HZ399404

[2024-04-26 09:11:34 #6 store] 
Configuration path: ?

[2024-04-26 09:11:34 #7 store] 
Database 'C:\Users\ik_1DW3A\eclipse-workspace\reto3\db\usuarios.odb' is closed by 5004@HZ399404

[2024-04-26 09:11:36 #8 store] 
Database 'C:\Users\ik_1DW3A\eclipse-workspace\reto3\db\usuarios.odb' is opened by 5004@HZ399404

[2024-04-26 09:11:36 #9 store] 
Configuration path: ?

[2024-04-26 09:11:36 #10 store] 
Database 'C:\Users\ik_1DW3A\eclipse-workspace\reto3\db\usuarios.odb' is closed by 5004@HZ399404

[2024-04-26 09:11:37 #11 store] 
Database 'C:\Users\ik_1DW3A\eclipse-workspace\reto3\db\usuarios.odb' is opened by 5004@HZ399404

[2024-04-26 09:11:37 #12 store] 
Configuration path: ?

[2024-04-26 09:11:37 #13 store] 
Database 'C:\Users\ik_1DW3A\eclipse-workspace\reto3\db\usuarios.odb' is closed by 5004@HZ399404

------------------------------------------------------------------------------------------------------------------------

[2024-04-26 09:12:16 #1 store] 
Database 'C:\Users\ik_1DW3A\eclipse-workspace\reto3\db\usuarios.odb' is opened by 6908@HZ399404

[2024-04-26 09:12:16 #2 store] 
Configuration path: ?

[2024-04-26 09:12:16 #3 type] 
Type definicion.Usuario is not enhanced.

[2024-04-26 09:12:16 #4 store] 
Database 'C:\Users\ik_1DW3A\eclipse-workspace\reto3\db\usuarios.odb' is closed by 6908@HZ399404

[2024-04-26 09:12:16 #5 store] 
Database 'C:\Users\ik_1DW3A\eclipse-workspace\reto3\db\usuarios.odb' is opened by 6908@HZ399404

[2024-04-26 09:12:16 #6 store] 
Configuration path: ?

[2024-04-26 09:12:16 #7 store] 
Database 'C:\Users\ik_1DW3A\eclipse-workspace\reto3\db\usuarios.odb' is closed by 6908@HZ399404

[2024-04-26 09:12:28 #8 store] 
Database 'C:\Users\ik_1DW3A\eclipse-workspace\reto3\db\usuarios.odb' is opened by 6908@HZ399404

[2024-04-26 09:12:28 #9 store] 
Configuration path: ?

[2024-04-26 09:12:28 #10 store] 
Database 'C:\Users\ik_1DW3A\eclipse-workspace\reto3\db\usuarios.odb' is closed by 6908@HZ399404

[2024-04-26 09:12:30 #11 store] 
Database 'C:\Users\ik_1DW3A\eclipse-workspace\reto3\db\usuarios.odb' is opened by 6908@HZ399404

[2024-04-26 09:12:30 #12 store] 
Configuration path: ?

[2024-04-26 09:12:30 #13 store] 
Database 'C:\Users\ik_1DW3A\eclipse-workspace\reto3\db\usuarios.odb' is closed by 6908@HZ399404

------------------------------------------------------------------------------------------------------------------------

[2024-04-26 09:14:01 #1 store] 
Database 'C:\Users\ik_1DW3A\eclipse-workspace\reto3\db\usuarios.odb' is opened by 7812@HZ399404

[2024-04-26 09:14:01 #2 store] 
Configuration path: ?

[2024-04-26 09:14:01 #3 type] 
Type definicion.Usuario is not enhanced.

[2024-04-26 09:14:01 #4 store] 
Database 'C:\Users\ik_1DW3A\eclipse-workspace\reto3\db\usuarios.odb' is closed by 7812@HZ399404

[2024-04-26 09:14:01 #5 store] 
Database 'C:\Users\ik_1DW3A\eclipse-workspace\reto3\db\usuarios.odb' is opened by 7812@HZ399404

[2024-04-26 09:14:01 #6 store] 
Configuration path: ?

[2024-04-26 09:14:01 #7 store] 
Database 'C:\Users\ik_1DW3A\eclipse-workspace\reto3\db\usuarios.odb' is closed by 7812@HZ399404

[2024-04-26 09:14:03 #8 store] 
Database 'C:\Users\ik_1DW3A\eclipse-workspace\reto3\db\usuarios.odb' is opened by 7812@HZ399404

[2024-04-26 09:14:03 #9 store] 
Configuration path: ?

[2024-04-26 09:14:03 #10 store] 
Database 'C:\Users\ik_1DW3A\eclipse-workspace\reto3\db\usuarios.odb' is closed by 7812@HZ399404

[2024-04-26 09:14:04 #11 store] 
Database 'C:\Users\ik_1DW3A\eclipse-workspace\reto3\db\usuarios.odb' is opened by 7812@HZ399404

[2024-04-26 09:14:04 #12 store] 
Configuration path: ?

[2024-04-26 09:14:04 #13 store] 
Database 'C:\Users\ik_1DW3A\eclipse-workspace\reto3\db\usuarios.odb' is closed by 7812@HZ399404

------------------------------------------------------------------------------------------------------------------------

[2024-04-26 09:15:44 #1 store] 
Database 'C:\Users\ik_1DW3A\eclipse-workspace\reto3\db\usuarios.odb' is opened by 4884@HZ399404

[2024-04-26 09:15:44 #2 store] 
Configuration path: ?

[2024-04-26 09:15:44 #3 type] 
Type definicion.Usuario is not enhanced.

[2024-04-26 09:15:44 #4 store] 
Database 'C:\Users\ik_1DW3A\eclipse-workspace\reto3\db\usuarios.odb' is closed by 4884@HZ399404

[2024-04-26 09:15:44 #5 store] 
Database 'C:\Users\ik_1DW3A\eclipse-workspace\reto3\db\usuarios.odb' is opened by 4884@HZ399404

[2024-04-26 09:15:44 #6 store] 
Configuration path: ?

[2024-04-26 09:15:44 #7 store] 
Database 'C:\Users\ik_1DW3A\eclipse-workspace\reto3\db\usuarios.odb' is closed by 4884@HZ399404

[2024-04-26 09:15:46 #8 store] 
Database 'C:\Users\ik_1DW3A\eclipse-workspace\reto3\db\usuarios.odb' is opened by 4884@HZ399404

[2024-04-26 09:15:46 #9 store] 
Configuration path: ?

[2024-04-26 09:15:46 #10 store] 
Database 'C:\Users\ik_1DW3A\eclipse-workspace\reto3\db\usuarios.odb' is closed by 4884@HZ399404

------------------------------------------------------------------------------------------------------------------------

[2024-04-26 09:15:52 #1 store] 
Database 'C:\Users\ik_1DW3A\eclipse-workspace\reto3\db\usuarios.odb' is opened by 8000@HZ399404

[2024-04-26 09:15:52 #2 store] 
Configuration path: ?

[2024-04-26 09:15:52 #3 type] 
Type definicion.Usuario is not enhanced.

[2024-04-26 09:15:52 #4 store] 
Database 'C:\Users\ik_1DW3A\eclipse-workspace\reto3\db\usuarios.odb' is closed by 8000@HZ399404

[2024-04-26 09:15:52 #5 store] 
Database 'C:\Users\ik_1DW3A\eclipse-workspace\reto3\db\usuarios.odb' is opened by 8000@HZ399404

[2024-04-26 09:15:52 #6 store] 
Configuration path: ?

[2024-04-26 09:15:52 #7 store] 
Database 'C:\Users\ik_1DW3A\eclipse-workspace\reto3\db\usuarios.odb' is closed by 8000@HZ399404

[2024-04-26 09:15:54 #8 store] 
Database 'C:\Users\ik_1DW3A\eclipse-workspace\reto3\db\usuarios.odb' is opened by 8000@HZ399404

[2024-04-26 09:15:54 #9 store] 
Configuration path: ?

[2024-04-26 09:15:54 #10 store] 
Database 'C:\Users\ik_1DW3A\eclipse-workspace\reto3\db\usuarios.odb' is closed by 8000@HZ399404

[2024-04-26 09:15:56 #11 store] 
Database 'C:\Users\ik_1DW3A\eclipse-workspace\reto3\db\usuarios.odb' is opened by 8000@HZ399404

[2024-04-26 09:15:56 #12 store] 
Configuration path: ?

[2024-04-26 09:15:56 #13 store] 
Database 'C:\Users\ik_1DW3A\eclipse-workspace\reto3\db\usuarios.odb' is closed by 8000@HZ399404

------------------------------------------------------------------------------------------------------------------------

[2024-04-26 09:16:49 #1 store] 
Database 'C:\Users\ik_1DW3A\eclipse-workspace\reto3\db\usuarios.odb' is opened by 8392@HZ399404

[2024-04-26 09:16:49 #2 store] 
Configuration path: ?

[2024-04-26 09:16:49 #3 type] 
Type definicion.Usuario is not enhanced.

[2024-04-26 09:16:49 #4 store] 
Database 'C:\Users\ik_1DW3A\eclipse-workspace\reto3\db\usuarios.odb' is closed by 8392@HZ399404

[2024-04-26 09:16:51 #5 store] 
Database 'C:\Users\ik_1DW3A\eclipse-workspace\reto3\db\usuarios.odb' is opened by 8392@HZ399404

[2024-04-26 09:16:51 #6 store] 
Configuration path: ?

[2024-04-26 09:16:51 #7 store] 
Database 'C:\Users\ik_1DW3A\eclipse-workspace\reto3\db\usuarios.odb' is closed by 8392@HZ399404

------------------------------------------------------------------------------------------------------------------------

[2024-04-26 09:17:53 #1 store] 
Database 'C:\Users\ik_1DW3A\eclipse-workspace\reto3\db\usuarios.odb' is opened by 11568@HZ399404

[2024-04-26 09:17:53 #2 store] 
Configuration path: ?

[2024-04-26 09:17:54 #3 type] 
Type definicion.Usuario is not enhanced.

[2024-04-26 09:17:54 #4 store] 
Database 'C:\Users\ik_1DW3A\eclipse-workspace\reto3\db\usuarios.odb' is closed by 11568@HZ399404

[2024-04-26 09:17:55 #5 store] 
Database 'C:\Users\ik_1DW3A\eclipse-workspace\reto3\db\usuarios.odb' is opened by 11568@HZ399404

[2024-04-26 09:17:55 #6 store] 
Configuration path: ?

[2024-04-26 09:17:55 #7 store] 
Database 'C:\Users\ik_1DW3A\eclipse-workspace\reto3\db\usuarios.odb' is closed by 11568@HZ399404

------------------------------------------------------------------------------------------------------------------------

[2024-04-26 09:21:23 #1 store] 
Database 'C:\Users\ik_1DW3A\eclipse-workspace\reto3\db\usuarios.odb' is opened by 12116@HZ399404

[2024-04-26 09:21:23 #2 store] 
Configuration path: ?

[2024-04-26 09:21:23 #3 type] 
Type definicion.Usuario is not enhanced.

[2024-04-26 09:21:23 #4 store] 
Database 'C:\Users\ik_1DW3A\eclipse-workspace\reto3\db\usuarios.odb' is closed by 12116@HZ399404

[2024-04-26 09:21:23 #5 store] 
Database 'C:\Users\ik_1DW3A\eclipse-workspace\reto3\db\usuarios.odb' is opened by 12116@HZ399404

[2024-04-26 09:21:23 #6 store] 
Configuration path: ?

[2024-04-26 09:21:23 #7 store] 
Database 'C:\Users\ik_1DW3A\eclipse-workspace\reto3\db\usuarios.odb' is closed by 12116@HZ399404

[2024-04-26 09:21:24 #8 store] 
Database 'C:\Users\ik_1DW3A\eclipse-workspace\reto3\db\usuarios.odb' is opened by 12116@HZ399404

[2024-04-26 09:21:24 #9 store] 
Configuration path: ?

[2024-04-26 09:21:24 #10 store] 
Database 'C:\Users\ik_1DW3A\eclipse-workspace\reto3\db\usuarios.odb' is closed by 12116@HZ399404

[2024-04-26 09:21:26 #11 store] 
Database 'C:\Users\ik_1DW3A\eclipse-workspace\reto3\db\usuarios.odb' is opened by 12116@HZ399404

[2024-04-26 09:21:26 #12 store] 
Configuration path: ?

[2024-04-26 09:21:26 #13 store] 
Database 'C:\Users\ik_1DW3A\eclipse-workspace\reto3\db\usuarios.odb' is closed by 12116@HZ399404

------------------------------------------------------------------------------------------------------------------------

[2024-04-26 09:23:43 #1 store] 
Database 'C:\Users\ik_1DW3A\eclipse-workspace\reto3\db\usuarios.odb' is opened by 3908@HZ399404

[2024-04-26 09:23:43 #2 store] 
Configuration path: ?

[2024-04-26 09:23:43 #3 type] 
Type definicion.Usuario is not enhanced.

[2024-04-26 09:23:43 #4 store] 
Database 'C:\Users\ik_1DW3A\eclipse-workspace\reto3\db\usuarios.odb' is closed by 3908@HZ399404

[2024-04-26 09:23:43 #5 store] 
Database 'C:\Users\ik_1DW3A\eclipse-workspace\reto3\db\usuarios.odb' is opened by 3908@HZ399404

[2024-04-26 09:23:43 #6 store] 
Configuration path: ?

[2024-04-26 09:23:43 #7 store] 
Database 'C:\Users\ik_1DW3A\eclipse-workspace\reto3\db\usuarios.odb' is closed by 3908@HZ399404

------------------------------------------------------------------------------------------------------------------------

[2024-04-26 09:23:52 #1 store] 
Database 'C:\Users\ik_1DW3A\eclipse-workspace\reto3\db\usuarios.odb' is opened by 11852@HZ399404

[2024-04-26 09:23:52 #2 store] 
Configuration path: ?

[2024-04-26 09:23:52 #3 type] 
Type definicion.Usuario is not enhanced.

[2024-04-26 09:23:52 #4 store] 
Database 'C:\Users\ik_1DW3A\eclipse-workspace\reto3\db\usuarios.odb' is closed by 11852@HZ399404

[2024-04-26 09:23:52 #5 store] 
Database 'C:\Users\ik_1DW3A\eclipse-workspace\reto3\db\usuarios.odb' is opened by 11852@HZ399404

[2024-04-26 09:23:52 #6 store] 
Configuration path: ?

[2024-04-26 09:23:52 #7 store] 
Database 'C:\Users\ik_1DW3A\eclipse-workspace\reto3\db\usuarios.odb' is closed by 11852@HZ399404

[2024-04-26 09:23:56 #8 store] 
Database 'C:\Users\ik_1DW3A\eclipse-workspace\reto3\db\usuarios.odb' is opened by 11852@HZ399404

[2024-04-26 09:23:56 #9 store] 
Configuration path: ?

[2024-04-26 09:23:56 #10 store] 
Database 'C:\Users\ik_1DW3A\eclipse-workspace\reto3\db\usuarios.odb' is closed by 11852@HZ399404

[2024-04-26 09:23:58 #11 store] 
Database 'C:\Users\ik_1DW3A\eclipse-workspace\reto3\db\usuarios.odb' is opened by 11852@HZ399404

[2024-04-26 09:23:58 #12 store] 
Configuration path: ?

[2024-04-26 09:23:58 #13 store] 
Database 'C:\Users\ik_1DW3A\eclipse-workspace\reto3\db\usuarios.odb' is closed by 11852@HZ399404

------------------------------------------------------------------------------------------------------------------------

[2024-04-26 09:24:09 #1 store] 
Database 'C:\Users\ik_1DW3A\eclipse-workspace\reto3\db\usuarios.odb' is opened by 5256@HZ399404

[2024-04-26 09:24:09 #2 store] 
Configuration path: ?

[2024-04-26 09:24:09 #3 type] 
Type definicion.Usuario is not enhanced.

[2024-04-26 09:24:09 #4 store] 
Database 'C:\Users\ik_1DW3A\eclipse-workspace\reto3\db\usuarios.odb' is closed by 5256@HZ399404

[2024-04-26 09:24:09 #5 store] 
Database 'C:\Users\ik_1DW3A\eclipse-workspace\reto3\db\usuarios.odb' is opened by 5256@HZ399404

[2024-04-26 09:24:09 #6 store] 
Configuration path: ?

[2024-04-26 09:24:09 #7 store] 
Database 'C:\Users\ik_1DW3A\eclipse-workspace\reto3\db\usuarios.odb' is closed by 5256@HZ399404

[2024-04-26 09:24:17 #8 store] 
Database 'C:\Users\ik_1DW3A\eclipse-workspace\reto3\db\usuarios.odb' is opened by 5256@HZ399404

[2024-04-26 09:24:17 #9 store] 
Configuration path: ?

[2024-04-26 09:24:17 #10 store] 
Database 'C:\Users\ik_1DW3A\eclipse-workspace\reto3\db\usuarios.odb' is closed by 5256@HZ399404

[2024-04-26 09:24:18 #11 store] 
Database 'C:\Users\ik_1DW3A\eclipse-workspace\reto3\db\usuarios.odb' is opened by 5256@HZ399404

[2024-04-26 09:24:18 #12 store] 
Configuration path: ?

[2024-04-26 09:24:18 #13 store] 
Database 'C:\Users\ik_1DW3A\eclipse-workspace\reto3\db\usuarios.odb' is closed by 5256@HZ399404

------------------------------------------------------------------------------------------------------------------------

[2024-04-26 09:26:09 #1 store] 
Database 'C:\Users\ik_1DW3A\eclipse-workspace\reto3\db\usuarios.odb' is opened by 7148@HZ399404

[2024-04-26 09:26:09 #2 store] 
Configuration path: ?

[2024-04-26 09:26:09 #3 type] 
Type definicion.Usuario is not enhanced.

[2024-04-26 09:26:09 #4 store] 
Database 'C:\Users\ik_1DW3A\eclipse-workspace\reto3\db\usuarios.odb' is closed by 7148@HZ399404

[2024-04-26 09:26:09 #5 store] 
Database 'C:\Users\ik_1DW3A\eclipse-workspace\reto3\db\usuarios.odb' is opened by 7148@HZ399404

[2024-04-26 09:26:09 #6 store] 
Configuration path: ?

[2024-04-26 09:26:09 #7 store] 
Database 'C:\Users\ik_1DW3A\eclipse-workspace\reto3\db\usuarios.odb' is closed by 7148@HZ399404

[2024-04-26 09:26:11 #8 store] 
Database 'C:\Users\ik_1DW3A\eclipse-workspace\reto3\db\usuarios.odb' is opened by 7148@HZ399404

[2024-04-26 09:26:11 #9 store] 
Configuration path: ?

[2024-04-26 09:26:11 #10 store] 
Database 'C:\Users\ik_1DW3A\eclipse-workspace\reto3\db\usuarios.odb' is closed by 7148@HZ399404

[2024-04-26 09:26:13 #11 store] 
Database 'C:\Users\ik_1DW3A\eclipse-workspace\reto3\db\usuarios.odb' is opened by 7148@HZ399404

[2024-04-26 09:26:13 #12 store] 
Configuration path: ?

[2024-04-26 09:26:13 #13 store] 
Database 'C:\Users\ik_1DW3A\eclipse-workspace\reto3\db\usuarios.odb' is closed by 7148@HZ399404

------------------------------------------------------------------------------------------------------------------------

[2024-04-26 09:36:05 #1 store] 
Database 'C:\Users\ik_1DW3A\eclipse-workspace\reto3\db\usuarios.odb' is opened by 1748@HZ399404

[2024-04-26 09:36:05 #2 store] 
Configuration path: ?

[2024-04-26 09:36:05 #3 type] 
Type definicion.Usuario is not enhanced.

[2024-04-26 09:36:05 #4 store] 
Database 'C:\Users\ik_1DW3A\eclipse-workspace\reto3\db\usuarios.odb' is closed by 1748@HZ399404

[2024-04-26 09:36:05 #5 store] 
Database 'C:\Users\ik_1DW3A\eclipse-workspace\reto3\db\usuarios.odb' is opened by 1748@HZ399404

[2024-04-26 09:36:05 #6 store] 
Configuration path: ?

[2024-04-26 09:36:05 #7 store] 
Database 'C:\Users\ik_1DW3A\eclipse-workspace\reto3\db\usuarios.odb' is closed by 1748@HZ399404

[2024-04-26 09:36:07 #8 store] 
Database 'C:\Users\ik_1DW3A\eclipse-workspace\reto3\db\usuarios.odb' is opened by 1748@HZ399404

[2024-04-26 09:36:07 #9 store] 
Configuration path: ?

[2024-04-26 09:36:07 #10 store] 
Database 'C:\Users\ik_1DW3A\eclipse-workspace\reto3\db\usuarios.odb' is closed by 1748@HZ399404

[2024-04-26 09:36:09 #11 store] 
Database 'C:\Users\ik_1DW3A\eclipse-workspace\reto3\db\usuarios.odb' is opened by 1748@HZ399404

[2024-04-26 09:36:09 #12 store] 
Configuration path: ?

[2024-04-26 09:36:09 #13 store] 
Database 'C:\Users\ik_1DW3A\eclipse-workspace\reto3\db\usuarios.odb' is closed by 1748@HZ399404

------------------------------------------------------------------------------------------------------------------------

[2024-04-26 09:37:54 #1 store] 
Database 'C:\Users\ik_1DW3A\eclipse-workspace\reto3\db\usuarios.odb' is opened by 5176@HZ399404

[2024-04-26 09:37:54 #2 store] 
Configuration path: ?

[2024-04-26 09:37:54 #3 type] 
Type definicion.Usuario is not enhanced.

[2024-04-26 09:37:54 #4 store] 
Database 'C:\Users\ik_1DW3A\eclipse-workspace\reto3\db\usuarios.odb' is closed by 5176@HZ399404

[2024-04-26 09:37:54 #5 store] 
Database 'C:\Users\ik_1DW3A\eclipse-workspace\reto3\db\usuarios.odb' is opened by 5176@HZ399404

[2024-04-26 09:37:54 #6 store] 
Configuration path: ?

[2024-04-26 09:37:54 #7 store] 
Database 'C:\Users\ik_1DW3A\eclipse-workspace\reto3\db\usuarios.odb' is closed by 5176@HZ399404

[2024-04-26 09:37:56 #8 store] 
Database 'C:\Users\ik_1DW3A\eclipse-workspace\reto3\db\usuarios.odb' is opened by 5176@HZ399404

[2024-04-26 09:37:56 #9 store] 
Configuration path: ?

[2024-04-26 09:37:56 #10 store] 
Database 'C:\Users\ik_1DW3A\eclipse-workspace\reto3\db\usuarios.odb' is closed by 5176@HZ399404

[2024-04-26 09:37:58 #11 store] 
Database 'C:\Users\ik_1DW3A\eclipse-workspace\reto3\db\usuarios.odb' is opened by 5176@HZ399404

[2024-04-26 09:37:58 #12 store] 
Configuration path: ?

[2024-04-26 09:37:58 #13 store] 
Database 'C:\Users\ik_1DW3A\eclipse-workspace\reto3\db\usuarios.odb' is closed by 5176@HZ399404

------------------------------------------------------------------------------------------------------------------------

[2024-04-26 09:40:15 #1 store] 
Database 'C:\Users\ik_1DW3A\eclipse-workspace\reto3\db\usuarios.odb' is opened by 11896@HZ399404

[2024-04-26 09:40:15 #2 store] 
Configuration path: ?

[2024-04-26 09:40:16 #3 type] 
Type definicion.Usuario is not enhanced.

[2024-04-26 09:40:16 #4 store] 
Database 'C:\Users\ik_1DW3A\eclipse-workspace\reto3\db\usuarios.odb' is closed by 11896@HZ399404

[2024-04-26 09:40:16 #5 store] 
Database 'C:\Users\ik_1DW3A\eclipse-workspace\reto3\db\usuarios.odb' is opened by 11896@HZ399404

[2024-04-26 09:40:16 #6 store] 
Configuration path: ?

[2024-04-26 09:40:16 #7 store] 
Database 'C:\Users\ik_1DW3A\eclipse-workspace\reto3\db\usuarios.odb' is closed by 11896@HZ399404

[2024-04-26 09:40:17 #8 store] 
Database 'C:\Users\ik_1DW3A\eclipse-workspace\reto3\db\usuarios.odb' is opened by 11896@HZ399404

[2024-04-26 09:40:17 #9 store] 
Configuration path: ?

[2024-04-26 09:40:17 #10 store] 
Database 'C:\Users\ik_1DW3A\eclipse-workspace\reto3\db\usuarios.odb' is closed by 11896@HZ399404

[2024-04-26 09:40:19 #11 store] 
Database 'C:\Users\ik_1DW3A\eclipse-workspace\reto3\db\usuarios.odb' is opened by 11896@HZ399404

[2024-04-26 09:40:19 #12 store] 
Configuration path: ?

[2024-04-26 09:40:19 #13 store] 
Database 'C:\Users\ik_1DW3A\eclipse-workspace\reto3\db\usuarios.odb' is closed by 11896@HZ399404

------------------------------------------------------------------------------------------------------------------------

[2024-04-26 09:43:37 #1 store] 
Database 'C:\Users\ik_1DW3A\eclipse-workspace\reto3\db\usuarios.odb' is opened by 6804@HZ399404

[2024-04-26 09:43:37 #2 store] 
Configuration path: ?

[2024-04-26 09:43:37 #3 type] 
Type definicion.Usuario is not enhanced.

[2024-04-26 09:43:37 #4 store] 
Database 'C:\Users\ik_1DW3A\eclipse-workspace\reto3\db\usuarios.odb' is closed by 6804@HZ399404

[2024-04-26 09:43:37 #5 store] 
Database 'C:\Users\ik_1DW3A\eclipse-workspace\reto3\db\usuarios.odb' is opened by 6804@HZ399404

[2024-04-26 09:43:37 #6 store] 
Configuration path: ?

[2024-04-26 09:43:37 #7 store] 
Database 'C:\Users\ik_1DW3A\eclipse-workspace\reto3\db\usuarios.odb' is closed by 6804@HZ399404

[2024-04-26 09:43:42 #8 store] 
Database 'C:\Users\ik_1DW3A\eclipse-workspace\reto3\db\usuarios.odb' is opened by 6804@HZ399404

[2024-04-26 09:43:42 #9 store] 
Configuration path: ?

[2024-04-26 09:43:42 #10 store] 
Database 'C:\Users\ik_1DW3A\eclipse-workspace\reto3\db\usuarios.odb' is closed by 6804@HZ399404

[2024-04-26 09:43:44 #11 store] 
Database 'C:\Users\ik_1DW3A\eclipse-workspace\reto3\db\usuarios.odb' is opened by 6804@HZ399404

[2024-04-26 09:43:44 #12 store] 
Configuration path: ?

[2024-04-26 09:43:44 #13 store] 
Database 'C:\Users\ik_1DW3A\eclipse-workspace\reto3\db\usuarios.odb' is closed by 6804@HZ399404

------------------------------------------------------------------------------------------------------------------------

[2024-04-26 09:47:03 #1 store] 
Database 'C:\Users\ik_1DW3A\eclipse-workspace\reto3\db\usuarios.odb' is opened by 4672@HZ399404

[2024-04-26 09:47:03 #2 store] 
Configuration path: ?

[2024-04-26 09:47:03 #3 type] 
Type definicion.Usuario is not enhanced.

[2024-04-26 09:47:03 #4 store] 
Database 'C:\Users\ik_1DW3A\eclipse-workspace\reto3\db\usuarios.odb' is closed by 4672@HZ399404

[2024-04-26 09:47:03 #5 store] 
Database 'C:\Users\ik_1DW3A\eclipse-workspace\reto3\db\usuarios.odb' is opened by 4672@HZ399404

[2024-04-26 09:47:03 #6 store] 
Configuration path: ?

[2024-04-26 09:47:03 #7 store] 
Database 'C:\Users\ik_1DW3A\eclipse-workspace\reto3\db\usuarios.odb' is closed by 4672@HZ399404

[2024-04-26 09:47:05 #8 store] 
Database 'C:\Users\ik_1DW3A\eclipse-workspace\reto3\db\usuarios.odb' is opened by 4672@HZ399404

[2024-04-26 09:47:05 #9 store] 
Configuration path: ?

[2024-04-26 09:47:05 #10 store] 
Database 'C:\Users\ik_1DW3A\eclipse-workspace\reto3\db\usuarios.odb' is closed by 4672@HZ399404

[2024-04-26 09:47:07 #11 store] 
Database 'C:\Users\ik_1DW3A\eclipse-workspace\reto3\db\usuarios.odb' is opened by 4672@HZ399404

[2024-04-26 09:47:07 #12 store] 
Configuration path: ?

[2024-04-26 09:47:07 #13 store] 
Database 'C:\Users\ik_1DW3A\eclipse-workspace\reto3\db\usuarios.odb' is closed by 4672@HZ399404

------------------------------------------------------------------------------------------------------------------------

[2024-04-26 09:50:28 #1 store] 
Database 'C:\Users\ik_1DW3A\eclipse-workspace\reto3\db\usuarios.odb' is opened by 3796@HZ399404

[2024-04-26 09:50:28 #2 store] 
Configuration path: ?

[2024-04-26 09:50:28 #3 type] 
Type definicion.Usuario is not enhanced.

[2024-04-26 09:50:28 #4 store] 
Database 'C:\Users\ik_1DW3A\eclipse-workspace\reto3\db\usuarios.odb' is closed by 3796@HZ399404

------------------------------------------------------------------------------------------------------------------------

[2024-04-26 11:43:43 #1 store] 
Database 'C:\Users\ik_1DW3A\eclipse-workspace\reto3\db\usuarios.odb' is opened by 5728@HZ399404

[2024-04-26 11:43:43 #2 store] 
Configuration path: ?

[2024-04-26 11:43:43 #3 type] 
Type definicion.Usuario is not enhanced.

[2024-04-26 11:43:43 #4 store] 
Database 'C:\Users\ik_1DW3A\eclipse-workspace\reto3\db\usuarios.odb' is closed by 5728@HZ399404

[2024-04-26 11:43:43 #5 store] 
Database 'C:\Users\ik_1DW3A\eclipse-workspace\reto3\db\usuarios.odb' is opened by 5728@HZ399404

[2024-04-26 11:43:43 #6 store] 
Configuration path: ?

[2024-04-26 11:43:43 #7 store] 
Database 'C:\Users\ik_1DW3A\eclipse-workspace\reto3\db\usuarios.odb' is closed by 5728@HZ399404

[2024-04-26 11:43:45 #8 store] 
Database 'C:\Users\ik_1DW3A\eclipse-workspace\reto3\db\usuarios.odb' is opened by 5728@HZ399404

[2024-04-26 11:43:45 #9 store] 
Configuration path: ?

[2024-04-26 11:43:45 #10 store] 
Database 'C:\Users\ik_1DW3A\eclipse-workspace\reto3\db\usuarios.odb' is closed by 5728@HZ399404

[2024-04-26 11:43:46 #11 store] 
Database 'C:\Users\ik_1DW3A\eclipse-workspace\reto3\db\usuarios.odb' is opened by 5728@HZ399404

[2024-04-26 11:43:46 #12 store] 
Configuration path: ?

[2024-04-26 11:43:46 #13 store] 
Database 'C:\Users\ik_1DW3A\eclipse-workspace\reto3\db\usuarios.odb' is closed by 5728@HZ399404

------------------------------------------------------------------------------------------------------------------------

[2024-04-26 11:46:57 #1 store] 
Database 'C:\Users\ik_1DW3A\eclipse-workspace\reto3\db\usuarios.odb' is opened by 6164@HZ399404

[2024-04-26 11:46:57 #2 store] 
Configuration path: ?

[2024-04-26 11:46:57 #3 type] 
Type definicion.Usuario is not enhanced.

[2024-04-26 11:46:57 #4 store] 
Database 'C:\Users\ik_1DW3A\eclipse-workspace\reto3\db\usuarios.odb' is closed by 6164@HZ399404

[2024-04-26 11:46:57 #5 store] 
Database 'C:\Users\ik_1DW3A\eclipse-workspace\reto3\db\usuarios.odb' is opened by 6164@HZ399404

[2024-04-26 11:46:57 #6 store] 
Configuration path: ?

[2024-04-26 11:46:57 #7 store] 
Database 'C:\Users\ik_1DW3A\eclipse-workspace\reto3\db\usuarios.odb' is closed by 6164@HZ399404

[2024-04-26 11:46:59 #8 store] 
Database 'C:\Users\ik_1DW3A\eclipse-workspace\reto3\db\usuarios.odb' is opened by 6164@HZ399404

[2024-04-26 11:46:59 #9 store] 
Configuration path: ?

[2024-04-26 11:46:59 #10 store] 
Database 'C:\Users\ik_1DW3A\eclipse-workspace\reto3\db\usuarios.odb' is closed by 6164@HZ399404

[2024-04-26 11:47:00 #11 store] 
Database 'C:\Users\ik_1DW3A\eclipse-workspace\reto3\db\usuarios.odb' is opened by 6164@HZ399404

[2024-04-26 11:47:00 #12 store] 
Configuration path: ?

[2024-04-26 11:47:00 #13 store] 
Database 'C:\Users\ik_1DW3A\eclipse-workspace\reto3\db\usuarios.odb' is closed by 6164@HZ399404

------------------------------------------------------------------------------------------------------------------------

[2024-04-26 11:48:25 #1 store] 
Database 'C:\Users\ik_1DW3A\eclipse-workspace\reto3\db\usuarios.odb' is opened by 9176@HZ399404

[2024-04-26 11:48:25 #2 store] 
Configuration path: ?

[2024-04-26 11:48:25 #3 type] 
Type definicion.Usuario is not enhanced.

[2024-04-26 11:48:25 #4 store] 
Database 'C:\Users\ik_1DW3A\eclipse-workspace\reto3\db\usuarios.odb' is closed by 9176@HZ399404

[2024-04-26 11:48:25 #5 store] 
Database 'C:\Users\ik_1DW3A\eclipse-workspace\reto3\db\usuarios.odb' is opened by 9176@HZ399404

[2024-04-26 11:48:25 #6 store] 
Configuration path: ?

[2024-04-26 11:48:25 #7 store] 
Database 'C:\Users\ik_1DW3A\eclipse-workspace\reto3\db\usuarios.odb' is closed by 9176@HZ399404

[2024-04-26 11:48:28 #8 store] 
Database 'C:\Users\ik_1DW3A\eclipse-workspace\reto3\db\usuarios.odb' is opened by 9176@HZ399404

[2024-04-26 11:48:28 #9 store] 
Configuration path: ?

[2024-04-26 11:48:28 #10 store] 
Database 'C:\Users\ik_1DW3A\eclipse-workspace\reto3\db\usuarios.odb' is closed by 9176@HZ399404

[2024-04-26 11:48:30 #11 store] 
Database 'C:\Users\ik_1DW3A\eclipse-workspace\reto3\db\usuarios.odb' is opened by 9176@HZ399404

[2024-04-26 11:48:30 #12 store] 
Configuration path: ?

[2024-04-26 11:48:30 #13 store] 
Database 'C:\Users\ik_1DW3A\eclipse-workspace\reto3\db\usuarios.odb' is closed by 9176@HZ399404

------------------------------------------------------------------------------------------------------------------------

[2024-04-26 11:48:51 #1 store] 
Database 'C:\Users\ik_1DW3A\eclipse-workspace\reto3\db\usuarios.odb' is opened by 1228@HZ399404

[2024-04-26 11:48:51 #2 store] 
Configuration path: ?

[2024-04-26 11:48:51 #3 type] 
Type definicion.Usuario is not enhanced.

[2024-04-26 11:48:51 #4 store] 
Database 'C:\Users\ik_1DW3A\eclipse-workspace\reto3\db\usuarios.odb' is closed by 1228@HZ399404

[2024-04-26 11:48:51 #5 store] 
Database 'C:\Users\ik_1DW3A\eclipse-workspace\reto3\db\usuarios.odb' is opened by 1228@HZ399404

[2024-04-26 11:48:51 #6 store] 
Configuration path: ?

[2024-04-26 11:48:51 #7 store] 
Database 'C:\Users\ik_1DW3A\eclipse-workspace\reto3\db\usuarios.odb' is closed by 1228@HZ399404

[2024-04-26 11:48:53 #8 store] 
Database 'C:\Users\ik_1DW3A\eclipse-workspace\reto3\db\usuarios.odb' is opened by 1228@HZ399404

[2024-04-26 11:48:53 #9 store] 
Configuration path: ?

[2024-04-26 11:48:53 #10 store] 
Database 'C:\Users\ik_1DW3A\eclipse-workspace\reto3\db\usuarios.odb' is closed by 1228@HZ399404

[2024-04-26 11:48:54 #11 store] 
Database 'C:\Users\ik_1DW3A\eclipse-workspace\reto3\db\usuarios.odb' is opened by 1228@HZ399404

[2024-04-26 11:48:54 #12 store] 
Configuration path: ?

[2024-04-26 11:48:54 #13 store] 
Database 'C:\Users\ik_1DW3A\eclipse-workspace\reto3\db\usuarios.odb' is closed by 1228@HZ399404

------------------------------------------------------------------------------------------------------------------------

[2024-04-26 11:49:26 #1 store] 
Database 'C:\Users\ik_1DW3A\eclipse-workspace\reto3\db\usuarios.odb' is opened by 10076@HZ399404

[2024-04-26 11:49:26 #2 store] 
Configuration path: ?

[2024-04-26 11:49:26 #3 type] 
Type definicion.Usuario is not enhanced.

[2024-04-26 11:49:26 #4 store] 
Database 'C:\Users\ik_1DW3A\eclipse-workspace\reto3\db\usuarios.odb' is closed by 10076@HZ399404

[2024-04-26 11:49:26 #5 store] 
Database 'C:\Users\ik_1DW3A\eclipse-workspace\reto3\db\usuarios.odb' is opened by 10076@HZ399404

[2024-04-26 11:49:26 #6 store] 
Configuration path: ?

[2024-04-26 11:49:26 #7 store] 
Database 'C:\Users\ik_1DW3A\eclipse-workspace\reto3\db\usuarios.odb' is closed by 10076@HZ399404

[2024-04-26 11:49:28 #8 store] 
Database 'C:\Users\ik_1DW3A\eclipse-workspace\reto3\db\usuarios.odb' is opened by 10076@HZ399404

[2024-04-26 11:49:28 #9 store] 
Configuration path: ?

[2024-04-26 11:49:28 #10 store] 
Database 'C:\Users\ik_1DW3A\eclipse-workspace\reto3\db\usuarios.odb' is closed by 10076@HZ399404

[2024-04-26 11:49:30 #11 store] 
Database 'C:\Users\ik_1DW3A\eclipse-workspace\reto3\db\usuarios.odb' is opened by 10076@HZ399404

[2024-04-26 11:49:30 #12 store] 
Configuration path: ?

[2024-04-26 11:49:30 #13 store] 
Database 'C:\Users\ik_1DW3A\eclipse-workspace\reto3\db\usuarios.odb' is closed by 10076@HZ399404

------------------------------------------------------------------------------------------------------------------------

[2024-04-26 11:50:02 #1 store] 
Database 'C:\Users\ik_1DW3A\eclipse-workspace\reto3\db\usuarios.odb' is opened by 5956@HZ399404

[2024-04-26 11:50:02 #2 store] 
Configuration path: ?

[2024-04-26 11:50:02 #3 type] 
Type definicion.Usuario is not enhanced.

[2024-04-26 11:50:02 #4 store] 
Database 'C:\Users\ik_1DW3A\eclipse-workspace\reto3\db\usuarios.odb' is closed by 5956@HZ399404

[2024-04-26 11:50:02 #5 store] 
Database 'C:\Users\ik_1DW3A\eclipse-workspace\reto3\db\usuarios.odb' is opened by 5956@HZ399404

[2024-04-26 11:50:02 #6 store] 
Configuration path: ?

[2024-04-26 11:50:02 #7 store] 
Database 'C:\Users\ik_1DW3A\eclipse-workspace\reto3\db\usuarios.odb' is closed by 5956@HZ399404

[2024-04-26 11:50:04 #8 store] 
Database 'C:\Users\ik_1DW3A\eclipse-workspace\reto3\db\usuarios.odb' is opened by 5956@HZ399404

[2024-04-26 11:50:04 #9 store] 
Configuration path: ?

[2024-04-26 11:50:04 #10 store] 
Database 'C:\Users\ik_1DW3A\eclipse-workspace\reto3\db\usuarios.odb' is closed by 5956@HZ399404

[2024-04-26 11:50:06 #11 store] 
Database 'C:\Users\ik_1DW3A\eclipse-workspace\reto3\db\usuarios.odb' is opened by 5956@HZ399404

[2024-04-26 11:50:06 #12 store] 
Configuration path: ?

[2024-04-26 11:50:06 #13 store] 
Database 'C:\Users\ik_1DW3A\eclipse-workspace\reto3\db\usuarios.odb' is closed by 5956@HZ399404

[2024-04-26 11:50:46 #14 store] 
Database 'C:\Users\ik_1DW3A\eclipse-workspace\reto3\db\usuarios.odb' is opened by 5956@HZ399404

[2024-04-26 11:50:46 #15 store] 
Configuration path: ?

[2024-04-26 11:50:46 #16 store] 
Database 'C:\Users\ik_1DW3A\eclipse-workspace\reto3\db\usuarios.odb' is closed by 5956@HZ399404

------------------------------------------------------------------------------------------------------------------------

[2024-04-26 11:52:00 #1 store] 
Database 'C:\Users\ik_1DW3A\eclipse-workspace\reto3\db\usuarios.odb' is opened by 264@HZ399404

[2024-04-26 11:52:00 #2 store] 
Configuration path: ?

[2024-04-26 11:52:00 #3 type] 
Type definicion.Usuario is not enhanced.

[2024-04-26 11:52:01 #4 store] 
Database 'C:\Users\ik_1DW3A\eclipse-workspace\reto3\db\usuarios.odb' is closed by 264@HZ399404

[2024-04-26 11:52:01 #5 store] 
Database 'C:\Users\ik_1DW3A\eclipse-workspace\reto3\db\usuarios.odb' is opened by 264@HZ399404

[2024-04-26 11:52:01 #6 store] 
Configuration path: ?

[2024-04-26 11:52:01 #7 store] 
Database 'C:\Users\ik_1DW3A\eclipse-workspace\reto3\db\usuarios.odb' is closed by 264@HZ399404

[2024-04-26 11:52:07 #8 store] 
Database 'C:\Users\ik_1DW3A\eclipse-workspace\reto3\db\usuarios.odb' is opened by 264@HZ399404

[2024-04-26 11:52:07 #9 store] 
Configuration path: ?

[2024-04-26 11:52:07 #10 store] 
Database 'C:\Users\ik_1DW3A\eclipse-workspace\reto3\db\usuarios.odb' is closed by 264@HZ399404

[2024-04-26 11:52:09 #11 store] 
Database 'C:\Users\ik_1DW3A\eclipse-workspace\reto3\db\usuarios.odb' is opened by 264@HZ399404

[2024-04-26 11:52:09 #12 store] 
Configuration path: ?

[2024-04-26 11:52:09 #13 store] 
Database 'C:\Users\ik_1DW3A\eclipse-workspace\reto3\db\usuarios.odb' is closed by 264@HZ399404

------------------------------------------------------------------------------------------------------------------------

[2024-04-26 11:53:48 #1 store] 
Database 'C:\Users\ik_1DW3A\eclipse-workspace\reto3\db\usuarios.odb' is opened by 7460@HZ399404

[2024-04-26 11:53:48 #2 store] 
Configuration path: ?

[2024-04-26 11:53:48 #3 type] 
Type definicion.Usuario is not enhanced.

[2024-04-26 11:53:48 #4 store] 
Database 'C:\Users\ik_1DW3A\eclipse-workspace\reto3\db\usuarios.odb' is closed by 7460@HZ399404

[2024-04-26 11:53:48 #5 store] 
Database 'C:\Users\ik_1DW3A\eclipse-workspace\reto3\db\usuarios.odb' is opened by 7460@HZ399404

[2024-04-26 11:53:48 #6 store] 
Configuration path: ?

[2024-04-26 11:53:48 #7 store] 
Database 'C:\Users\ik_1DW3A\eclipse-workspace\reto3\db\usuarios.odb' is closed by 7460@HZ399404

[2024-04-26 11:53:50 #8 store] 
Database 'C:\Users\ik_1DW3A\eclipse-workspace\reto3\db\usuarios.odb' is opened by 7460@HZ399404

[2024-04-26 11:53:50 #9 store] 
Configuration path: ?

[2024-04-26 11:53:50 #10 store] 
Database 'C:\Users\ik_1DW3A\eclipse-workspace\reto3\db\usuarios.odb' is closed by 7460@HZ399404

[2024-04-26 11:53:51 #11 store] 
Database 'C:\Users\ik_1DW3A\eclipse-workspace\reto3\db\usuarios.odb' is opened by 7460@HZ399404

[2024-04-26 11:53:51 #12 store] 
Configuration path: ?

[2024-04-26 11:53:51 #13 store] 
Database 'C:\Users\ik_1DW3A\eclipse-workspace\reto3\db\usuarios.odb' is closed by 7460@HZ399404

------------------------------------------------------------------------------------------------------------------------

[2024-04-26 11:56:30 #1 store] 
Database 'C:\Users\ik_1DW3A\eclipse-workspace\reto3\db\usuarios.odb' is opened by 9512@HZ399404

[2024-04-26 11:56:30 #2 store] 
Configuration path: ?

[2024-04-26 11:56:30 #3 type] 
Type definicion.Usuario is not enhanced.

[2024-04-26 11:56:30 #4 store] 
Database 'C:\Users\ik_1DW3A\eclipse-workspace\reto3\db\usuarios.odb' is closed by 9512@HZ399404

[2024-04-26 11:56:30 #5 store] 
Database 'C:\Users\ik_1DW3A\eclipse-workspace\reto3\db\usuarios.odb' is opened by 9512@HZ399404

[2024-04-26 11:56:30 #6 store] 
Configuration path: ?

[2024-04-26 11:56:30 #7 store] 
Database 'C:\Users\ik_1DW3A\eclipse-workspace\reto3\db\usuarios.odb' is closed by 9512@HZ399404

[2024-04-26 11:56:33 #8 store] 
Database 'C:\Users\ik_1DW3A\eclipse-workspace\reto3\db\usuarios.odb' is opened by 9512@HZ399404

[2024-04-26 11:56:33 #9 store] 
Configuration path: ?

[2024-04-26 11:56:33 #10 store] 
Database 'C:\Users\ik_1DW3A\eclipse-workspace\reto3\db\usuarios.odb' is closed by 9512@HZ399404

[2024-04-26 11:56:34 #11 store] 
Database 'C:\Users\ik_1DW3A\eclipse-workspace\reto3\db\usuarios.odb' is opened by 9512@HZ399404

[2024-04-26 11:56:34 #12 store] 
Configuration path: ?

[2024-04-26 11:56:34 #13 store] 
Database 'C:\Users\ik_1DW3A\eclipse-workspace\reto3\db\usuarios.odb' is closed by 9512@HZ399404

------------------------------------------------------------------------------------------------------------------------

[2024-04-26 12:00:02 #1 store] 
Database 'C:\Users\ik_1DW3A\eclipse-workspace\reto3\db\usuarios.odb' is opened by 10144@HZ399404

[2024-04-26 12:00:02 #2 store] 
Configuration path: ?

[2024-04-26 12:00:02 #3 type] 
Type definicion.Usuario is not enhanced.

[2024-04-26 12:00:02 #4 store] 
Database 'C:\Users\ik_1DW3A\eclipse-workspace\reto3\db\usuarios.odb' is closed by 10144@HZ399404

[2024-04-26 12:00:04 #5 store] 
Database 'C:\Users\ik_1DW3A\eclipse-workspace\reto3\db\usuarios.odb' is opened by 10144@HZ399404

[2024-04-26 12:00:04 #6 store] 
Configuration path: ?

[2024-04-26 12:00:04 #7 store] 
Database 'C:\Users\ik_1DW3A\eclipse-workspace\reto3\db\usuarios.odb' is closed by 10144@HZ399404

------------------------------------------------------------------------------------------------------------------------

[2024-04-26 12:03:30 #1 store] 
Database 'C:\Users\ik_1DW3A\eclipse-workspace\reto3\db\usuarios.odb' is opened by 9848@HZ399404

[2024-04-26 12:03:30 #2 store] 
Configuration path: ?

[2024-04-26 12:03:30 #3 type] 
Type definicion.Usuario is not enhanced.

[2024-04-26 12:03:30 #4 store] 
Database 'C:\Users\ik_1DW3A\eclipse-workspace\reto3\db\usuarios.odb' is closed by 9848@HZ399404

[2024-04-26 12:03:31 #5 store] 
Database 'C:\Users\ik_1DW3A\eclipse-workspace\reto3\db\usuarios.odb' is opened by 9848@HZ399404

[2024-04-26 12:03:31 #6 store] 
Configuration path: ?

[2024-04-26 12:03:31 #7 store] 
Database 'C:\Users\ik_1DW3A\eclipse-workspace\reto3\db\usuarios.odb' is closed by 9848@HZ399404

------------------------------------------------------------------------------------------------------------------------

[2024-04-26 12:05:00 #1 store] 
Database 'C:\Users\ik_1DW3A\eclipse-workspace\reto3\db\usuarios.odb' is opened by 10516@HZ399404

[2024-04-26 12:05:00 #2 store] 
Configuration path: ?

[2024-04-26 12:05:00 #3 type] 
Type definicion.Usuario is not enhanced.

[2024-04-26 12:05:00 #4 store] 
Database 'C:\Users\ik_1DW3A\eclipse-workspace\reto3\db\usuarios.odb' is closed by 10516@HZ399404

[2024-04-26 12:05:01 #5 store] 
Database 'C:\Users\ik_1DW3A\eclipse-workspace\reto3\db\usuarios.odb' is opened by 10516@HZ399404

[2024-04-26 12:05:01 #6 store] 
Configuration path: ?

[2024-04-26 12:05:01 #7 store] 
Database 'C:\Users\ik_1DW3A\eclipse-workspace\reto3\db\usuarios.odb' is closed by 10516@HZ399404

------------------------------------------------------------------------------------------------------------------------

[2024-04-26 12:11:59 #1 store] 
Database 'C:\Users\ik_1DW3A\eclipse-workspace\reto3\db\usuarios.odb' is opened by 3792@HZ399404

[2024-04-26 12:11:59 #2 store] 
Configuration path: ?

[2024-04-26 12:11:59 #3 type] 
Type definicion.Usuario is not enhanced.

[2024-04-26 12:12:00 #4 store] 
Database 'C:\Users\ik_1DW3A\eclipse-workspace\reto3\db\usuarios.odb' is closed by 3792@HZ399404

[2024-04-26 12:12:00 #5 store] 
Database 'C:\Users\ik_1DW3A\eclipse-workspace\reto3\db\usuarios.odb' is opened by 3792@HZ399404

[2024-04-26 12:12:00 #6 store] 
Configuration path: ?

[2024-04-26 12:12:00 #7 store] 
Database 'C:\Users\ik_1DW3A\eclipse-workspace\reto3\db\usuarios.odb' is closed by 3792@HZ399404

------------------------------------------------------------------------------------------------------------------------

[2024-04-26 12:24:45 #1 store] 
Database 'C:\Users\ik_1DW3A\eclipse-workspace\reto3\db\usuarios.odb' is opened by 12028@HZ399404

[2024-04-26 12:24:45 #2 store] 
Configuration path: ?

[2024-04-26 12:24:45 #3 type] 
Type definicion.Usuario is not enhanced.

[2024-04-26 12:24:45 #4 store] 
Database 'C:\Users\ik_1DW3A\eclipse-workspace\reto3\db\usuarios.odb' is closed by 12028@HZ399404

[2024-04-26 12:24:46 #5 store] 
Database 'C:\Users\ik_1DW3A\eclipse-workspace\reto3\db\usuarios.odb' is opened by 12028@HZ399404

[2024-04-26 12:24:46 #6 store] 
Configuration path: ?

[2024-04-26 12:24:46 #7 store] 
Database 'C:\Users\ik_1DW3A\eclipse-workspace\reto3\db\usuarios.odb' is closed by 12028@HZ399404

------------------------------------------------------------------------------------------------------------------------

[2024-04-26 12:26:05 #1 store] 
Database 'C:\Users\ik_1DW3A\eclipse-workspace\reto3\db\usuarios.odb' is opened by 6748@HZ399404

[2024-04-26 12:26:05 #2 store] 
Configuration path: ?

[2024-04-26 12:26:05 #3 type] 
Type definicion.Usuario is not enhanced.

[2024-04-26 12:26:05 #4 store] 
Database 'C:\Users\ik_1DW3A\eclipse-workspace\reto3\db\usuarios.odb' is closed by 6748@HZ399404

[2024-04-26 12:26:06 #5 store] 
Database 'C:\Users\ik_1DW3A\eclipse-workspace\reto3\db\usuarios.odb' is opened by 6748@HZ399404

[2024-04-26 12:26:06 #6 store] 
Configuration path: ?

[2024-04-26 12:26:06 #7 store] 
Database 'C:\Users\ik_1DW3A\eclipse-workspace\reto3\db\usuarios.odb' is closed by 6748@HZ399404

------------------------------------------------------------------------------------------------------------------------

[2024-04-26 12:28:21 #1 store] 
Database 'C:\Users\ik_1DW3A\eclipse-workspace\reto3\db\usuarios.odb' is opened by 5712@HZ399404

[2024-04-26 12:28:21 #2 store] 
Configuration path: ?

[2024-04-26 12:28:21 #3 type] 
Type definicion.Usuario is not enhanced.

[2024-04-26 12:28:21 #4 store] 
Database 'C:\Users\ik_1DW3A\eclipse-workspace\reto3\db\usuarios.odb' is closed by 5712@HZ399404

[2024-04-26 12:28:21 #5 store] 
Database 'C:\Users\ik_1DW3A\eclipse-workspace\reto3\db\usuarios.odb' is opened by 5712@HZ399404

[2024-04-26 12:28:21 #6 store] 
Configuration path: ?

[2024-04-26 12:28:21 #7 store] 
Database 'C:\Users\ik_1DW3A\eclipse-workspace\reto3\db\usuarios.odb' is closed by 5712@HZ399404

[2024-04-26 12:28:43 #8 store] 
Database 'C:\Users\ik_1DW3A\eclipse-workspace\reto3\db\usuarios.odb' is opened by 5712@HZ399404

[2024-04-26 12:28:43 #9 store] 
Configuration path: ?

[2024-04-26 12:28:43 #10 store] 
Database 'C:\Users\ik_1DW3A\eclipse-workspace\reto3\db\usuarios.odb' is closed by 5712@HZ399404

[2024-04-26 12:28:45 #11 store] 
Database 'C:\Users\ik_1DW3A\eclipse-workspace\reto3\db\usuarios.odb' is opened by 5712@HZ399404

[2024-04-26 12:28:45 #12 store] 
Configuration path: ?

[2024-04-26 12:28:45 #13 store] 
Database 'C:\Users\ik_1DW3A\eclipse-workspace\reto3\db\usuarios.odb' is closed by 5712@HZ399404

------------------------------------------------------------------------------------------------------------------------

[2024-04-26 12:33:36 #1 store] 
Database 'C:\Users\ik_1DW3A\eclipse-workspace\reto3\db\usuarios.odb' is opened by 11992@HZ399404

[2024-04-26 12:33:36 #2 store] 
Configuration path: ?

[2024-04-26 12:33:36 #3 type] 
Type definicion.Usuario is not enhanced.

[2024-04-26 12:33:36 #4 store] 
Database 'C:\Users\ik_1DW3A\eclipse-workspace\reto3\db\usuarios.odb' is closed by 11992@HZ399404

[2024-04-26 12:33:37 #5 store] 
Database 'C:\Users\ik_1DW3A\eclipse-workspace\reto3\db\usuarios.odb' is opened by 11992@HZ399404

[2024-04-26 12:33:37 #6 store] 
Configuration path: ?

[2024-04-26 12:33:37 #7 store] 
Database 'C:\Users\ik_1DW3A\eclipse-workspace\reto3\db\usuarios.odb' is closed by 11992@HZ399404

------------------------------------------------------------------------------------------------------------------------

[2024-04-26 12:34:21 #1 store] 
Database 'C:\Users\ik_1DW3A\eclipse-workspace\reto3\db\usuarios.odb' is opened by 9032@HZ399404

[2024-04-26 12:34:21 #2 store] 
Configuration path: ?

[2024-04-26 12:34:21 #3 type] 
Type definicion.Usuario is not enhanced.

[2024-04-26 12:34:21 #4 store] 
Database 'C:\Users\ik_1DW3A\eclipse-workspace\reto3\db\usuarios.odb' is closed by 9032@HZ399404

[2024-04-26 12:34:21 #5 store] 
Database 'C:\Users\ik_1DW3A\eclipse-workspace\reto3\db\usuarios.odb' is opened by 9032@HZ399404

[2024-04-26 12:34:21 #6 store] 
Configuration path: ?

[2024-04-26 12:34:21 #7 store] 
Database 'C:\Users\ik_1DW3A\eclipse-workspace\reto3\db\usuarios.odb' is closed by 9032@HZ399404

[2024-04-26 12:34:31 #8 store] 
Database 'C:\Users\ik_1DW3A\eclipse-workspace\reto3\db\usuarios.odb' is opened by 9032@HZ399404

[2024-04-26 12:34:31 #9 store] 
Configuration path: ?

[2024-04-26 12:34:31 #10 store] 
Database 'C:\Users\ik_1DW3A\eclipse-workspace\reto3\db\usuarios.odb' is closed by 9032@HZ399404

[2024-04-26 12:34:33 #11 store] 
Database 'C:\Users\ik_1DW3A\eclipse-workspace\reto3\db\usuarios.odb' is opened by 9032@HZ399404

[2024-04-26 12:34:33 #12 store] 
Configuration path: ?

[2024-04-26 12:34:33 #13 store] 
Database 'C:\Users\ik_1DW3A\eclipse-workspace\reto3\db\usuarios.odb' is closed by 9032@HZ399404

------------------------------------------------------------------------------------------------------------------------

[2024-04-26 12:35:15 #1 store] 
Database 'C:\Users\ik_1DW3A\eclipse-workspace\reto3\db\usuarios.odb' is opened by 9852@HZ399404

[2024-04-26 12:35:15 #2 store] 
Configuration path: ?

[2024-04-26 12:35:15 #3 type] 
Type definicion.Usuario is not enhanced.

[2024-04-26 12:35:15 #4 store] 
Database 'C:\Users\ik_1DW3A\eclipse-workspace\reto3\db\usuarios.odb' is closed by 9852@HZ399404

[2024-04-26 12:35:15 #5 store] 
Database 'C:\Users\ik_1DW3A\eclipse-workspace\reto3\db\usuarios.odb' is opened by 9852@HZ399404

[2024-04-26 12:35:15 #6 store] 
Configuration path: ?

[2024-04-26 12:35:15 #7 store] 
Database 'C:\Users\ik_1DW3A\eclipse-workspace\reto3\db\usuarios.odb' is closed by 9852@HZ399404

[2024-04-26 12:35:17 #8 store] 
Database 'C:\Users\ik_1DW3A\eclipse-workspace\reto3\db\usuarios.odb' is opened by 9852@HZ399404

[2024-04-26 12:35:17 #9 store] 
Configuration path: ?

[2024-04-26 12:35:17 #10 store] 
Database 'C:\Users\ik_1DW3A\eclipse-workspace\reto3\db\usuarios.odb' is closed by 9852@HZ399404

[2024-04-26 12:35:19 #11 store] 
Database 'C:\Users\ik_1DW3A\eclipse-workspace\reto3\db\usuarios.odb' is opened by 9852@HZ399404

[2024-04-26 12:35:19 #12 store] 
Configuration path: ?

[2024-04-26 12:35:19 #13 store] 
Database 'C:\Users\ik_1DW3A\eclipse-workspace\reto3\db\usuarios.odb' is closed by 9852@HZ399404

[2024-04-26 12:37:51 #14 store] 
Database 'C:\Users\ik_1DW3A\eclipse-workspace\reto3\db\usuarios.odb' is opened by 9852@HZ399404

[2024-04-26 12:37:51 #15 store] 
Configuration path: ?

[2024-04-26 12:37:51 #16 store] 
Database 'C:\Users\ik_1DW3A\eclipse-workspace\reto3\db\usuarios.odb' is closed by 9852@HZ399404

------------------------------------------------------------------------------------------------------------------------

[2024-04-26 12:41:15 #1 store] 
Database 'C:\Users\ik_1DW3A\eclipse-workspace\reto3\db\usuarios.odb' is opened by 2360@HZ399404

[2024-04-26 12:41:15 #2 store] 
Configuration path: ?

[2024-04-26 12:41:15 #3 type] 
Type definicion.Usuario is not enhanced.

[2024-04-26 12:41:15 #4 store] 
Database 'C:\Users\ik_1DW3A\eclipse-workspace\reto3\db\usuarios.odb' is closed by 2360@HZ399404

[2024-04-26 12:41:17 #5 store] 
Database 'C:\Users\ik_1DW3A\eclipse-workspace\reto3\db\usuarios.odb' is opened by 2360@HZ399404

[2024-04-26 12:41:17 #6 store] 
Configuration path: ?

[2024-04-26 12:41:17 #7 store] 
Database 'C:\Users\ik_1DW3A\eclipse-workspace\reto3\db\usuarios.odb' is closed by 2360@HZ399404

------------------------------------------------------------------------------------------------------------------------

[2024-04-26 12:42:13 #1 store] 
Database 'C:\Users\ik_1DW3A\eclipse-workspace\reto3\db\usuarios.odb' is opened by 9888@HZ399404

[2024-04-26 12:42:13 #2 store] 
Configuration path: ?

[2024-04-26 12:42:13 #3 type] 
Type definicion.Usuario is not enhanced.

[2024-04-26 12:42:13 #4 store] 
Database 'C:\Users\ik_1DW3A\eclipse-workspace\reto3\db\usuarios.odb' is closed by 9888@HZ399404

[2024-04-26 12:42:14 #5 store] 
Database 'C:\Users\ik_1DW3A\eclipse-workspace\reto3\db\usuarios.odb' is opened by 9888@HZ399404

[2024-04-26 12:42:14 #6 store] 
Configuration path: ?

[2024-04-26 12:42:14 #7 store] 
Database 'C:\Users\ik_1DW3A\eclipse-workspace\reto3\db\usuarios.odb' is closed by 9888@HZ399404

------------------------------------------------------------------------------------------------------------------------

[2024-04-26 12:48:10 #1 store] 
Database 'C:\Users\ik_1DW3A\eclipse-workspace\reto3\db\usuarios.odb' is opened by 11184@HZ399404

[2024-04-26 12:48:10 #2 store] 
Configuration path: ?

[2024-04-26 12:48:10 #3 type] 
Type definicion.Usuario is not enhanced.

[2024-04-26 12:48:10 #4 store] 
Database 'C:\Users\ik_1DW3A\eclipse-workspace\reto3\db\usuarios.odb' is closed by 11184@HZ399404

[2024-04-26 12:48:11 #5 store] 
Database 'C:\Users\ik_1DW3A\eclipse-workspace\reto3\db\usuarios.odb' is opened by 11184@HZ399404

[2024-04-26 12:48:11 #6 store] 
Configuration path: ?

[2024-04-26 12:48:11 #7 store] 
Database 'C:\Users\ik_1DW3A\eclipse-workspace\reto3\db\usuarios.odb' is closed by 11184@HZ399404

------------------------------------------------------------------------------------------------------------------------

[2024-04-26 12:48:23 #1 store] 
Database 'C:\Users\ik_1DW3A\eclipse-workspace\reto3\db\usuarios.odb' is opened by 6168@HZ399404

[2024-04-26 12:48:23 #2 store] 
Configuration path: ?

[2024-04-26 12:48:23 #3 type] 
Type definicion.Usuario is not enhanced.

[2024-04-26 12:48:23 #4 store] 
Database 'C:\Users\ik_1DW3A\eclipse-workspace\reto3\db\usuarios.odb' is closed by 6168@HZ399404

[2024-04-26 12:48:23 #5 store] 
Database 'C:\Users\ik_1DW3A\eclipse-workspace\reto3\db\usuarios.odb' is opened by 6168@HZ399404

[2024-04-26 12:48:23 #6 store] 
Configuration path: ?

[2024-04-26 12:48:23 #7 store] 
Database 'C:\Users\ik_1DW3A\eclipse-workspace\reto3\db\usuarios.odb' is closed by 6168@HZ399404

[2024-04-26 12:48:25 #8 store] 
Database 'C:\Users\ik_1DW3A\eclipse-workspace\reto3\db\usuarios.odb' is opened by 6168@HZ399404

[2024-04-26 12:48:25 #9 store] 
Configuration path: ?

[2024-04-26 12:48:25 #10 store] 
Database 'C:\Users\ik_1DW3A\eclipse-workspace\reto3\db\usuarios.odb' is closed by 6168@HZ399404

[2024-04-26 12:48:27 #11 store] 
Database 'C:\Users\ik_1DW3A\eclipse-workspace\reto3\db\usuarios.odb' is opened by 6168@HZ399404

[2024-04-26 12:48:27 #12 store] 
Configuration path: ?

[2024-04-26 12:48:27 #13 store] 
Database 'C:\Users\ik_1DW3A\eclipse-workspace\reto3\db\usuarios.odb' is closed by 6168@HZ399404

------------------------------------------------------------------------------------------------------------------------

[2024-04-26 12:51:32 #1 store] 
Database 'C:\Users\ik_1DW3A\eclipse-workspace\reto3\db\usuarios.odb' is opened by 6756@HZ399404

[2024-04-26 12:51:32 #2 store] 
Configuration path: ?

[2024-04-26 12:51:32 #3 type] 
Type definicion.Usuario is not enhanced.

[2024-04-26 12:51:32 #4 store] 
Database 'C:\Users\ik_1DW3A\eclipse-workspace\reto3\db\usuarios.odb' is closed by 6756@HZ399404

[2024-04-26 12:51:34 #5 store] 
Database 'C:\Users\ik_1DW3A\eclipse-workspace\reto3\db\usuarios.odb' is opened by 6756@HZ399404

[2024-04-26 12:51:34 #6 store] 
Configuration path: ?

[2024-04-26 12:51:34 #7 store] 
Database 'C:\Users\ik_1DW3A\eclipse-workspace\reto3\db\usuarios.odb' is closed by 6756@HZ399404

[2024-04-26 12:52:09 #8 store] 
Database 'C:\Users\ik_1DW3A\eclipse-workspace\reto3\db\usuarios.odb' is opened by 6756@HZ399404

[2024-04-26 12:52:09 #9 store] 
Configuration path: ?

[2024-04-26 12:52:09 #10 store] 
Database 'C:\Users\ik_1DW3A\eclipse-workspace\reto3\db\usuarios.odb' is closed by 6756@HZ399404

------------------------------------------------------------------------------------------------------------------------

[2024-04-26 12:52:59 #1 store] 
Database 'C:\Users\ik_1DW3A\eclipse-workspace\reto3\db\usuarios.odb' is opened by 12192@HZ399404

[2024-04-26 12:52:59 #2 store] 
Configuration path: ?

[2024-04-26 12:52:59 #3 type] 
Type definicion.Usuario is not enhanced.

[2024-04-26 12:52:59 #4 store] 
Database 'C:\Users\ik_1DW3A\eclipse-workspace\reto3\db\usuarios.odb' is closed by 12192@HZ399404

[2024-04-26 12:53:00 #5 store] 
Database 'C:\Users\ik_1DW3A\eclipse-workspace\reto3\db\usuarios.odb' is opened by 12192@HZ399404

[2024-04-26 12:53:00 #6 store] 
Configuration path: ?

[2024-04-26 12:53:00 #7 store] 
Database 'C:\Users\ik_1DW3A\eclipse-workspace\reto3\db\usuarios.odb' is closed by 12192@HZ399404

[2024-04-26 12:53:20 #8 store] 
Database 'C:\Users\ik_1DW3A\eclipse-workspace\reto3\db\usuarios.odb' is opened by 12192@HZ399404

[2024-04-26 12:53:20 #9 store] 
Configuration path: ?

[2024-04-26 12:53:20 #10 store] 
Database 'C:\Users\ik_1DW3A\eclipse-workspace\reto3\db\usuarios.odb' is closed by 12192@HZ399404

------------------------------------------------------------------------------------------------------------------------

[2024-04-26 12:54:45 #1 store] 
Database 'C:\Users\ik_1DW3A\eclipse-workspace\reto3\db\usuarios.odb' is opened by 11364@HZ399404

[2024-04-26 12:54:45 #2 store] 
Configuration path: ?

[2024-04-26 12:54:46 #3 type] 
Type definicion.Usuario is not enhanced.

[2024-04-26 12:54:46 #4 store] 
Database 'C:\Users\ik_1DW3A\eclipse-workspace\reto3\db\usuarios.odb' is closed by 11364@HZ399404

[2024-04-26 12:54:48 #5 store] 
Database 'C:\Users\ik_1DW3A\eclipse-workspace\reto3\db\usuarios.odb' is opened by 11364@HZ399404

[2024-04-26 12:54:48 #6 store] 
Configuration path: ?

[2024-04-26 12:54:48 #7 store] 
Database 'C:\Users\ik_1DW3A\eclipse-workspace\reto3\db\usuarios.odb' is closed by 11364@HZ399404

------------------------------------------------------------------------------------------------------------------------

[2024-04-26 12:58:49 #1 store] 
Database 'C:\Users\ik_1DW3A\eclipse-workspace\reto3\db\usuarios.odb' is opened by 9552@HZ399404

[2024-04-26 12:58:49 #2 store] 
Configuration path: ?

[2024-04-26 12:58:49 #3 type] 
Type definicion.Usuario is not enhanced.

[2024-04-26 12:58:49 #4 store] 
Database 'C:\Users\ik_1DW3A\eclipse-workspace\reto3\db\usuarios.odb' is closed by 9552@HZ399404

------------------------------------------------------------------------------------------------------------------------

[2024-04-26 12:58:57 #1 store] 
Database 'C:\Users\ik_1DW3A\eclipse-workspace\reto3\db\usuarios.odb' is opened by 9756@HZ399404

[2024-04-26 12:58:57 #2 store] 
Configuration path: ?

[2024-04-26 12:58:57 #3 type] 
Type definicion.Usuario is not enhanced.

[2024-04-26 12:58:57 #4 store] 
Database 'C:\Users\ik_1DW3A\eclipse-workspace\reto3\db\usuarios.odb' is closed by 9756@HZ399404

[2024-04-26 12:58:59 #5 store] 
Database 'C:\Users\ik_1DW3A\eclipse-workspace\reto3\db\usuarios.odb' is opened by 9756@HZ399404

[2024-04-26 12:58:59 #6 store] 
Configuration path: ?

[2024-04-26 12:58:59 #7 store] 
Database 'C:\Users\ik_1DW3A\eclipse-workspace\reto3\db\usuarios.odb' is closed by 9756@HZ399404

[2024-04-26 12:59:10 #8 store] 
Database 'C:\Users\ik_1DW3A\eclipse-workspace\reto3\db\usuarios.odb' is opened by 9756@HZ399404

[2024-04-26 12:59:10 #9 store] 
Configuration path: ?

[2024-04-26 12:59:10 #10 store] 
Database 'C:\Users\ik_1DW3A\eclipse-workspace\reto3\db\usuarios.odb' is closed by 9756@HZ399404

------------------------------------------------------------------------------------------------------------------------

[2024-04-26 13:01:39 #1 store] 
Database 'C:\Users\ik_1DW3A\eclipse-workspace\reto3\db\usuarios.odb' is opened by 11928@HZ399404

[2024-04-26 13:01:39 #2 store] 
Configuration path: ?

[2024-04-26 13:01:40 #3 type] 
Type definicion.Usuario is not enhanced.

[2024-04-26 13:01:40 #4 store] 
Database 'C:\Users\ik_1DW3A\eclipse-workspace\reto3\db\usuarios.odb' is closed by 11928@HZ399404

[2024-04-26 13:01:41 #5 store] 
Database 'C:\Users\ik_1DW3A\eclipse-workspace\reto3\db\usuarios.odb' is opened by 11928@HZ399404

[2024-04-26 13:01:41 #6 store] 
Configuration path: ?

[2024-04-26 13:01:41 #7 store] 
Database 'C:\Users\ik_1DW3A\eclipse-workspace\reto3\db\usuarios.odb' is closed by 11928@HZ399404

------------------------------------------------------------------------------------------------------------------------

[2024-04-26 13:05:13 #1 store] 
Database 'C:\Users\ik_1DW3A\eclipse-workspace\reto3\db\usuarios.odb' is opened by 11104@HZ399404

[2024-04-26 13:05:13 #2 store] 
Configuration path: ?

[2024-04-26 13:05:13 #3 type] 
Type definicion.Usuario is not enhanced.

[2024-04-26 13:05:13 #4 store] 
Database 'C:\Users\ik_1DW3A\eclipse-workspace\reto3\db\usuarios.odb' is closed by 11104@HZ399404

[2024-04-26 13:05:13 #5 store] 
Database 'C:\Users\ik_1DW3A\eclipse-workspace\reto3\db\usuarios.odb' is opened by 11104@HZ399404

[2024-04-26 13:05:13 #6 store] 
Configuration path: ?

[2024-04-26 13:05:13 #7 store] 
Database 'C:\Users\ik_1DW3A\eclipse-workspace\reto3\db\usuarios.odb' is closed by 11104@HZ399404

[2024-04-26 13:05:15 #8 store] 
Database 'C:\Users\ik_1DW3A\eclipse-workspace\reto3\db\usuarios.odb' is opened by 11104@HZ399404

[2024-04-26 13:05:15 #9 store] 
Configuration path: ?

[2024-04-26 13:05:15 #10 store] 
Database 'C:\Users\ik_1DW3A\eclipse-workspace\reto3\db\usuarios.odb' is closed by 11104@HZ399404

[2024-04-26 13:05:16 #11 store] 
Database 'C:\Users\ik_1DW3A\eclipse-workspace\reto3\db\usuarios.odb' is opened by 11104@HZ399404

[2024-04-26 13:05:16 #12 store] 
Configuration path: ?

[2024-04-26 13:05:16 #13 store] 
Database 'C:\Users\ik_1DW3A\eclipse-workspace\reto3\db\usuarios.odb' is closed by 11104@HZ399404

[2024-04-26 13:05:30 #14 store] 
Database 'C:\Users\ik_1DW3A\eclipse-workspace\reto3\db\usuarios.odb' is opened by 11104@HZ399404

[2024-04-26 13:05:30 #15 store] 
Configuration path: ?

[2024-04-26 13:05:30 #16 store] 
Database 'C:\Users\ik_1DW3A\eclipse-workspace\reto3\db\usuarios.odb' is closed by 11104@HZ399404

------------------------------------------------------------------------------------------------------------------------

[2024-04-26 13:09:27 #1 store] 
Database 'C:\Users\ik_1DW3A\eclipse-workspace\reto3\db\usuarios.odb' is opened by 11760@HZ399404

[2024-04-26 13:09:27 #2 store] 
Configuration path: ?

[2024-04-26 13:09:27 #3 type] 
Type definicion.Usuario is not enhanced.

[2024-04-26 13:09:27 #4 store] 
Database 'C:\Users\ik_1DW3A\eclipse-workspace\reto3\db\usuarios.odb' is closed by 11760@HZ399404

[2024-04-26 13:09:27 #5 store] 
Database 'C:\Users\ik_1DW3A\eclipse-workspace\reto3\db\usuarios.odb' is opened by 11760@HZ399404

[2024-04-26 13:09:27 #6 store] 
Configuration path: ?

[2024-04-26 13:09:27 #7 store] 
Database 'C:\Users\ik_1DW3A\eclipse-workspace\reto3\db\usuarios.odb' is closed by 11760@HZ399404

[2024-04-26 13:09:29 #8 store] 
Database 'C:\Users\ik_1DW3A\eclipse-workspace\reto3\db\usuarios.odb' is opened by 11760@HZ399404

[2024-04-26 13:09:29 #9 store] 
Configuration path: ?

[2024-04-26 13:09:29 #10 store] 
Database 'C:\Users\ik_1DW3A\eclipse-workspace\reto3\db\usuarios.odb' is closed by 11760@HZ399404

[2024-04-26 13:09:30 #11 store] 
Database 'C:\Users\ik_1DW3A\eclipse-workspace\reto3\db\usuarios.odb' is opened by 11760@HZ399404

[2024-04-26 13:09:30 #12 store] 
Configuration path: ?

[2024-04-26 13:09:30 #13 store] 
Database 'C:\Users\ik_1DW3A\eclipse-workspace\reto3\db\usuarios.odb' is closed by 11760@HZ399404

[2024-04-26 13:10:20 #14 store] 
Database 'C:\Users\ik_1DW3A\eclipse-workspace\reto3\db\usuarios.odb' is opened by 11760@HZ399404

[2024-04-26 13:10:20 #15 store] 
Configuration path: ?

[2024-04-26 13:10:20 #16 store] 
Database 'C:\Users\ik_1DW3A\eclipse-workspace\reto3\db\usuarios.odb' is closed by 11760@HZ399404

------------------------------------------------------------------------------------------------------------------------

[2024-04-26 13:48:04 #1 store] 
Database 'C:\Users\ik_1DW3A\eclipse-workspace\reto3\db\usuarios.odb' is opened by 5968@HZ399404

[2024-04-26 13:48:04 #2 store] 
Configuration path: ?

[2024-04-26 13:48:04 #3 type] 
Type definicion.Usuario is not enhanced.

[2024-04-26 13:48:04 #4 store] 
Database 'C:\Users\ik_1DW3A\eclipse-workspace\reto3\db\usuarios.odb' is closed by 5968@HZ399404

------------------------------------------------------------------------------------------------------------------------

[2024-04-26 13:49:17 #1 store] 
Database 'C:\Users\ik_1DW3A\eclipse-workspace\reto3\db\usuarios.odb' is opened by 10616@HZ399404

[2024-04-26 13:49:17 #2 store] 
Configuration path: ?

[2024-04-26 13:49:17 #3 type] 
Type definicion.Usuario is not enhanced.

[2024-04-26 13:49:17 #4 store] 
Database 'C:\Users\ik_1DW3A\eclipse-workspace\reto3\db\usuarios.odb' is closed by 10616@HZ399404

------------------------------------------------------------------------------------------------------------------------

[2024-04-26 13:50:18 #1 store] 
Database 'C:\Users\ik_1DW3A\eclipse-workspace\reto3\db\usuarios.odb' is opened by 4592@HZ399404

[2024-04-26 13:50:18 #2 store] 
Configuration path: ?

[2024-04-26 13:50:18 #3 type] 
Type definicion.Usuario is not enhanced.

[2024-04-26 13:50:18 #4 store] 
Database 'C:\Users\ik_1DW3A\eclipse-workspace\reto3\db\usuarios.odb' is closed by 4592@HZ399404

------------------------------------------------------------------------------------------------------------------------

[2024-04-26 13:52:05 #1 store] 
Database 'C:\Users\ik_1DW3A\eclipse-workspace\reto3\db\usuarios.odb' is opened by 6440@HZ399404

[2024-04-26 13:52:05 #2 store] 
Configuration path: ?

[2024-04-26 13:52:05 #3 type] 
Type definicion.Usuario is not enhanced.

[2024-04-26 13:52:05 #4 store] 
Database 'C:\Users\ik_1DW3A\eclipse-workspace\reto3\db\usuarios.odb' is closed by 6440@HZ399404

[2024-04-26 13:52:05 #5 store] 
Database 'C:\Users\ik_1DW3A\eclipse-workspace\reto3\db\usuarios.odb' is opened by 6440@HZ399404

[2024-04-26 13:52:05 #6 store] 
Configuration path: ?

[2024-04-26 13:52:05 #7 store] 
Database 'C:\Users\ik_1DW3A\eclipse-workspace\reto3\db\usuarios.odb' is closed by 6440@HZ399404

[2024-04-26 13:52:07 #8 store] 
Database 'C:\Users\ik_1DW3A\eclipse-workspace\reto3\db\usuarios.odb' is opened by 6440@HZ399404

[2024-04-26 13:52:07 #9 store] 
Configuration path: ?

[2024-04-26 13:52:07 #10 store] 
Database 'C:\Users\ik_1DW3A\eclipse-workspace\reto3\db\usuarios.odb' is closed by 6440@HZ399404

[2024-04-26 13:52:08 #11 store] 
Database 'C:\Users\ik_1DW3A\eclipse-workspace\reto3\db\usuarios.odb' is opened by 6440@HZ399404

[2024-04-26 13:52:08 #12 store] 
Configuration path: ?

[2024-04-26 13:52:08 #13 store] 
Database 'C:\Users\ik_1DW3A\eclipse-workspace\reto3\db\usuarios.odb' is closed by 6440@HZ399404

------------------------------------------------------------------------------------------------------------------------

[2024-04-26 13:53:58 #1 store] 
Database 'C:\Users\ik_1DW3A\eclipse-workspace\reto3\db\usuarios.odb' is opened by 5304@HZ399404

[2024-04-26 13:53:58 #2 store] 
Configuration path: ?

[2024-04-26 13:53:58 #3 type] 
Type definicion.Usuario is not enhanced.

[2024-04-26 13:53:58 #4 store] 
Database 'C:\Users\ik_1DW3A\eclipse-workspace\reto3\db\usuarios.odb' is closed by 5304@HZ399404

[2024-04-26 13:53:59 #5 store] 
Database 'C:\Users\ik_1DW3A\eclipse-workspace\reto3\db\usuarios.odb' is opened by 5304@HZ399404

[2024-04-26 13:53:59 #6 store] 
Configuration path: ?

[2024-04-26 13:53:59 #7 store] 
Database 'C:\Users\ik_1DW3A\eclipse-workspace\reto3\db\usuarios.odb' is closed by 5304@HZ399404

------------------------------------------------------------------------------------------------------------------------

[2024-04-26 13:57:13 #1 store] 
Database 'C:\Users\ik_1DW3A\eclipse-workspace\reto3\db\usuarios.odb' is opened by 1808@HZ399404

[2024-04-26 13:57:13 #2 store] 
Configuration path: ?

[2024-04-26 13:57:13 #3 type] 
Type definicion.Usuario is not enhanced.

[2024-04-26 13:57:13 #4 store] 
Database 'C:\Users\ik_1DW3A\eclipse-workspace\reto3\db\usuarios.odb' is closed by 1808@HZ399404

------------------------------------------------------------------------------------------------------------------------

[2024-04-26 13:58:46 #1 store] 
Database 'C:\Users\ik_1DW3A\eclipse-workspace\reto3\db\usuarios.odb' is opened by 1580@HZ399404

[2024-04-26 13:58:46 #2 store] 
Configuration path: ?

[2024-04-26 13:58:46 #3 type] 
Type definicion.Usuario is not enhanced.

[2024-04-26 13:58:46 #4 store] 
Database 'C:\Users\ik_1DW3A\eclipse-workspace\reto3\db\usuarios.odb' is closed by 1580@HZ399404

------------------------------------------------------------------------------------------------------------------------

[2024-04-26 13:59:50 #1 store] 
Database 'C:\Users\ik_1DW3A\eclipse-workspace\reto3\db\usuarios.odb' is opened by 11480@HZ399404

[2024-04-26 13:59:50 #2 store] 
Configuration path: ?

[2024-04-26 13:59:50 #3 type] 
Type definicion.Usuario is not enhanced.

[2024-04-26 13:59:50 #4 store] 
Database 'C:\Users\ik_1DW3A\eclipse-workspace\reto3\db\usuarios.odb' is closed by 11480@HZ399404

[2024-04-26 13:59:51 #5 store] 
Database 'C:\Users\ik_1DW3A\eclipse-workspace\reto3\db\usuarios.odb' is opened by 11480@HZ399404

[2024-04-26 13:59:51 #6 store] 
Configuration path: ?

[2024-04-26 13:59:51 #7 store] 
Database 'C:\Users\ik_1DW3A\eclipse-workspace\reto3\db\usuarios.odb' is closed by 11480@HZ399404

[2024-04-26 13:59:56 #8 store] 
Database 'C:\Users\ik_1DW3A\eclipse-workspace\reto3\db\usuarios.odb' is opened by 11480@HZ399404

[2024-04-26 13:59:56 #9 store] 
Configuration path: ?

[2024-04-26 13:59:56 #10 store] 
Database 'C:\Users\ik_1DW3A\eclipse-workspace\reto3\db\usuarios.odb' is closed by 11480@HZ399404

------------------------------------------------------------------------------------------------------------------------

[2024-04-26 14:12:05 #1 store] 
Database 'C:\Users\ik_1DW3A\eclipse-workspace\reto3\db\usuarios.odb' is opened by 12024@HZ399404

[2024-04-26 14:12:05 #2 store] 
Configuration path: ?

[2024-04-26 14:12:05 #3 type] 
Type definicion.Usuario is not enhanced.

[2024-04-26 14:12:05 #4 store] 
Database 'C:\Users\ik_1DW3A\eclipse-workspace\reto3\db\usuarios.odb' is closed by 12024@HZ399404

------------------------------------------------------------------------------------------------------------------------

[2024-04-26 14:12:57 #1 store] 
Database 'C:\Users\ik_1DW3A\eclipse-workspace\reto3\db\usuarios.odb' is opened by 9336@HZ399404

[2024-04-26 14:12:57 #2 store] 
Configuration path: ?

[2024-04-26 14:12:57 #3 type] 
Type definicion.Usuario is not enhanced.

[2024-04-26 14:12:57 #4 store] 
Database 'C:\Users\ik_1DW3A\eclipse-workspace\reto3\db\usuarios.odb' is closed by 9336@HZ399404

[2024-04-26 14:12:58 #5 store] 
Database 'C:\Users\ik_1DW3A\eclipse-workspace\reto3\db\usuarios.odb' is opened by 9336@HZ399404

[2024-04-26 14:12:58 #6 store] 
Configuration path: ?

[2024-04-26 14:12:58 #7 store] 
Database 'C:\Users\ik_1DW3A\eclipse-workspace\reto3\db\usuarios.odb' is closed by 9336@HZ399404

[2024-04-26 14:13:00 #8 store] 
Database 'C:\Users\ik_1DW3A\eclipse-workspace\reto3\db\usuarios.odb' is opened by 9336@HZ399404

[2024-04-26 14:13:00 #9 store] 
Configuration path: ?

[2024-04-26 14:13:00 #10 store] 
Database 'C:\Users\ik_1DW3A\eclipse-workspace\reto3\db\usuarios.odb' is closed by 9336@HZ399404

[2024-04-26 14:13:01 #11 store] 
Database 'C:\Users\ik_1DW3A\eclipse-workspace\reto3\db\usuarios.odb' is opened by 9336@HZ399404

[2024-04-26 14:13:01 #12 store] 
Configuration path: ?

[2024-04-26 14:13:01 #13 store] 
Database 'C:\Users\ik_1DW3A\eclipse-workspace\reto3\db\usuarios.odb' is closed by 9336@HZ399404

------------------------------------------------------------------------------------------------------------------------

[2024-04-26 14:18:41 #1 store] 
Database 'C:\Users\ik_1DW3A\eclipse-workspace\reto3\db\usuarios.odb' is opened by 11260@HZ399404

[2024-04-26 14:18:41 #2 store] 
Configuration path: ?

[2024-04-26 14:18:41 #3 type] 
Type definicion.Usuario is not enhanced.

[2024-04-26 14:18:41 #4 store] 
Database 'C:\Users\ik_1DW3A\eclipse-workspace\reto3\db\usuarios.odb' is closed by 11260@HZ399404

[2024-04-26 14:18:50 #5 store] 
Database 'C:\Users\ik_1DW3A\eclipse-workspace\reto3\db\usuarios.odb' is opened by 11260@HZ399404

[2024-04-26 14:18:50 #6 store] 
Configuration path: ?

[2024-04-26 14:18:50 #7 store] 
Database 'C:\Users\ik_1DW3A\eclipse-workspace\reto3\db\usuarios.odb' is closed by 11260@HZ399404

------------------------------------------------------------------------------------------------------------------------

[2024-04-26 14:19:13 #1 store] 
Database 'C:\Users\ik_1DW3A\eclipse-workspace\reto3\db\usuarios.odb' is opened by 11836@HZ399404

[2024-04-26 14:19:13 #2 store] 
Configuration path: ?

[2024-04-26 14:19:13 #3 type] 
Type definicion.Usuario is not enhanced.

[2024-04-26 14:19:13 #4 store] 
Database 'C:\Users\ik_1DW3A\eclipse-workspace\reto3\db\usuarios.odb' is closed by 11836@HZ399404

[2024-04-26 14:19:14 #5 store] 
Database 'C:\Users\ik_1DW3A\eclipse-workspace\reto3\db\usuarios.odb' is opened by 11836@HZ399404

[2024-04-26 14:19:14 #6 store] 
Configuration path: ?

[2024-04-26 14:19:14 #7 store] 
Database 'C:\Users\ik_1DW3A\eclipse-workspace\reto3\db\usuarios.odb' is closed by 11836@HZ399404

------------------------------------------------------------------------------------------------------------------------

[2024-04-26 14:19:39 #1 store] 
Database 'C:\Users\ik_1DW3A\eclipse-workspace\reto3\db\usuarios.odb' is opened by 7060@HZ399404

[2024-04-26 14:19:39 #2 store] 
Configuration path: ?

[2024-04-26 14:19:39 #3 type] 
Type definicion.Usuario is not enhanced.

[2024-04-26 14:19:39 #4 store] 
Database 'C:\Users\ik_1DW3A\eclipse-workspace\reto3\db\usuarios.odb' is closed by 7060@HZ399404

[2024-04-26 14:19:39 #5 store] 
Database 'C:\Users\ik_1DW3A\eclipse-workspace\reto3\db\usuarios.odb' is opened by 7060@HZ399404

[2024-04-26 14:19:39 #6 store] 
Configuration path: ?

[2024-04-26 14:19:39 #7 store] 
Database 'C:\Users\ik_1DW3A\eclipse-workspace\reto3\db\usuarios.odb' is closed by 7060@HZ399404

[2024-04-26 14:19:41 #8 store] 
Database 'C:\Users\ik_1DW3A\eclipse-workspace\reto3\db\usuarios.odb' is opened by 7060@HZ399404

[2024-04-26 14:19:41 #9 store] 
Configuration path: ?

[2024-04-26 14:19:41 #10 store] 
Database 'C:\Users\ik_1DW3A\eclipse-workspace\reto3\db\usuarios.odb' is closed by 7060@HZ399404

[2024-04-26 14:19:42 #11 store] 
Database 'C:\Users\ik_1DW3A\eclipse-workspace\reto3\db\usuarios.odb' is opened by 7060@HZ399404

[2024-04-26 14:19:42 #12 store] 
Configuration path: ?

[2024-04-26 14:19:42 #13 store] 
Database 'C:\Users\ik_1DW3A\eclipse-workspace\reto3\db\usuarios.odb' is closed by 7060@HZ399404

